TN:testAll
SF:/home/yuanqin/myproject/DataX/src/Common/ByteData.h
FN:12,_ZN9CByteDataC2EPvmPFvS0_E
FN:31,_ZN9CByteDataD2Ev
FN:45,_ZNK9CByteData7GetDataEv
FN:46,_ZNK9CByteData9GetLengthEv
FN:47,_ZNK9CByteData6IsNullEv
FNDA:0,_ZN9CByteDataC2EPvmPFvS0_E
FNDA:0,_ZN9CByteDataD2Ev
FNDA:0,_ZNK9CByteData7GetDataEv
FNDA:0,_ZNK9CByteData9GetLengthEv
FNDA:47,_ZNK9CByteData6IsNullEv
FNF:5
FNH:1
DA:12,0
DA:18,0
DA:20,0
DA:21,0
DA:31,0
DA:32,0
DA:33,0
DA:34,0
DA:36,0
DA:45,0
DA:46,0
DA:47,47
LF:12
LH:1
end_of_record
SF:/home/yuanqin/myproject/DataX/src/Thread/Lock.h
FN:18,_ZN16CCriticalSectionD2Ev
FN:24,_ZN16CCriticalSection4LockEv
FN:30,_ZN16CCriticalSection6UnlockEv
FN:54,_ZN12CSectionLockC2ER16CCriticalSection
FN:59,_ZN12CSectionLockD2Ev
FNDA:0,_ZN16CCriticalSectionD2Ev
FNDA:0,_ZN16CCriticalSection4LockEv
FNDA:0,_ZN16CCriticalSection6UnlockEv
FNDA:0,_ZN12CSectionLockC2ER16CCriticalSection
FNDA:0,_ZN12CSectionLockD2Ev
FNF:5
FNH:0
DA:18,0
DA:19,0
DA:20,0
DA:21,0
DA:22,0
DA:24,0
DA:26,0
DA:27,0
DA:28,0
DA:30,0
DA:32,0
DA:33,0
DA:34,0
DA:35,0
DA:54,0
DA:56,0
DA:57,0
DA:59,0
DA:60,0
DA:61,0
DA:62,0
LF:21
LH:0
end_of_record
SF:/usr/include/c++/5/bits/alloc_traits.h
FN:490,_ZNSt16allocator_traitsISaISt13_Rb_tree_nodeISt4pairIKPKcPN11CKeyValueDB15EnvironmentDataEEEEE8allocateERSA_m
FN:516,_ZNSt16allocator_traitsISaISt13_Rb_tree_nodeISt4pairIKPKcPN11CKeyValueDB15EnvironmentDataEEEEE10deallocateERSA_PS9_m
FN:529,_ZNSt16allocator_traitsISaISt13_Rb_tree_nodeISt4pairIKPKcPN11CKeyValueDB15EnvironmentDataEEEEE9constructIS8_JS8_EEEvRSA_PT_DpOT0_
FN:541,_ZNSt16allocator_traitsISaISt13_Rb_tree_nodeISt4pairIKPKcPN11CKeyValueDB15EnvironmentDataEEEEE7destroyIS8_EEvRSA_PT_
FNDA:6,_ZNSt16allocator_traitsISaISt13_Rb_tree_nodeISt4pairIKPKcPN11CKeyValueDB15EnvironmentDataEEEEE8allocateERSA_m
FNDA:6,_ZNSt16allocator_traitsISaISt13_Rb_tree_nodeISt4pairIKPKcPN11CKeyValueDB15EnvironmentDataEEEEE10deallocateERSA_PS9_m
FNDA:6,_ZNSt16allocator_traitsISaISt13_Rb_tree_nodeISt4pairIKPKcPN11CKeyValueDB15EnvironmentDataEEEEE9constructIS8_JS8_EEEvRSA_PT_DpOT0_
FNDA:6,_ZNSt16allocator_traitsISaISt13_Rb_tree_nodeISt4pairIKPKcPN11CKeyValueDB15EnvironmentDataEEEEE7destroyIS8_EEvRSA_PT_
FNF:4
FNH:4
DA:490,6
DA:491,6
DA:516,6
DA:517,6
DA:529,6
DA:530,6
DA:541,6
DA:542,6
LF:8
LH:8
end_of_record
SF:/usr/include/c++/5/bits/allocator.h
FN:113,_ZNSaISt4pairIKPKcPN11CKeyValueDB15EnvironmentDataEEEC2Ev
FN:115,_ZNSaISt13_Rb_tree_nodeISt4pairIKPKcPN11CKeyValueDB15EnvironmentDataEEEEC2ERKS9_
FN:115,_ZNSaISt4pairIKPKcPN11CKeyValueDB15EnvironmentDataEEEC2ERKS7_
FN:119,_ZNSaISt13_Rb_tree_nodeISt4pairIKPKcPN11CKeyValueDB15EnvironmentDataEEEEC2IS7_EERKSaIT_E
FN:121,_ZNSaISt13_Rb_tree_nodeISt4pairIKPKcPN11CKeyValueDB15EnvironmentDataEEEED2Ev
FN:121,_ZNSaISt4pairIKPKcPN11CKeyValueDB15EnvironmentDataEEED2Ev
FNDA:1,_ZNSaISt4pairIKPKcPN11CKeyValueDB15EnvironmentDataEEEC2Ev
FNDA:1,_ZNSaISt13_Rb_tree_nodeISt4pairIKPKcPN11CKeyValueDB15EnvironmentDataEEEEC2ERKS9_
FNDA:1,_ZNSaISt4pairIKPKcPN11CKeyValueDB15EnvironmentDataEEEC2ERKS7_
FNDA:1,_ZNSaISt13_Rb_tree_nodeISt4pairIKPKcPN11CKeyValueDB15EnvironmentDataEEEEC2IS7_EERKSaIT_E
FNDA:2,_ZNSaISt13_Rb_tree_nodeISt4pairIKPKcPN11CKeyValueDB15EnvironmentDataEEEED2Ev
FNDA:2,_ZNSaISt4pairIKPKcPN11CKeyValueDB15EnvironmentDataEEED2Ev
FNF:6
FNH:6
DA:113,1
DA:115,2
DA:116,2
DA:119,1
DA:121,4
LF:5
LH:5
end_of_record
SF:/usr/include/c++/5/bits/move.h
FN:76,_ZSt7forwardIRPSt13_Rb_tree_nodeISt4pairIKPKcPN11CKeyValueDB15EnvironmentDataEEEEOT_RNSt16remove_referenceISC_E4typeE
FN:76,_ZSt7forwardISt17_Rb_tree_iteratorISt4pairIKPKcPN11CKeyValueDB15EnvironmentDataEEEEOT_RNSt16remove_referenceISA_E4typeE
FN:76,_ZSt7forwardIRPN11CKeyValueDB15EnvironmentDataEEOT_RNSt16remove_referenceIS4_E4typeE
FN:76,_ZSt7forwardIRPSt18_Rb_tree_node_baseEOT_RNSt16remove_referenceIS3_E4typeE
FN:76,_ZSt7forwardISt4pairIKPKcPN11CKeyValueDB15EnvironmentDataEEEOT_RNSt16remove_referenceIS8_E4typeE
FN:76,_ZSt7forwardIRPKcEOT_RNSt16remove_referenceIS3_E4typeE
FN:76,_ZSt7forwardIbEOT_RNSt16remove_referenceIS0_E4typeE
FN:101,_ZSt4moveIRSaISt13_Rb_tree_nodeISt4pairIKPKcPN11CKeyValueDB15EnvironmentDataEEEEEONSt16remove_referenceIT_E4typeEOSD_
FNDA:0,_ZSt7forwardIRPSt18_Rb_tree_node_baseEOT_RNSt16remove_referenceIS3_E4typeE
FNDA:12,_ZSt7forwardIRPSt13_Rb_tree_nodeISt4pairIKPKcPN11CKeyValueDB15EnvironmentDataEEEEOT_RNSt16remove_referenceISC_E4typeE
FNDA:0,_ZSt7forwardIbEOT_RNSt16remove_referenceIS0_E4typeE
FNDA:6,_ZSt7forwardISt17_Rb_tree_iteratorISt4pairIKPKcPN11CKeyValueDB15EnvironmentDataEEEEOT_RNSt16remove_referenceISA_E4typeE
FNDA:48,_ZSt7forwardISt4pairIKPKcPN11CKeyValueDB15EnvironmentDataEEEOT_RNSt16remove_referenceIS8_E4typeE
FNDA:6,_ZSt7forwardIRPN11CKeyValueDB15EnvironmentDataEEOT_RNSt16remove_referenceIS4_E4typeE
FNDA:0,_ZSt7forwardIRPKcEOT_RNSt16remove_referenceIS3_E4typeE
FNDA:1,_ZSt4moveIRSaISt13_Rb_tree_nodeISt4pairIKPKcPN11CKeyValueDB15EnvironmentDataEEEEEONSt16remove_referenceIT_E4typeEOSD_
FNF:8
FNH:5
DA:76,72
DA:77,72
DA:101,1
DA:102,1
LF:4
LH:4
end_of_record
SF:/usr/include/c++/5/bits/stl_function.h
FN:887,_ZNKSt10_Select1stISt4pairIKPKcPN11CKeyValueDB15EnvironmentDataEEEclERS7_
FN:891,_ZNKSt10_Select1stISt4pairIKPKcPN11CKeyValueDB15EnvironmentDataEEEclERKS7_
FNDA:6,_ZNKSt10_Select1stISt4pairIKPKcPN11CKeyValueDB15EnvironmentDataEEEclERS7_
FNDA:12,_ZNKSt10_Select1stISt4pairIKPKcPN11CKeyValueDB15EnvironmentDataEEEclERKS7_
FNF:2
FNH:2
DA:887,6
DA:888,6
DA:891,12
DA:892,12
LF:4
LH:4
end_of_record
SF:/usr/include/c++/5/bits/stl_map.h
FN:96,_ZNSt3mapIPKcPN11CKeyValueDB15EnvironmentDataEPFbS1_S1_ESaISt4pairIKS1_S4_EEED2Ev
FN:174,_ZNSt3mapIPKcPN11CKeyValueDB15EnvironmentDataEPFbS1_S1_ESaISt4pairIKS1_S4_EEEC2ERKS6_RKSA_
FN:356,_ZNSt3mapIPKcPN11CKeyValueDB15EnvironmentDataEPFbS1_S1_ESaISt4pairIKS1_S4_EEE3endEv
FN:620,_ZNSt3mapIPKcPN11CKeyValueDB15EnvironmentDataEPFbS1_S1_ESaISt4pairIKS1_S4_EEE6insertIS9_vEES7_ISt17_Rb_tree_iteratorIS9_EbEOT_
FN:714,_ZNSt3mapIPKcPN11CKeyValueDB15EnvironmentDataEPFbS1_S1_ESaISt4pairIKS1_S4_EEE5eraseB5cxx11ESt17_Rb_tree_iteratorIS9_E
FN:845,_ZNSt3mapIPKcPN11CKeyValueDB15EnvironmentDataEPFbS1_S1_ESaISt4pairIKS1_S4_EEE4findERS8_
FNDA:1,_ZNSt3mapIPKcPN11CKeyValueDB15EnvironmentDataEPFbS1_S1_ESaISt4pairIKS1_S4_EEED2Ev
FNDA:1,_ZNSt3mapIPKcPN11CKeyValueDB15EnvironmentDataEPFbS1_S1_ESaISt4pairIKS1_S4_EEEC2ERKS6_RKSA_
FNDA:12,_ZNSt3mapIPKcPN11CKeyValueDB15EnvironmentDataEPFbS1_S1_ESaISt4pairIKS1_S4_EEE3endEv
FNDA:6,_ZNSt3mapIPKcPN11CKeyValueDB15EnvironmentDataEPFbS1_S1_ESaISt4pairIKS1_S4_EEE6insertIS9_vEES7_ISt17_Rb_tree_iteratorIS9_EbEOT_
FNDA:6,_ZNSt3mapIPKcPN11CKeyValueDB15EnvironmentDataEPFbS1_S1_ESaISt4pairIKS1_S4_EEE5eraseB5cxx11ESt17_Rb_tree_iteratorIS9_E
FNDA:12,_ZNSt3mapIPKcPN11CKeyValueDB15EnvironmentDataEPFbS1_S1_ESaISt4pairIKS1_S4_EEE4findERS8_
FNF:6
FNH:6
DA:96,1
DA:174,1
DA:176,1
DA:356,12
DA:357,12
DA:620,6
DA:621,6
DA:714,6
DA:715,6
DA:845,12
DA:846,12
LF:11
LH:11
end_of_record
SF:/usr/include/c++/5/bits/stl_pair.h
FN:133,_ZNSt4pairIPSt18_Rb_tree_node_baseS1_EC2IRS1_vEEOT_RKS1_
FN:144,_ZNSt4pairIKPKcPN11CKeyValueDB15EnvironmentDataEEC1IRS1_RS5_vEEOT_OT0_
FN:144,_ZNSt4pairISt17_Rb_tree_iteratorIS_IKPKcPN11CKeyValueDB15EnvironmentDataEEEbEC2IS8_bvEEOT_OT0_
FN:144,_ZNSt4pairIPSt18_Rb_tree_node_baseS1_EC2IRPSt13_Rb_tree_nodeIS_IKPKcPN11CKeyValueDB15EnvironmentDataEEESE_vEEOT_OT0_
FNDA:0,_ZNSt4pairIPSt18_Rb_tree_node_baseS1_EC2IRS1_vEEOT_RKS1_
FNDA:6,_ZNSt4pairIPSt18_Rb_tree_node_baseS1_EC2IRPSt13_Rb_tree_nodeIS_IKPKcPN11CKeyValueDB15EnvironmentDataEEESE_vEEOT_OT0_
FNDA:6,_ZNSt4pairISt17_Rb_tree_iteratorIS_IKPKcPN11CKeyValueDB15EnvironmentDataEEEbEC2IS8_bvEEOT_OT0_
FNDA:6,_ZNSt4pairIKPKcPN11CKeyValueDB15EnvironmentDataEEC1IRS1_RS5_vEEOT_OT0_
FNF:4
FNH:3
DA:133,0
DA:134,0
DA:144,18
DA:145,18
LF:4
LH:2
end_of_record
SF:/usr/include/c++/5/bits/stl_tree.h
FN:94,_ZNSt18_Rb_tree_node_baseC2Ev
FN:134,_ZNSt13_Rb_tree_nodeISt4pairIKPKcPN11CKeyValueDB15EnvironmentDataEEEC2Ev
FN:152,_ZNSt13_Rb_tree_nodeISt4pairIKPKcPN11CKeyValueDB15EnvironmentDataEEE9_M_valptrEv
FN:156,_ZNKSt13_Rb_tree_nodeISt4pairIKPKcPN11CKeyValueDB15EnvironmentDataEEE9_M_valptrEv
FN:191,_ZNSt17_Rb_tree_iteratorISt4pairIKPKcPN11CKeyValueDB15EnvironmentDataEEEC2EPSt18_Rb_tree_node_base
FN:199,_ZNKSt17_Rb_tree_iteratorISt4pairIKPKcPN11CKeyValueDB15EnvironmentDataEEEptEv
FN:203,_ZNSt17_Rb_tree_iteratorISt4pairIKPKcPN11CKeyValueDB15EnvironmentDataEEEppEv
FN:218,_ZNSt17_Rb_tree_iteratorISt4pairIKPKcPN11CKeyValueDB15EnvironmentDataEEEmmEv
FN:233,_ZNKSt17_Rb_tree_iteratorISt4pairIKPKcPN11CKeyValueDB15EnvironmentDataEEEeqERKS8_
FN:237,_ZNKSt17_Rb_tree_iteratorISt4pairIKPKcPN11CKeyValueDB15EnvironmentDataEEEneERKS8_
FN:266,_ZNSt23_Rb_tree_const_iteratorISt4pairIKPKcPN11CKeyValueDB15EnvironmentDataEEEC2ERKSt17_Rb_tree_iteratorIS7_E
FN:449,_ZNSt8_Rb_treeIPKcSt4pairIKS1_PN11CKeyValueDB15EnvironmentDataEESt10_Select1stIS7_EPFbS1_S1_ESaIS7_EE11_Alloc_nodeC2ERSD_
FN:457,_ZNKSt8_Rb_treeIPKcSt4pairIKS1_PN11CKeyValueDB15EnvironmentDataEESt10_Select1stIS7_EPFbS1_S1_ESaIS7_EE11_Alloc_nodeclIS7_EEPSt13_Rb_tree_nodeIS7_EOT_
FN:477,_ZNSt8_Rb_treeIPKcSt4pairIKS1_PN11CKeyValueDB15EnvironmentDataEESt10_Select1stIS7_EPFbS1_S1_ESaIS7_EE21_M_get_Node_allocatorEv
FN:490,_ZNSt8_Rb_treeIPKcSt4pairIKS1_PN11CKeyValueDB15EnvironmentDataEESt10_Select1stIS7_EPFbS1_S1_ESaIS7_EE11_M_get_nodeEv
FN:494,_ZNSt8_Rb_treeIPKcSt4pairIKS1_PN11CKeyValueDB15EnvironmentDataEESt10_Select1stIS7_EPFbS1_S1_ESaIS7_EE11_M_put_nodeEPSt13_Rb_tree_nodeIS7_E
FN:524,_ZNSt8_Rb_treeIPKcSt4pairIKS1_PN11CKeyValueDB15EnvironmentDataEESt10_Select1stIS7_EPFbS1_S1_ESaIS7_EE17_M_construct_nodeIJS7_EEEvPSt13_Rb_tree_nodeIS7_EDpOT_
FN:543,_ZNSt8_Rb_treeIPKcSt4pairIKS1_PN11CKeyValueDB15EnvironmentDataEESt10_Select1stIS7_EPFbS1_S1_ESaIS7_EE14_M_create_nodeIJS7_EEEPSt13_Rb_tree_nodeIS7_EDpOT_
FN:551,_ZNSt8_Rb_treeIPKcSt4pairIKS1_PN11CKeyValueDB15EnvironmentDataEESt10_Select1stIS7_EPFbS1_S1_ESaIS7_EE15_M_destroy_nodeEPSt13_Rb_tree_nodeIS7_E
FN:559,_ZNSt8_Rb_treeIPKcSt4pairIKS1_PN11CKeyValueDB15EnvironmentDataEESt10_Select1stIS7_EPFbS1_S1_ESaIS7_EE12_M_drop_nodeEPSt13_Rb_tree_nodeIS7_E
FN:580,_ZNSt8_Rb_treeIPKcSt4pairIKS1_PN11CKeyValueDB15EnvironmentDataEESt10_Select1stIS7_EPFbS1_S1_ESaIS7_EE13_Rb_tree_implISB_Lb1EED2Ev
FN:597,_ZNSt8_Rb_treeIPKcSt4pairIKS1_PN11CKeyValueDB15EnvironmentDataEESt10_Select1stIS7_EPFbS1_S1_ESaIS7_EE13_Rb_tree_implISB_Lb1EEC2ERKSB_OSaISt13_Rb_tree_nodeIS7_EE
FN:614,_ZNSt8_Rb_treeIPKcSt4pairIKS1_PN11CKeyValueDB15EnvironmentDataEESt10_Select1stIS7_EPFbS1_S1_ESaIS7_EE13_Rb_tree_implISB_Lb1EE13_M_initializeEv
FN:651,_ZNSt8_Rb_treeIPKcSt4pairIKS1_PN11CKeyValueDB15EnvironmentDataEESt10_Select1stIS7_EPFbS1_S1_ESaIS7_EE8_M_beginEv
FN:662,_ZNSt8_Rb_treeIPKcSt4pairIKS1_PN11CKeyValueDB15EnvironmentDataEESt10_Select1stIS7_EPFbS1_S1_ESaIS7_EE6_M_endEv
FN:670,_ZNSt8_Rb_treeIPKcSt4pairIKS1_PN11CKeyValueDB15EnvironmentDataEESt10_Select1stIS7_EPFbS1_S1_ESaIS7_EE8_S_valueEPKSt13_Rb_tree_nodeIS7_E
FN:674,_ZNSt8_Rb_treeIPKcSt4pairIKS1_PN11CKeyValueDB15EnvironmentDataEESt10_Select1stIS7_EPFbS1_S1_ESaIS7_EE6_S_keyEPKSt13_Rb_tree_nodeIS7_E
FN:678,_ZNSt8_Rb_treeIPKcSt4pairIKS1_PN11CKeyValueDB15EnvironmentDataEESt10_Select1stIS7_EPFbS1_S1_ESaIS7_EE7_S_leftEPSt18_Rb_tree_node_base
FN:686,_ZNSt8_Rb_treeIPKcSt4pairIKS1_PN11CKeyValueDB15EnvironmentDataEESt10_Select1stIS7_EPFbS1_S1_ESaIS7_EE8_S_rightEPSt18_Rb_tree_node_base
FN:694,_ZNSt8_Rb_treeIPKcSt4pairIKS1_PN11CKeyValueDB15EnvironmentDataEESt10_Select1stIS7_EPFbS1_S1_ESaIS7_EE8_S_valueEPKSt18_Rb_tree_node_base
FN:698,_ZNSt8_Rb_treeIPKcSt4pairIKS1_PN11CKeyValueDB15EnvironmentDataEESt10_Select1stIS7_EPFbS1_S1_ESaIS7_EE6_S_keyEPKSt18_Rb_tree_node_base
FN:809,_ZNSt8_Rb_treeIPKcSt4pairIKS1_PN11CKeyValueDB15EnvironmentDataEESt10_Select1stIS7_EPFbS1_S1_ESaIS7_EEC2ERKSB_RKSC_
FN:857,_ZNSt8_Rb_treeIPKcSt4pairIKS1_PN11CKeyValueDB15EnvironmentDataEESt10_Select1stIS7_EPFbS1_S1_ESaIS7_EED2Ev
FN:869,_ZNSt8_Rb_treeIPKcSt4pairIKS1_PN11CKeyValueDB15EnvironmentDataEESt10_Select1stIS7_EPFbS1_S1_ESaIS7_EE5beginEv
FN:877,_ZNSt8_Rb_treeIPKcSt4pairIKS1_PN11CKeyValueDB15EnvironmentDataEESt10_Select1stIS7_EPFbS1_S1_ESaIS7_EE3endEv
FN:1031,_ZNSt8_Rb_treeIPKcSt4pairIKS1_PN11CKeyValueDB15EnvironmentDataEESt10_Select1stIS7_EPFbS1_S1_ESaIS7_EE5eraseB5cxx11ESt17_Rb_tree_iteratorIS7_E
FN:1496,_ZNSt8_Rb_treeIPKcSt4pairIKS1_PN11CKeyValueDB15EnvironmentDataEESt10_Select1stIS7_EPFbS1_S1_ESaIS7_EE10_M_insert_IS7_NSD_11_Alloc_nodeEEESt17_Rb_tree_iteratorIS7_EPSt18_Rb_tree_node_baseSJ_OT_RT0_
FN:1606,_ZNSt8_Rb_treeIPKcSt4pairIKS1_PN11CKeyValueDB15EnvironmentDataEESt10_Select1stIS7_EPFbS1_S1_ESaIS7_EE8_M_eraseEPSt13_Rb_tree_nodeIS7_E
FN:1623,_ZNSt8_Rb_treeIPKcSt4pairIKS1_PN11CKeyValueDB15EnvironmentDataEESt10_Select1stIS7_EPFbS1_S1_ESaIS7_EE14_M_lower_boundEPSt13_Rb_tree_nodeIS7_ESG_RS3_
FN:1800,_ZNSt8_Rb_treeIPKcSt4pairIKS1_PN11CKeyValueDB15EnvironmentDataEESt10_Select1stIS7_EPFbS1_S1_ESaIS7_EE24_M_get_insert_unique_posERS3_
FN:1854,_ZNSt8_Rb_treeIPKcSt4pairIKS1_PN11CKeyValueDB15EnvironmentDataEESt10_Select1stIS7_EPFbS1_S1_ESaIS7_EE16_M_insert_uniqueIS7_EES2_ISt17_Rb_tree_iteratorIS7_EbEOT_
FN:2242,_ZNSt8_Rb_treeIPKcSt4pairIKS1_PN11CKeyValueDB15EnvironmentDataEESt10_Select1stIS7_EPFbS1_S1_ESaIS7_EE12_M_erase_auxESt23_Rb_tree_const_iteratorIS7_E
FN:2292,_ZNSt8_Rb_treeIPKcSt4pairIKS1_PN11CKeyValueDB15EnvironmentDataEESt10_Select1stIS7_EPFbS1_S1_ESaIS7_EE4findERS3_
FNDA:0,_ZNSt18_Rb_tree_node_baseC2Ev
FNDA:6,_ZNSt13_Rb_tree_nodeISt4pairIKPKcPN11CKeyValueDB15EnvironmentDataEEEC2Ev
FNDA:18,_ZNSt13_Rb_tree_nodeISt4pairIKPKcPN11CKeyValueDB15EnvironmentDataEEE9_M_valptrEv
FNDA:12,_ZNKSt13_Rb_tree_nodeISt4pairIKPKcPN11CKeyValueDB15EnvironmentDataEEE9_M_valptrEv
FNDA:60,_ZNSt17_Rb_tree_iteratorISt4pairIKPKcPN11CKeyValueDB15EnvironmentDataEEEC2EPSt18_Rb_tree_node_base
FNDA:6,_ZNKSt17_Rb_tree_iteratorISt4pairIKPKcPN11CKeyValueDB15EnvironmentDataEEEptEv
FNDA:6,_ZNSt17_Rb_tree_iteratorISt4pairIKPKcPN11CKeyValueDB15EnvironmentDataEEEppEv
FNDA:0,_ZNSt17_Rb_tree_iteratorISt4pairIKPKcPN11CKeyValueDB15EnvironmentDataEEEmmEv
FNDA:18,_ZNKSt17_Rb_tree_iteratorISt4pairIKPKcPN11CKeyValueDB15EnvironmentDataEEEeqERKS8_
FNDA:12,_ZNKSt17_Rb_tree_iteratorISt4pairIKPKcPN11CKeyValueDB15EnvironmentDataEEEneERKS8_
FNDA:6,_ZNSt23_Rb_tree_const_iteratorISt4pairIKPKcPN11CKeyValueDB15EnvironmentDataEEEC2ERKSt17_Rb_tree_iteratorIS7_E
FNDA:6,_ZNSt8_Rb_treeIPKcSt4pairIKS1_PN11CKeyValueDB15EnvironmentDataEESt10_Select1stIS7_EPFbS1_S1_ESaIS7_EE11_Alloc_nodeC2ERSD_
FNDA:6,_ZNKSt8_Rb_treeIPKcSt4pairIKS1_PN11CKeyValueDB15EnvironmentDataEESt10_Select1stIS7_EPFbS1_S1_ESaIS7_EE11_Alloc_nodeclIS7_EEPSt13_Rb_tree_nodeIS7_EOT_
FNDA:24,_ZNSt8_Rb_treeIPKcSt4pairIKS1_PN11CKeyValueDB15EnvironmentDataEESt10_Select1stIS7_EPFbS1_S1_ESaIS7_EE21_M_get_Node_allocatorEv
FNDA:6,_ZNSt8_Rb_treeIPKcSt4pairIKS1_PN11CKeyValueDB15EnvironmentDataEESt10_Select1stIS7_EPFbS1_S1_ESaIS7_EE11_M_get_nodeEv
FNDA:6,_ZNSt8_Rb_treeIPKcSt4pairIKS1_PN11CKeyValueDB15EnvironmentDataEESt10_Select1stIS7_EPFbS1_S1_ESaIS7_EE11_M_put_nodeEPSt13_Rb_tree_nodeIS7_E
FNDA:6,_ZNSt8_Rb_treeIPKcSt4pairIKS1_PN11CKeyValueDB15EnvironmentDataEESt10_Select1stIS7_EPFbS1_S1_ESaIS7_EE17_M_construct_nodeIJS7_EEEvPSt13_Rb_tree_nodeIS7_EDpOT_
FNDA:6,_ZNSt8_Rb_treeIPKcSt4pairIKS1_PN11CKeyValueDB15EnvironmentDataEESt10_Select1stIS7_EPFbS1_S1_ESaIS7_EE14_M_create_nodeIJS7_EEEPSt13_Rb_tree_nodeIS7_EDpOT_
FNDA:6,_ZNSt8_Rb_treeIPKcSt4pairIKS1_PN11CKeyValueDB15EnvironmentDataEESt10_Select1stIS7_EPFbS1_S1_ESaIS7_EE15_M_destroy_nodeEPSt13_Rb_tree_nodeIS7_E
FNDA:6,_ZNSt8_Rb_treeIPKcSt4pairIKS1_PN11CKeyValueDB15EnvironmentDataEESt10_Select1stIS7_EPFbS1_S1_ESaIS7_EE12_M_drop_nodeEPSt13_Rb_tree_nodeIS7_E
FNDA:1,_ZNSt8_Rb_treeIPKcSt4pairIKS1_PN11CKeyValueDB15EnvironmentDataEESt10_Select1stIS7_EPFbS1_S1_ESaIS7_EE13_Rb_tree_implISB_Lb1EED2Ev
FNDA:1,_ZNSt8_Rb_treeIPKcSt4pairIKS1_PN11CKeyValueDB15EnvironmentDataEESt10_Select1stIS7_EPFbS1_S1_ESaIS7_EE13_Rb_tree_implISB_Lb1EEC2ERKSB_OSaISt13_Rb_tree_nodeIS7_EE
FNDA:1,_ZNSt8_Rb_treeIPKcSt4pairIKS1_PN11CKeyValueDB15EnvironmentDataEESt10_Select1stIS7_EPFbS1_S1_ESaIS7_EE13_Rb_tree_implISB_Lb1EE13_M_initializeEv
FNDA:19,_ZNSt8_Rb_treeIPKcSt4pairIKS1_PN11CKeyValueDB15EnvironmentDataEESt10_Select1stIS7_EPFbS1_S1_ESaIS7_EE8_M_beginEv
FNDA:24,_ZNSt8_Rb_treeIPKcSt4pairIKS1_PN11CKeyValueDB15EnvironmentDataEESt10_Select1stIS7_EPFbS1_S1_ESaIS7_EE6_M_endEv
FNDA:6,_ZNSt8_Rb_treeIPKcSt4pairIKS1_PN11CKeyValueDB15EnvironmentDataEESt10_Select1stIS7_EPFbS1_S1_ESaIS7_EE8_S_valueEPKSt13_Rb_tree_nodeIS7_E
FNDA:6,_ZNSt8_Rb_treeIPKcSt4pairIKS1_PN11CKeyValueDB15EnvironmentDataEESt10_Select1stIS7_EPFbS1_S1_ESaIS7_EE6_S_keyEPKSt13_Rb_tree_nodeIS7_E
FNDA:6,_ZNSt8_Rb_treeIPKcSt4pairIKS1_PN11CKeyValueDB15EnvironmentDataEESt10_Select1stIS7_EPFbS1_S1_ESaIS7_EE7_S_leftEPSt18_Rb_tree_node_base
FNDA:0,_ZNSt8_Rb_treeIPKcSt4pairIKS1_PN11CKeyValueDB15EnvironmentDataEESt10_Select1stIS7_EPFbS1_S1_ESaIS7_EE8_S_rightEPSt18_Rb_tree_node_base
FNDA:6,_ZNSt8_Rb_treeIPKcSt4pairIKS1_PN11CKeyValueDB15EnvironmentDataEESt10_Select1stIS7_EPFbS1_S1_ESaIS7_EE8_S_valueEPKSt18_Rb_tree_node_base
FNDA:6,_ZNSt8_Rb_treeIPKcSt4pairIKS1_PN11CKeyValueDB15EnvironmentDataEESt10_Select1stIS7_EPFbS1_S1_ESaIS7_EE6_S_keyEPKSt18_Rb_tree_node_base
FNDA:1,_ZNSt8_Rb_treeIPKcSt4pairIKS1_PN11CKeyValueDB15EnvironmentDataEESt10_Select1stIS7_EPFbS1_S1_ESaIS7_EEC2ERKSB_RKSC_
FNDA:1,_ZNSt8_Rb_treeIPKcSt4pairIKS1_PN11CKeyValueDB15EnvironmentDataEESt10_Select1stIS7_EPFbS1_S1_ESaIS7_EED2Ev
FNDA:6,_ZNSt8_Rb_treeIPKcSt4pairIKS1_PN11CKeyValueDB15EnvironmentDataEESt10_Select1stIS7_EPFbS1_S1_ESaIS7_EE5beginEv
FNDA:30,_ZNSt8_Rb_treeIPKcSt4pairIKS1_PN11CKeyValueDB15EnvironmentDataEESt10_Select1stIS7_EPFbS1_S1_ESaIS7_EE3endEv
FNDA:6,_ZNSt8_Rb_treeIPKcSt4pairIKS1_PN11CKeyValueDB15EnvironmentDataEESt10_Select1stIS7_EPFbS1_S1_ESaIS7_EE5eraseB5cxx11ESt17_Rb_tree_iteratorIS7_E
FNDA:6,_ZNSt8_Rb_treeIPKcSt4pairIKS1_PN11CKeyValueDB15EnvironmentDataEESt10_Select1stIS7_EPFbS1_S1_ESaIS7_EE10_M_insert_IS7_NSD_11_Alloc_nodeEEESt17_Rb_tree_iteratorIS7_EPSt18_Rb_tree_node_baseSJ_OT_RT0_
FNDA:1,_ZNSt8_Rb_treeIPKcSt4pairIKS1_PN11CKeyValueDB15EnvironmentDataEESt10_Select1stIS7_EPFbS1_S1_ESaIS7_EE8_M_eraseEPSt13_Rb_tree_nodeIS7_E
FNDA:12,_ZNSt8_Rb_treeIPKcSt4pairIKS1_PN11CKeyValueDB15EnvironmentDataEESt10_Select1stIS7_EPFbS1_S1_ESaIS7_EE14_M_lower_boundEPSt13_Rb_tree_nodeIS7_ESG_RS3_
FNDA:6,_ZNSt8_Rb_treeIPKcSt4pairIKS1_PN11CKeyValueDB15EnvironmentDataEESt10_Select1stIS7_EPFbS1_S1_ESaIS7_EE24_M_get_insert_unique_posERS3_
FNDA:6,_ZNSt8_Rb_treeIPKcSt4pairIKS1_PN11CKeyValueDB15EnvironmentDataEESt10_Select1stIS7_EPFbS1_S1_ESaIS7_EE16_M_insert_uniqueIS7_EES2_ISt17_Rb_tree_iteratorIS7_EbEOT_
FNDA:6,_ZNSt8_Rb_treeIPKcSt4pairIKS1_PN11CKeyValueDB15EnvironmentDataEESt10_Select1stIS7_EPFbS1_S1_ESaIS7_EE12_M_erase_auxESt23_Rb_tree_const_iteratorIS7_E
FNDA:12,_ZNSt8_Rb_treeIPKcSt4pairIKS1_PN11CKeyValueDB15EnvironmentDataEESt10_Select1stIS7_EPFbS1_S1_ESaIS7_EE4findERS3_
FNF:43
FNH:40
DA:94,0
DA:134,6
DA:152,18
DA:153,18
DA:156,12
DA:157,12
DA:191,60
DA:192,60
DA:199,6
DA:200,6
DA:203,6
DA:205,6
DA:206,6
DA:218,0
DA:220,0
DA:221,0
DA:233,18
DA:234,18
DA:237,12
DA:238,12
DA:266,6
DA:267,6
DA:449,6
DA:450,6
DA:457,6
DA:459,6
DA:477,24
DA:478,24
DA:490,6
DA:491,6
DA:494,6
DA:495,6
DA:524,6
DA:528,6
DA:529,6
DA:531,6
DA:539,6
DA:543,6
DA:545,6
DA:546,6
DA:547,6
DA:551,6
DA:553,6
DA:555,6
DA:559,6
DA:561,6
DA:562,6
DA:563,6
DA:580,1
DA:597,1
DA:598,1
DA:599,1
DA:600,1
DA:614,1
DA:616,1
DA:617,1
DA:618,1
DA:619,1
DA:620,1
DA:651,19
DA:652,19
DA:662,24
DA:663,24
DA:670,6
DA:671,6
DA:674,6
DA:675,6
DA:678,6
DA:679,6
DA:686,0
DA:687,0
DA:694,6
DA:695,6
DA:698,6
DA:699,6
DA:809,1
DA:811,1
DA:857,1
DA:858,1
DA:869,6
DA:870,6
DA:877,30
DA:878,30
DA:1031,6
DA:1033,6
DA:1034,6
DA:1035,6
DA:1036,6
DA:1496,6
DA:1505,6
DA:1506,6
DA:1507,18
DA:1509,6
DA:1511,6
DA:1513,6
DA:1514,6
DA:1606,1
DA:1610,1
DA:1612,0
DA:1613,0
DA:1614,0
DA:1615,0
DA:1617,1
DA:1623,18
DA:1627,24
DA:1628,6
DA:1629,6
DA:1631,0
DA:1632,12
DA:1800,6
DA:1804,6
DA:1805,6
DA:1806,6
DA:1807,6
DA:1809,0
DA:1810,0
DA:1811,0
DA:1813,6
DA:1814,6
DA:1816,6
DA:1817,6
DA:1819,0
DA:1821,0
DA:1822,0
DA:1823,0
DA:1854,6
DA:1863,6
DA:1865,6
DA:1867,6
DA:1868,6
DA:1869,6
DA:1870,12
DA:1873,0
DA:2242,6
DA:2247,6
DA:2248,6
DA:2249,6
DA:2250,6
DA:2251,6
DA:2292,12
DA:2295,12
DA:2296,48
DA:2297,12
DA:2298,60
LF:144
LH:125
end_of_record
SF:/usr/include/c++/5/ext/aligned_buffer.h
FN:56,_ZN9__gnu_cxx16__aligned_membufISt4pairIKPKcPN11CKeyValueDB15EnvironmentDataEEEC2Ev
FN:62,_ZN9__gnu_cxx16__aligned_membufISt4pairIKPKcPN11CKeyValueDB15EnvironmentDataEEE7_M_addrEv
FN:66,_ZNK9__gnu_cxx16__aligned_membufISt4pairIKPKcPN11CKeyValueDB15EnvironmentDataEEE7_M_addrEv
FN:70,_ZN9__gnu_cxx16__aligned_membufISt4pairIKPKcPN11CKeyValueDB15EnvironmentDataEEE6_M_ptrEv
FN:74,_ZNK9__gnu_cxx16__aligned_membufISt4pairIKPKcPN11CKeyValueDB15EnvironmentDataEEE6_M_ptrEv
FNDA:6,_ZN9__gnu_cxx16__aligned_membufISt4pairIKPKcPN11CKeyValueDB15EnvironmentDataEEEC2Ev
FNDA:18,_ZN9__gnu_cxx16__aligned_membufISt4pairIKPKcPN11CKeyValueDB15EnvironmentDataEEE7_M_addrEv
FNDA:12,_ZNK9__gnu_cxx16__aligned_membufISt4pairIKPKcPN11CKeyValueDB15EnvironmentDataEEE7_M_addrEv
FNDA:18,_ZN9__gnu_cxx16__aligned_membufISt4pairIKPKcPN11CKeyValueDB15EnvironmentDataEEE6_M_ptrEv
FNDA:12,_ZNK9__gnu_cxx16__aligned_membufISt4pairIKPKcPN11CKeyValueDB15EnvironmentDataEEE6_M_ptrEv
FNF:5
FNH:5
DA:56,6
DA:62,18
DA:63,18
DA:66,12
DA:67,12
DA:70,18
DA:71,18
DA:74,12
DA:75,12
LF:9
LH:9
end_of_record
SF:/usr/include/c++/5/ext/new_allocator.h
FN:79,_ZN9__gnu_cxx13new_allocatorISt4pairIKPKcPN11CKeyValueDB15EnvironmentDataEEEC2Ev
FN:79,_ZN9__gnu_cxx13new_allocatorISt13_Rb_tree_nodeISt4pairIKPKcPN11CKeyValueDB15EnvironmentDataEEEEC2Ev
FN:81,_ZN9__gnu_cxx13new_allocatorISt13_Rb_tree_nodeISt4pairIKPKcPN11CKeyValueDB15EnvironmentDataEEEEC2ERKSB_
FN:81,_ZN9__gnu_cxx13new_allocatorISt4pairIKPKcPN11CKeyValueDB15EnvironmentDataEEEC2ERKS9_
FN:86,_ZN9__gnu_cxx13new_allocatorISt13_Rb_tree_nodeISt4pairIKPKcPN11CKeyValueDB15EnvironmentDataEEEED2Ev
FN:86,_ZN9__gnu_cxx13new_allocatorISt4pairIKPKcPN11CKeyValueDB15EnvironmentDataEEED2Ev
FN:99,_ZN9__gnu_cxx13new_allocatorISt13_Rb_tree_nodeISt4pairIKPKcPN11CKeyValueDB15EnvironmentDataEEEE8allocateEmPKv
FN:109,_ZN9__gnu_cxx13new_allocatorISt13_Rb_tree_nodeISt4pairIKPKcPN11CKeyValueDB15EnvironmentDataEEEE10deallocateEPSA_m
FN:113,_ZNK9__gnu_cxx13new_allocatorISt13_Rb_tree_nodeISt4pairIKPKcPN11CKeyValueDB15EnvironmentDataEEEE8max_sizeEv
FN:119,_ZN9__gnu_cxx13new_allocatorISt13_Rb_tree_nodeISt4pairIKPKcPN11CKeyValueDB15EnvironmentDataEEEE9constructIS9_JS9_EEEvPT_DpOT0_
FN:124,_ZN9__gnu_cxx13new_allocatorISt13_Rb_tree_nodeISt4pairIKPKcPN11CKeyValueDB15EnvironmentDataEEEE7destroyIS9_EEvPT_
FNDA:1,_ZN9__gnu_cxx13new_allocatorISt13_Rb_tree_nodeISt4pairIKPKcPN11CKeyValueDB15EnvironmentDataEEEEC2Ev
FNDA:1,_ZN9__gnu_cxx13new_allocatorISt4pairIKPKcPN11CKeyValueDB15EnvironmentDataEEEC2Ev
FNDA:1,_ZN9__gnu_cxx13new_allocatorISt13_Rb_tree_nodeISt4pairIKPKcPN11CKeyValueDB15EnvironmentDataEEEEC2ERKSB_
FNDA:1,_ZN9__gnu_cxx13new_allocatorISt4pairIKPKcPN11CKeyValueDB15EnvironmentDataEEEC2ERKS9_
FNDA:2,_ZN9__gnu_cxx13new_allocatorISt13_Rb_tree_nodeISt4pairIKPKcPN11CKeyValueDB15EnvironmentDataEEEED2Ev
FNDA:2,_ZN9__gnu_cxx13new_allocatorISt4pairIKPKcPN11CKeyValueDB15EnvironmentDataEEED2Ev
FNDA:6,_ZN9__gnu_cxx13new_allocatorISt13_Rb_tree_nodeISt4pairIKPKcPN11CKeyValueDB15EnvironmentDataEEEE8allocateEmPKv
FNDA:6,_ZN9__gnu_cxx13new_allocatorISt13_Rb_tree_nodeISt4pairIKPKcPN11CKeyValueDB15EnvironmentDataEEEE10deallocateEPSA_m
FNDA:6,_ZNK9__gnu_cxx13new_allocatorISt13_Rb_tree_nodeISt4pairIKPKcPN11CKeyValueDB15EnvironmentDataEEEE8max_sizeEv
FNDA:6,_ZN9__gnu_cxx13new_allocatorISt13_Rb_tree_nodeISt4pairIKPKcPN11CKeyValueDB15EnvironmentDataEEEE9constructIS9_JS9_EEEvPT_DpOT0_
FNDA:6,_ZN9__gnu_cxx13new_allocatorISt13_Rb_tree_nodeISt4pairIKPKcPN11CKeyValueDB15EnvironmentDataEEEE7destroyIS9_EEvPT_
FNF:11
FNH:11
DA:79,2
DA:81,2
DA:86,4
DA:99,6
DA:101,6
DA:102,0
DA:104,6
DA:109,6
DA:110,6
DA:113,6
DA:114,6
DA:119,6
DA:120,6
DA:124,6
LF:14
LH:13
end_of_record
SF:/usr/include/c++/5/new
FN:129,_ZnwmPv
FNDA:0,_ZnwmPv
FNF:1
FNH:0
DA:129,0
DA:130,0
LF:2
LH:0
end_of_record
SF:/home/yuanqin/myproject/DataX/src/Common/ByteData.h
DA:12,0
DA:18,0
DA:20,0
DA:21,0
DA:31,0
DA:32,0
DA:33,0
DA:34,0
DA:36,0
DA:45,0
DA:46,0
DA:47,47
LF:12
LH:1
end_of_record
SF:/home/yuanqin/myproject/DataX/build/obj/DataBase/KeyValueDB.cpp
FN:15,_ZN11CKeyValueDBC2EPcPFiPvS1_E
FN:23,_ZN11CKeyValueDBD2Ev
FN:41,_ZN11CKeyValueDB14CreateInstanceEPKcS1_PFiPvS2_Eb
FN:107,_ZN11CKeyValueDB8SetValueEPK9CByteDataS2_
FN:125,_ZN11CKeyValueDB8GetValueEPK9CByteDataPS0_
FN:147,_ZN11CKeyValueDB13GetAllRecordsEPK9CByteDataPFNS_14ActionOnRecordEPNS_8IteratorEPvES6_
FN:176,_ZN11CKeyValueDB16DeleteAllRecordsEPK9CByteData
FN:186,_ZN11CKeyValueDB14CreateIteratorENS_8Iterator4TypeEPK9CByteDataS4_
FN:208,_ZN11CKeyValueDB14GetEnvironmentEPKc
FN:238,_ZN11CKeyValueDB18ReleaseEnvironmentEPKc
FN:255,_ZN11CKeyValueDB17CreateEnvironmentEPKc
FN:273,_ZN11CKeyValueDB19DeleteDBEnvironmentEP8__db_env
FN:280,_ZN11CKeyValueDB13RecordCompareEP4__dbPK8__db_dbtS4_Pm
FN:298,_ZN11CKeyValueDB15ErrorMsgHandlerEPK8__db_envPKcS4_
FN:310,_ZN11CKeyValueDB8Iterator14CreateInstanceEP5__dbcNS0_4TypeEPK9CByteDataS6_
FN:343,_ZN11CKeyValueDB8IteratorD2Ev
FN:350,_ZNK11CKeyValueDB8Iterator5CountEv
FN:360,_ZN11CKeyValueDB8Iterator6GoNextEv
FN:386,_ZN11CKeyValueDB8Iterator11UpdateValueEPK9CByteData
FN:399,_ZN11CKeyValueDB8Iterator7GetDataEP9CByteDataS2_j
FN:450,_GLOBAL__sub_I__ZN11CKeyValueDB4s_CSE
FN:450,_Z41__static_initialization_and_destruction_0ii
FNDA:6,_ZN11CKeyValueDBC2EPcPFiPvS1_E
FNDA:6,_ZN11CKeyValueDBD2Ev
FNDA:6,_ZN11CKeyValueDB14CreateInstanceEPKcS1_PFiPvS2_Eb
FNDA:31,_ZN11CKeyValueDB8SetValueEPK9CByteDataS2_
FNDA:1,_ZN11CKeyValueDB8GetValueEPK9CByteDataPS0_
FNDA:1,_ZN11CKeyValueDB13GetAllRecordsEPK9CByteDataPFNS_14ActionOnRecordEPNS_8IteratorEPvES6_
FNDA:11,_ZN11CKeyValueDB16DeleteAllRecordsEPK9CByteData
FNDA:7,_ZN11CKeyValueDB14CreateIteratorENS_8Iterator4TypeEPK9CByteDataS4_
FNDA:6,_ZN11CKeyValueDB14GetEnvironmentEPKc
FNDA:6,_ZN11CKeyValueDB18ReleaseEnvironmentEPKc
FNDA:6,_ZN11CKeyValueDB17CreateEnvironmentEPKc
FNDA:6,_ZN11CKeyValueDB19DeleteDBEnvironmentEP8__db_env
FNDA:36,_ZN11CKeyValueDB13RecordCompareEP4__dbPK8__db_dbtS4_Pm
FNDA:0,_ZN11CKeyValueDB15ErrorMsgHandlerEPK8__db_envPKcS4_
FNDA:7,_ZN11CKeyValueDB8Iterator14CreateInstanceEP5__dbcNS0_4TypeEPK9CByteDataS6_
FNDA:7,_ZN11CKeyValueDB8IteratorD2Ev
FNDA:4,_ZNK11CKeyValueDB8Iterator5CountEv
FNDA:23,_ZN11CKeyValueDB8Iterator6GoNextEv
FNDA:1,_ZN11CKeyValueDB8Iterator11UpdateValueEPK9CByteData
FNDA:30,_ZN11CKeyValueDB8Iterator7GetDataEP9CByteDataS2_j
FNDA:1,_GLOBAL__sub_I__ZN11CKeyValueDB4s_CSE
FNDA:1,_Z41__static_initialization_and_destruction_0ii
FNF:22
FNH:21
DA:11,1
DA:12,1
DA:15,6
DA:19,6
DA:21,6
DA:23,12
DA:25,6
DA:26,6
DA:27,6
DA:29,6
DA:30,6
DA:32,6
DA:33,6
DA:34,6
DA:35,6
DA:37,6
DA:39,6
DA:41,6
DA:47,6
DA:48,6
DA:50,6
DA:51,6
DA:53,6
DA:54,6
DA:56,6
DA:57,6
DA:58,0
DA:59,0
DA:61,6
DA:62,6
DA:63,6
DA:65,6
DA:66,6
DA:67,0
DA:68,0
DA:71,6
DA:72,0
DA:73,0
DA:76,6
DA:77,6
DA:78,6
DA:79,6
DA:82,6
DA:83,6
DA:84,6
DA:85,6
DA:86,6
DA:89,6
DA:90,6
DA:91,6
DA:92,6
DA:94,0
DA:97,0
DA:100,6
DA:101,0
DA:102,0
DA:104,6
DA:107,31
DA:111,31
DA:112,31
DA:113,31
DA:114,31
DA:115,31
DA:116,31
DA:117,31
DA:118,31
DA:119,31
DA:120,0
DA:122,31
DA:125,1
DA:129,1
DA:130,1
DA:131,1
DA:132,1
DA:133,1
DA:134,1
DA:135,1
DA:136,0
DA:137,0
DA:138,0
DA:139,0
DA:140,0
DA:143,1
DA:144,1
DA:147,1
DA:150,1
DA:151,1
DA:152,1
DA:153,1
DA:155,1
DA:156,1
DA:157,0
DA:160,7
DA:161,3
DA:162,3
DA:163,0
DA:167,1
DA:168,1
DA:169,0
DA:170,0
DA:172,1
DA:173,1
DA:176,11
DA:179,11
DA:180,11
DA:181,11
DA:182,11
DA:183,11
DA:186,7
DA:191,7
DA:192,7
DA:193,7
DA:194,0
DA:195,0
DA:196,0
DA:197,0
DA:201,7
DA:202,7
DA:203,7
DA:205,7
DA:208,6
DA:210,6
DA:211,12
DA:212,6
DA:213,6
DA:214,0
DA:215,0
DA:216,0
DA:217,0
DA:218,0
DA:219,0
DA:221,6
DA:222,6
DA:223,6
DA:224,6
DA:225,6
DA:226,6
DA:228,0
DA:229,0
DA:230,0
DA:232,0
DA:235,12
DA:238,6
DA:240,12
DA:241,6
DA:242,6
DA:243,6
DA:244,6
DA:245,6
DA:246,6
DA:247,6
DA:248,6
DA:249,6
DA:251,6
DA:253,6
DA:255,6
DA:257,6
DA:258,6
DA:259,6
DA:260,0
DA:261,0
DA:263,6
DA:264,6
DA:265,6
DA:266,0
DA:267,0
DA:268,0
DA:270,6
DA:273,6
DA:275,6
DA:276,6
DA:278,6
DA:280,36
DA:283,36
DA:284,36
DA:285,36
DA:286,36
DA:287,36
DA:289,0
DA:290,0
DA:292,0
DA:293,0
DA:295,0
DA:298,0
DA:301,0
DA:302,0
DA:310,7
DA:317,7
DA:318,7
DA:319,7
DA:320,7
DA:321,6
DA:322,6
DA:323,1
DA:325,1
DA:327,5
DA:328,5
DA:331,1
DA:333,7
DA:334,0
DA:335,0
DA:338,0
DA:340,7
DA:343,14
DA:345,7
DA:346,7
DA:348,7
DA:350,4
DA:352,4
DA:353,4
DA:354,4
DA:355,0
DA:357,4
DA:360,23
DA:362,23
DA:363,23
DA:365,9
DA:366,9
DA:368,14
DA:369,14
DA:371,0
DA:372,0
DA:374,0
DA:377,23
DA:378,23
DA:379,9
DA:380,9
DA:382,23
DA:383,23
DA:386,1
DA:390,1
DA:391,1
DA:392,1
DA:393,1
DA:394,1
DA:395,1
DA:396,1
DA:399,30
DA:404,30
DA:405,30
DA:407,30
DA:408,30
DA:409,30
DA:410,16
DA:412,10
DA:413,10
DA:415,6
DA:416,6
DA:419,30
DA:420,30
DA:422,29
DA:423,29
DA:425,1
DA:426,1
DA:430,30
DA:431,30
DA:432,30
DA:433,24
DA:434,9
DA:436,24
DA:437,23
DA:439,24
DA:441,6
DA:442,6
DA:443,6
DA:445,0
DA:449,30
DA:450,3
LF:268
LH:213
end_of_record
SF:/home/yuanqin/myproject/DataX/build/obj/DataBase/KeyValueDB.h
FN:73,_ZNK11CKeyValueDB8Iterator5IsEndEv
FN:78,_ZN11CKeyValueDB8IteratorC2EP5__dbcNS0_4TypeEPK9CByteDataS6_
FN:132,_ZN11CKeyValueDB15EnvironmentDataC2Ev
FNDA:0,_ZNK11CKeyValueDB8Iterator5IsEndEv
FNDA:7,_ZN11CKeyValueDB8IteratorC2EP5__dbcNS0_4TypeEPK9CByteDataS6_
FNDA:6,_ZN11CKeyValueDB15EnvironmentDataC2Ev
FNF:3
FNH:2
DA:73,0
DA:78,7
DA:88,7
DA:132,6
LF:4
LH:3
end_of_record
SF:/home/yuanqin/myproject/DataX/src/Thread/Lock.h
DA:18,0
DA:19,0
DA:20,0
DA:21,0
DA:22,0
DA:24,0
DA:26,0
DA:27,0
DA:28,0
DA:30,0
DA:32,0
DA:33,0
DA:34,0
DA:35,0
DA:54,0
DA:56,0
DA:57,0
DA:59,0
DA:60,0
DA:61,0
DA:62,0
LF:21
LH:0
end_of_record
SF:/usr/include/c++/5/ext/aligned_buffer.h
DA:56,6
DA:62,18
DA:63,18
DA:66,12
DA:67,12
DA:70,18
DA:71,18
DA:74,12
DA:75,12
LF:9
LH:9
end_of_record
SF:/usr/include/c++/5/bits/alloc_traits.h
DA:490,6
DA:491,6
DA:516,6
DA:517,6
DA:529,6
DA:530,6
DA:541,6
DA:542,6
LF:8
LH:8
end_of_record
SF:/usr/include/c++/5/bits/allocator.h
DA:113,1
DA:115,2
DA:116,2
DA:119,1
DA:121,4
LF:5
LH:5
end_of_record
SF:/usr/include/c++/5/bits/move.h
DA:76,72
DA:77,72
DA:101,1
DA:102,1
LF:4
LH:4
end_of_record
SF:/usr/include/c++/5/new
DA:129,0
DA:130,0
LF:2
LH:0
end_of_record
SF:/usr/include/c++/5/ext/new_allocator.h
DA:79,2
DA:81,2
DA:86,4
DA:99,6
DA:101,6
DA:102,0
DA:104,6
DA:109,6
DA:110,6
DA:113,6
DA:114,6
DA:119,6
DA:120,6
DA:124,6
LF:14
LH:13
end_of_record
SF:/usr/include/c++/5/bits/stl_function.h
DA:887,6
DA:888,6
DA:891,12
DA:892,12
LF:4
LH:4
end_of_record
SF:/usr/include/c++/5/bits/stl_map.h
DA:96,1
DA:174,1
DA:176,1
DA:356,12
DA:357,12
DA:620,6
DA:621,6
DA:714,6
DA:715,6
DA:845,12
DA:846,12
LF:11
LH:11
end_of_record
SF:/usr/include/c++/5/bits/stl_pair.h
DA:133,0
DA:134,0
DA:144,18
DA:145,18
LF:4
LH:2
end_of_record
SF:/usr/include/c++/5/bits/stl_tree.h
DA:94,0
DA:134,6
DA:152,18
DA:153,18
DA:156,12
DA:157,12
DA:191,60
DA:192,60
DA:199,6
DA:200,6
DA:203,6
DA:205,6
DA:206,6
DA:218,0
DA:220,0
DA:221,0
DA:233,18
DA:234,18
DA:237,12
DA:238,12
DA:266,6
DA:267,6
DA:449,6
DA:450,6
DA:457,6
DA:459,6
DA:477,24
DA:478,24
DA:490,6
DA:491,6
DA:494,6
DA:495,6
DA:524,6
DA:528,6
DA:529,6
DA:531,6
DA:539,6
DA:543,6
DA:545,6
DA:546,6
DA:547,6
DA:551,6
DA:553,6
DA:555,6
DA:559,6
DA:561,6
DA:562,6
DA:563,6
DA:580,1
DA:597,1
DA:598,1
DA:599,1
DA:600,1
DA:614,1
DA:616,1
DA:617,1
DA:618,1
DA:619,1
DA:620,1
DA:651,19
DA:652,19
DA:662,24
DA:663,24
DA:670,6
DA:671,6
DA:674,6
DA:675,6
DA:678,6
DA:679,6
DA:686,0
DA:687,0
DA:694,6
DA:695,6
DA:698,6
DA:699,6
DA:809,1
DA:811,1
DA:857,1
DA:858,1
DA:869,6
DA:870,6
DA:877,30
DA:878,30
DA:1031,6
DA:1033,6
DA:1034,6
DA:1035,6
DA:1036,6
DA:1496,6
DA:1505,6
DA:1506,6
DA:1507,18
DA:1509,6
DA:1511,6
DA:1513,6
DA:1514,6
DA:1606,1
DA:1610,1
DA:1612,0
DA:1613,0
DA:1614,0
DA:1615,0
DA:1617,1
DA:1623,18
DA:1627,24
DA:1628,6
DA:1629,6
DA:1631,0
DA:1632,12
DA:1800,6
DA:1804,6
DA:1805,6
DA:1806,6
DA:1807,6
DA:1809,0
DA:1810,0
DA:1811,0
DA:1813,6
DA:1814,6
DA:1816,6
DA:1817,6
DA:1819,0
DA:1821,0
DA:1822,0
DA:1823,0
DA:1854,6
DA:1863,6
DA:1865,6
DA:1867,6
DA:1868,6
DA:1869,6
DA:1870,12
DA:1873,0
DA:2242,6
DA:2247,6
DA:2248,6
DA:2249,6
DA:2250,6
DA:2251,6
DA:2292,12
DA:2295,12
DA:2296,48
DA:2297,12
DA:2298,60
LF:144
LH:125
end_of_record
