TN:testAll
SF:/home/yuanqin/myproject/DataX/src/Common/Singleton.h
FN:26,_ZN10CSingletonI16CCompressManagerE8InstanceEv
FNDA:0,_ZN10CSingletonI16CCompressManagerE8InstanceEv
FNF:1
FNH:0
DA:26,0
DA:28,0
DA:29,0
LF:3
LH:0
end_of_record
SF:/home/yuanqin/myproject/DataX/src/Compress/CompressManager.h
FN:26,_ZN16CCompressManager18CreateDecompressorE12CompressType
FNDA:0,_ZN16CCompressManager18CreateDecompressorE12CompressType
FNF:1
FNH:0
DA:26,0
DA:28,0
DA:29,0
LF:3
LH:0
end_of_record
SF:/home/yuanqin/myproject/DataX/src/Compress/Compressor.h
FN:54,_ZNK13CDecompressor9ErrorCodeEv
FNDA:0,_ZNK13CDecompressor9ErrorCodeEv
FNF:1
FNH:0
DA:54,0
LF:1
LH:0
end_of_record
SF:/home/yuanqin/myproject/DataX/src/Compress/DynamicBuffer.h
FN:23,_ZN14CDynamicBuffer13GetFirstBlockEv
FNDA:0,_ZN14CDynamicBuffer13GetFirstBlockEv
FNF:1
FNH:0
DA:23,0
LF:1
LH:0
end_of_record
SF:/home/yuanqin/myproject/DataX/src/Tracker/Debug.h
FN:74,_ZN20__CFunctionTracker__C2EPKc
FN:80,_ZN20__CFunctionTracker__D2Ev
FNDA:0,_ZN20__CFunctionTracker__C2EPKc
FNDA:0,_ZN20__CFunctionTracker__D2Ev
FNF:2
FNH:0
DA:74,0
DA:77,0
DA:78,0
DA:79,0
DA:80,0
DA:81,0
DA:83,0
DA:84,0
DA:85,0
LF:9
LH:0
end_of_record
SF:/home/yuanqin/myproject/DataX/src/Compress/CompressManager.h
DA:26,0
DA:28,0
DA:29,0
LF:3
LH:0
end_of_record
SF:/home/yuanqin/myproject/DataX/src/Compress/Compressor.h
DA:54,0
LF:1
LH:0
end_of_record
SF:/home/yuanqin/myproject/DataX/src/Tracker/Debug.h
DA:74,0
DA:77,0
DA:78,0
DA:79,0
DA:80,0
DA:81,0
DA:83,0
DA:84,0
DA:85,0
LF:9
LH:0
end_of_record
SF:/home/yuanqin/myproject/DataX/src/Compress/DynamicBuffer.h
DA:23,0
LF:1
LH:0
end_of_record
SF:/home/yuanqin/myproject/DataX/build/obj/HTTPBase/PayloadParser.cpp
FN:9,_ZN15CPayloadEncoderC2E12CompressTypeb
FN:15,_ZN15CPayloadEncoder7ProcessEPhm
FN:20,_ZN15CPayloadEncoder6SetEndEv
FN:52,_ZN12CChunkParser11ProcessDataEPhmPm
FN:142,_ZN12CChunkParser17DecodeChunkHeaderEPKcS1_Ri
FN:181,_ZN15CPayloadDecoderC2EPFvPvPhmES0_i12CompressType
FN:196,_ZN15CPayloadDecoderD2Ev
FN:202,_ZN15CPayloadDecoder7ProcessEPhmPm
FN:262,_ZN15CPayloadDecoder10DecompressEPhm
FNDA:0,_ZN15CPayloadEncoderC2E12CompressTypeb
FNDA:0,_ZN15CPayloadEncoder7ProcessEPhm
FNDA:0,_ZN15CPayloadEncoder6SetEndEv
FNDA:0,_ZN12CChunkParser11ProcessDataEPhmPm
FNDA:0,_ZN12CChunkParser17DecodeChunkHeaderEPKcS1_Ri
FNDA:0,_ZN15CPayloadDecoderC2EPFvPvPhmES0_i12CompressType
FNDA:0,_ZN15CPayloadDecoderD2Ev
FNDA:0,_ZN15CPayloadDecoder7ProcessEPhmPm
FNDA:0,_ZN15CPayloadDecoder10DecompressEPhm
FNF:9
FNH:0
DA:9,0
DA:11,0
DA:13,0
DA:15,0
DA:17,0
DA:20,0
DA:22,0
DA:25,0
DA:52,0
DA:57,0
DA:59,0
DA:60,0
DA:62,0
DA:63,0
DA:65,0
DA:66,0
DA:67,0
DA:68,0
DA:69,0
DA:71,0
DA:72,0
DA:74,0
DA:76,0
DA:79,0
DA:82,0
DA:83,0
DA:84,0
DA:85,0
DA:86,0
DA:88,0
DA:89,0
DA:93,0
DA:94,0
DA:95,0
DA:96,0
DA:97,0
DA:98,0
DA:100,0
DA:101,0
DA:102,0
DA:103,0
DA:104,0
DA:105,0
DA:106,0
DA:108,0
DA:109,0
DA:110,0
DA:111,0
DA:112,0
DA:114,0
DA:117,0
DA:120,0
DA:124,0
DA:125,0
DA:127,0
DA:129,0
DA:130,0
DA:132,0
DA:137,0
DA:138,0
DA:142,0
DA:145,0
DA:146,0
DA:147,0
DA:149,0
DA:150,0
DA:151,0
DA:153,0
DA:154,0
DA:155,0
DA:156,0
DA:157,0
DA:158,0
DA:160,0
DA:162,0
DA:163,0
DA:164,0
DA:166,0
DA:167,0
DA:168,0
DA:170,0
DA:172,0
DA:181,0
DA:190,0
DA:192,0
DA:193,0
DA:194,0
DA:196,0
DA:198,0
DA:199,0
DA:200,0
DA:202,0
DA:205,0
DA:206,0
DA:208,0
DA:209,0
DA:210,0
DA:212,0
DA:213,0
DA:214,0
DA:216,0
DA:217,0
DA:220,0
DA:221,0
DA:223,0
DA:224,0
DA:226,0
DA:228,0
DA:229,0
DA:230,0
DA:231,0
DA:233,0
DA:234,0
DA:235,0
DA:236,0
DA:237,0
DA:240,0
DA:241,0
DA:242,0
DA:245,0
DA:247,0
DA:248,0
DA:249,0
DA:250,0
DA:251,0
DA:252,0
DA:253,0
DA:256,0
DA:259,0
DA:262,0
DA:265,0
DA:267,0
DA:268,0
DA:269,0
DA:273,0
DA:274,0
DA:275,0
DA:276,0
DA:277,0
DA:278,0
DA:279,0
DA:281,0
DA:283,0
DA:284,0
DA:285,0
DA:288,0
DA:289,0
DA:290,0
DA:291,0
LF:149
LH:0
end_of_record
SF:/home/yuanqin/myproject/DataX/build/obj/HTTPBase/PayloadParser.h
FN:41,_ZN12CChunkParserC2Ev
FN:46,_ZN12CChunkParserD2Ev
FN:53,_ZN12CChunkParser10GetPayloadEPm
FNDA:0,_ZN12CChunkParserC2Ev
FNDA:0,_ZN12CChunkParserD2Ev
FNDA:0,_ZN12CChunkParser10GetPayloadEPm
FNF:3
FNH:0
DA:41,0
DA:45,0
DA:46,0
DA:53,0
DA:55,0
DA:56,0
DA:58,0
LF:7
LH:0
end_of_record
SF:/home/yuanqin/myproject/DataX/src/Common/Singleton.h
DA:26,1
DA:28,1
DA:29,1
DA:33,1
DA:34,1
LF:5
LH:5
end_of_record
TN:testAll
SF:/home/yuanqin/myproject/DataX/src/Common/Singleton.h
FN:26,_ZN10CSingletonI13CTokenManagerE8InstanceEv
FN:33,_ZN10CSingletonI13CTokenManagerEC2Ev
FN:34,_ZN10CSingletonI13CTokenManagerED0Ev
FN:34,_ZN10CSingletonI13CTokenManagerED2Ev
FNDA:0,_ZN10CSingletonI13CTokenManagerE8InstanceEv
FNDA:0,_ZN10CSingletonI13CTokenManagerEC2Ev
FNDA:0,_ZN10CSingletonI13CTokenManagerED0Ev
FNDA:0,_ZN10CSingletonI13CTokenManagerED2Ev
FNF:4
FNH:0
DA:26,0
DA:28,0
DA:29,0
DA:33,0
DA:34,0
LF:5
LH:0
end_of_record
SF:/home/yuanqin/myproject/DataX/src/Thread/Lock.h
FN:18,_ZN16CCriticalSectionD2Ev
FN:24,_ZN16CCriticalSection4LockEv
FN:30,_ZN16CCriticalSection6UnlockEv
FN:54,_ZN12CSectionLockC2ER16CCriticalSection
FN:59,_ZN12CSectionLockD2Ev
FNDA:0,_ZN16CCriticalSectionD2Ev
FNDA:18,_ZN16CCriticalSection4LockEv
FNDA:18,_ZN16CCriticalSection6UnlockEv
FNDA:18,_ZN12CSectionLockC2ER16CCriticalSection
FNDA:18,_ZN12CSectionLockD2Ev
FNF:5
FNH:4
DA:18,0
DA:19,0
DA:20,0
DA:21,0
DA:22,0
DA:24,18
DA:26,18
DA:27,18
DA:28,18
DA:30,18
DA:32,18
DA:33,18
DA:34,18
DA:35,18
DA:54,18
DA:56,18
DA:57,18
DA:59,18
DA:60,18
DA:61,18
DA:62,18
LF:21
LH:16
end_of_record
SF:/home/yuanqin/myproject/DataX/build/obj/HTTPBase/Token.cpp
FN:5,_ZN13CTokenManager16RegisterTokenMapEP9ITokenMap
FN:15,_ZN17CTokenMapRegisterC2EP9ITokenMap
FNDA:1,_ZN13CTokenManager16RegisterTokenMapEP9ITokenMap
FNDA:1,_ZN17CTokenMapRegisterC2EP9ITokenMap
FNF:2
FNH:2
DA:5,1
DA:7,1
DA:9,2
DA:10,1
DA:11,1
DA:12,2
DA:15,1
DA:17,1
DA:18,1
LF:9
LH:9
end_of_record
SF:/home/yuanqin/myproject/DataX/build/obj/HTTPBase/Token.h
FN:49,_ZN13CTokenManagerC2Ev
FN:53,_ZN13CTokenManagerD2Ev
FN:53,_ZN13CTokenManagerD0Ev
FNDA:0,_ZN13CTokenManagerC2Ev
FNDA:0,_ZN13CTokenManagerD0Ev
FNDA:0,_ZN13CTokenManagerD2Ev
FNF:3
FNH:0
DA:49,0
DA:51,0
DA:53,0
LF:3
LH:0
end_of_record
TN:testAll
SF:/home/yuanqin/myproject/DataX/build/obj/HTTPBase/HeaderParser.cpp
FN:15,_ZN13CHeaderParserC2EPcmP11CLazyBuffer
FN:27,_ZN13CHeaderParserD2Ev
FN:31,_ZN13CHeaderParser16BuildStartedLineEPFPvPKcmP11CLazyBufferE
FN:53,_ZN13CHeaderParser16BuildHeaderFieldEP12CHeaderField
FN:130,_ZN13CHeaderParser17DecodeHeaderFieldEPcS0_PS0_S1_
FN:178,_ZN13CHeaderParser11IsTokenCharEc
FNDA:0,_ZN13CHeaderParserC2EPcmP11CLazyBuffer
FNDA:0,_ZN13CHeaderParserD2Ev
FNDA:0,_ZN13CHeaderParser16BuildStartedLineEPFPvPKcmP11CLazyBufferE
FNDA:0,_ZN13CHeaderParser16BuildHeaderFieldEP12CHeaderField
FNDA:0,_ZN13CHeaderParser17DecodeHeaderFieldEPcS0_PS0_S1_
FNDA:0,_ZN13CHeaderParser11IsTokenCharEc
FNF:6
FNH:0
DA:15,0
DA:21,0
DA:23,0
DA:24,0
DA:25,0
DA:27,0
DA:29,0
DA:31,0
DA:34,0
DA:37,0
DA:38,0
DA:39,0
DA:42,0
DA:43,0
DA:45,0
DA:46,0
DA:47,0
DA:49,0
DA:50,0
DA:53,0
DA:55,0
DA:56,0
DA:58,0
DA:60,0
DA:61,0
DA:62,0
DA:64,0
DA:65,0
DA:81,0
DA:82,0
DA:84,0
DA:85,0
DA:86,0
DA:87,0
DA:89,0
DA:91,0
DA:93,0
DA:95,0
DA:100,0
DA:101,0
DA:102,0
DA:103,0
DA:104,0
DA:105,0
DA:106,0
DA:107,0
DA:108,0
DA:110,0
DA:111,0
DA:114,0
DA:116,0
DA:120,0
DA:121,0
DA:122,0
DA:126,0
DA:130,0
DA:134,0
DA:135,0
DA:138,0
DA:139,0
DA:140,0
DA:141,0
DA:143,0
DA:144,0
DA:145,0
DA:147,0
DA:148,0
DA:150,0
DA:153,0
DA:155,0
DA:156,0
DA:158,0
DA:160,0
DA:161,0
DA:165,0
DA:166,0
DA:167,0
DA:168,0
DA:170,0
DA:171,0
DA:173,0
DA:175,0
DA:178,0
DA:180,0
DA:181,0
DA:182,0
DA:183,0
LF:87
LH:0
end_of_record
TN:testAll
SF:/home/yuanqin/myproject/DataX/src/Common/Singleton.h
FN:26,_ZN10CSingletonI13CTokenManagerE8InstanceEv
FN:33,_ZN10CSingletonI13CTokenManagerEC2Ev
FN:34,_ZN10CSingletonI13CTokenManagerED0Ev
FN:34,_ZN10CSingletonI13CTokenManagerED2Ev
FNDA:0,_ZN10CSingletonI13CTokenManagerE8InstanceEv
FNDA:0,_ZN10CSingletonI13CTokenManagerEC2Ev
FNDA:0,_ZN10CSingletonI13CTokenManagerED0Ev
FNDA:0,_ZN10CSingletonI13CTokenManagerED2Ev
FNF:4
FNH:0
DA:26,0
DA:28,0
DA:29,0
DA:33,0
DA:34,0
LF:5
LH:0
end_of_record
SF:/home/yuanqin/myproject/DataX/src/Thread/Lock.h
FN:18,_ZN16CCriticalSectionD2Ev
FNDA:0,_ZN16CCriticalSectionD2Ev
FNF:1
FNH:0
DA:18,0
DA:19,0
DA:20,0
DA:21,0
DA:22,0
LF:5
LH:0
end_of_record
SF:/usr/include/c++/5/new
FN:129,_ZnwmPv
FNDA:0,_ZnwmPv
FNF:1
FNH:0
DA:129,0
DA:130,0
LF:2
LH:0
end_of_record
SF:/home/yuanqin/myproject/DataX/build/obj/HTTPBase/StatusLine.cpp
FN:17,_ZN11CStatusLineC2EiiPKcb
FN:31,_ZN11CStatusLineD2Ev
FN:38,_ZN11CStatusLine14CreateInstanceEPKcmP11CLazyBuffer
FN:107,_ZN11CStatusLine5PrintEPcmPm
FNDA:0,_ZN11CStatusLineC2EiiPKcb
FNDA:0,_ZN11CStatusLineD2Ev
FNDA:0,_ZN11CStatusLine14CreateInstanceEPKcmP11CLazyBuffer
FNDA:0,_ZN11CStatusLine5PrintEPcmPm
FNF:4
FNH:0
DA:17,0
DA:25,0
DA:27,0
DA:28,0
DA:29,0
DA:31,0
DA:33,0
DA:34,0
DA:36,0
DA:38,0
DA:41,0
DA:49,0
DA:50,0
DA:52,0
DA:53,0
DA:55,0
DA:56,0
DA:57,0
DA:58,0
DA:61,0
DA:62,0
DA:63,0
DA:64,0
DA:66,0
DA:67,0
DA:70,0
DA:71,0
DA:73,0
DA:75,0
DA:76,0
DA:77,0
DA:78,0
DA:79,0
DA:80,0
DA:82,0
DA:85,0
DA:86,0
DA:87,0
DA:88,0
DA:90,0
DA:91,0
DA:92,0
DA:94,0
DA:95,0
DA:96,0
DA:98,0
DA:99,0
DA:100,0
DA:104,0
DA:107,0
DA:109,0
DA:112,0
DA:113,0
DA:114,0
DA:116,0
DA:118,0
DA:119,0
DA:120,0
DA:121,0
DA:123,0
DA:124,0
LF:61
LH:0
end_of_record
SF:/home/yuanqin/myproject/DataX/build/obj/HTTPBase/Token.h
FN:32,_ZNK13CTokenManager10GetTokenIDEiPKcm
FN:38,_ZNK13CTokenManager14GetTokenStringEii
FN:43,_ZNK13CTokenManager13CheckValidityEii
FN:49,_ZN13CTokenManagerC2Ev
FN:53,_ZN13CTokenManagerD2Ev
FN:53,_ZN13CTokenManagerD0Ev
FNDA:0,_ZNK13CTokenManager10GetTokenIDEiPKcm
FNDA:0,_ZNK13CTokenManager14GetTokenStringEii
FNDA:0,_ZNK13CTokenManager13CheckValidityEii
FNDA:0,_ZN13CTokenManagerC2Ev
FNDA:0,_ZN13CTokenManagerD0Ev
FNDA:0,_ZN13CTokenManagerD2Ev
FNF:6
FNH:0
DA:32,0
DA:35,0
DA:38,0
DA:40,0
DA:43,0
DA:45,0
DA:49,0
DA:51,0
DA:53,0
LF:9
LH:0
end_of_record
TN:testAll
SF:/usr/include/c++/5/new
FN:129,_ZnwmPv
FNDA:0,_ZnwmPv
FNF:1
FNH:0
DA:129,0
DA:130,0
LF:2
LH:0
end_of_record
SF:/home/yuanqin/myproject/DataX/build/obj/HTTPBase/DateHelper.h
FN:36,_ZN11CDateHelper21GMTDate2SecondTicketsEP2tmPl
FN:65,_ZN11CDateHelper9SerializeEPcmlPm
FNDA:0,_ZN11CDateHelper21GMTDate2SecondTicketsEP2tmPl
FNDA:0,_ZN11CDateHelper9SerializeEPcmlPm
FNF:2
FNH:0
DA:36,0
DA:39,0
DA:40,0
DA:41,0
DA:42,0
DA:44,0
DA:65,0
DA:68,0
DA:69,0
DA:71,0
LF:10
LH:0
end_of_record
SF:/home/yuanqin/myproject/DataX/build/obj/HTTPBase/FieldValue.cpp
FN:20,_ZN17CStringFieldValue14CreateInstanceEPKcmR11CLazyBuffer
FN:35,_ZN17CStringFieldValue5PrintEPcmPm
FN:51,_ZN14CIntFieldValue14CreateInstanceEPKcmR11CLazyBuffer
FN:68,_ZN17CWeightFieldValue5PrintEPcmPm
FN:131,_ZN17CWeightFieldValue14CreateInstanceEPKcmR11CLazyBuffer
FN:150,_ZN17CWeightFieldValue18GetQualityByStringEPKcmRtRm
FN:220,_ZN17CWeightFieldValue12FindPositionEPKcm
FN:257,_ZN15CDateFieldValue14CreateInstanceEPKcmR11CLazyBuffer
FN:276,_ZN15CDateFieldValue5PrintEPcmPm
FN:282,_ZN18CProductFieldValue14CreateInstanceEPKcmR11CLazyBuffer
FN:306,_ZN18CProductFieldValue5PrintEPcmPm
FNDA:1,_ZN17CStringFieldValue14CreateInstanceEPKcmR11CLazyBuffer
FNDA:0,_ZN17CStringFieldValue5PrintEPcmPm
FNDA:0,_ZN14CIntFieldValue14CreateInstanceEPKcmR11CLazyBuffer
FNDA:0,_ZN17CWeightFieldValue5PrintEPcmPm
FNDA:0,_ZN17CWeightFieldValue14CreateInstanceEPKcmR11CLazyBuffer
FNDA:0,_ZN17CWeightFieldValue18GetQualityByStringEPKcmRtRm
FNDA:0,_ZN17CWeightFieldValue12FindPositionEPKcm
FNDA:0,_ZN15CDateFieldValue14CreateInstanceEPKcmR11CLazyBuffer
FNDA:0,_ZN15CDateFieldValue5PrintEPcmPm
FNDA:0,_ZN18CProductFieldValue14CreateInstanceEPKcmR11CLazyBuffer
FNDA:0,_ZN18CProductFieldValue5PrintEPcmPm
FNF:11
FNH:1
DA:20,1
DA:23,1
DA:26,1
DA:27,1
DA:28,0
DA:30,1
DA:31,1
DA:32,1
DA:35,0
DA:37,0
DA:39,0
DA:40,0
DA:41,0
DA:42,0
DA:43,0
DA:45,0
DA:46,0
DA:47,0
DA:51,0
DA:54,0
DA:57,0
DA:58,0
DA:59,0
DA:60,0
DA:61,0
DA:64,0
DA:68,0
DA:70,0
DA:71,0
DA:72,0
DA:74,0
DA:75,0
DA:76,0
DA:78,0
DA:79,0
DA:84,0
DA:86,0
DA:87,0
DA:88,0
DA:90,0
DA:92,0
DA:94,0
DA:95,0
DA:96,0
DA:99,0
DA:100,0
DA:101,0
DA:102,0
DA:103,0
DA:105,0
DA:106,0
DA:107,0
DA:108,0
DA:110,0
DA:111,0
DA:113,0
DA:114,0
DA:115,0
DA:116,0
DA:117,0
DA:119,0
DA:120,0
DA:121,0
DA:122,0
DA:123,0
DA:124,0
DA:126,0
DA:127,0
DA:131,0
DA:134,0
DA:137,0
DA:138,0
DA:139,0
DA:140,0
DA:141,0
DA:142,0
DA:143,0
DA:147,0
DA:150,0
DA:156,0
DA:158,0
DA:159,0
DA:161,0
DA:162,0
DA:163,0
DA:165,0
DA:167,0
DA:168,0
DA:170,0
DA:171,0
DA:172,0
DA:174,0
DA:175,0
DA:176,0
DA:179,0
DA:180,0
DA:181,0
DA:182,0
DA:183,0
DA:185,0
DA:187,0
DA:188,0
DA:189,0
DA:190,0
DA:191,0
DA:193,0
DA:194,0
DA:195,0
DA:197,0
DA:198,0
DA:199,0
DA:200,0
DA:201,0
DA:205,0
DA:206,0
DA:209,0
DA:210,0
DA:212,0
DA:213,0
DA:214,0
DA:216,0
DA:217,0
DA:220,0
DA:222,0
DA:224,0
DA:225,0
DA:226,0
DA:227,0
DA:228,0
DA:229,0
DA:230,0
DA:231,0
DA:232,0
DA:233,0
DA:235,0
DA:237,0
DA:240,0
DA:241,0
DA:242,0
DA:243,0
DA:247,0
DA:248,0
DA:251,0
DA:253,0
DA:257,0
DA:260,0
DA:263,0
DA:264,0
DA:265,0
DA:266,0
DA:267,0
DA:268,0
DA:269,0
DA:273,0
DA:276,0
DA:278,0
DA:282,0
DA:286,0
DA:288,0
DA:289,0
DA:291,0
DA:292,0
DA:293,0
DA:295,0
DA:296,0
DA:297,0
DA:298,0
DA:299,0
DA:300,0
DA:301,0
DA:303,0
DA:306,0
DA:308,0
DA:311,0
DA:312,0
DA:313,0
DA:314,0
DA:315,0
DA:316,0
DA:317,0
DA:318,0
DA:319,0
DA:320,0
DA:321,0
DA:323,0
DA:325,0
LF:186
LH:7
end_of_record
SF:/home/yuanqin/myproject/DataX/build/obj/HTTPBase/FieldValue.h
FN:25,_ZN11IFieldValueC2Ev
FN:28,_ZN11IFieldValueD2Ev
FN:28,_ZN11IFieldValueD0Ev
FN:42,_ZN17CStringFieldValueC2EPKci
FN:49,_ZN17CStringFieldValueD2Ev
FN:49,_ZN17CStringFieldValueD0Ev
FN:65,_ZN14CIntFieldValueC2Ei
FN:66,_ZN14CIntFieldValueD2Ev
FN:66,_ZN14CIntFieldValueD0Ev
FN:69,_ZN14CIntFieldValue5PrintEPcmPm
FN:94,_ZN17CWeightFieldValueD2Ev
FN:94,_ZN17CWeightFieldValueD0Ev
FN:115,_ZN15CDateFieldValueC2El
FN:116,_ZN15CDateFieldValueD0Ev
FN:116,_ZN15CDateFieldValueD2Ev
FN:130,_ZN18CProductFieldValueC2EPKcS1_
FN:133,_ZN18CProductFieldValueD2Ev
FN:133,_ZN18CProductFieldValueD0Ev
FNDA:1,_ZN11IFieldValueC2Ev
FNDA:0,_ZN11IFieldValueD0Ev
FNDA:0,_ZN11IFieldValueD2Ev
FNDA:1,_ZN17CStringFieldValueC2EPKci
FNDA:0,_ZN17CStringFieldValueD0Ev
FNDA:0,_ZN17CStringFieldValueD2Ev
FNDA:0,_ZN14CIntFieldValueC2Ei
FNDA:0,_ZN14CIntFieldValueD0Ev
FNDA:0,_ZN14CIntFieldValueD2Ev
FNDA:0,_ZN14CIntFieldValue5PrintEPcmPm
FNDA:0,_ZN17CWeightFieldValueD0Ev
FNDA:0,_ZN17CWeightFieldValueD2Ev
FNDA:0,_ZN15CDateFieldValueC2El
FNDA:0,_ZN15CDateFieldValueD0Ev
FNDA:0,_ZN15CDateFieldValueD2Ev
FNDA:0,_ZN18CProductFieldValueC2EPKcS1_
FNDA:0,_ZN18CProductFieldValueD0Ev
FNDA:0,_ZN18CProductFieldValueD2Ev
FNF:18
FNH:2
DA:25,1
DA:28,0
DA:42,1
DA:44,1
DA:46,1
DA:47,1
DA:48,1
DA:49,0
DA:65,0
DA:66,0
DA:69,0
DA:71,0
DA:94,0
DA:115,0
DA:116,0
DA:130,0
DA:132,0
DA:133,0
LF:18
LH:6
end_of_record
TN:testAll
SF:/home/yuanqin/myproject/DataX/src/Common/StringIndex.h
FN:20,_ZNK12CStringIndex16GetStringByIndexEi
FNDA:0,_ZNK12CStringIndex16GetStringByIndexEi
FNF:1
FNH:0
DA:20,0
DA:22,0
DA:23,0
LF:3
LH:0
end_of_record
SF:/home/yuanqin/myproject/DataX/build/obj/HTTPBase/DateHelper.cpp
FN:38,_ZN11CDateHelper19GetHTTPDateByStringEPKcmP2tm
FN:87,_ZN11CDateHelper21GetCookieDateByStringEPKcmP2tm
FN:113,_ZN11CDateHelper20GetTimeOfDayByStringEPKcmPiS2_S2_
FN:129,_ZN11CDateHelper11IsValidDateEP2tm
FN:149,_ZN11CDateHelper18GetDateByASCStringEPKcmP2tm
FN:228,_ZN11CDateHelper18GetDateByIMFStringEPKcmP2tm
FN:312,_ZN11CDateHelper21GetDateByRFC850StringEPKcmP2tm
FN:404,_ZN11CDateHelper9SerializeEPcmP2tmPm
FN:428,_ZN11CDateHelper24CalcGMTLocalDeltaSecondsEv
FN:438,_Z41__static_initialization_and_destruction_0ii
FN:438,_GLOBAL__sub_I__ZN11CDateHelper9s_GMTNameE
FNDA:0,_ZN11CDateHelper19GetHTTPDateByStringEPKcmP2tm
FNDA:0,_ZN11CDateHelper21GetCookieDateByStringEPKcmP2tm
FNDA:0,_ZN11CDateHelper20GetTimeOfDayByStringEPKcmPiS2_S2_
FNDA:0,_ZN11CDateHelper11IsValidDateEP2tm
FNDA:0,_ZN11CDateHelper18GetDateByASCStringEPKcmP2tm
FNDA:0,_ZN11CDateHelper18GetDateByIMFStringEPKcmP2tm
FNDA:0,_ZN11CDateHelper21GetDateByRFC850StringEPKcmP2tm
FNDA:0,_ZN11CDateHelper9SerializeEPcmP2tmPm
FNDA:1,_ZN11CDateHelper24CalcGMTLocalDeltaSecondsEv
FNDA:1,_GLOBAL__sub_I__ZN11CDateHelper9s_GMTNameE
FNDA:1,_Z41__static_initialization_and_destruction_0ii
FNF:11
FNH:3
DA:29,1
DA:30,1
DA:31,1
DA:32,1
DA:33,1
DA:34,1
DA:36,1
DA:38,0
DA:40,0
DA:42,0
DA:43,0
DA:44,0
DA:45,0
DA:46,0
DA:47,0
DA:48,0
DA:49,0
DA:51,0
DA:52,0
DA:54,0
DA:55,0
DA:57,0
DA:58,0
DA:61,0
DA:62,0
DA:66,0
DA:67,0
DA:68,0
DA:69,0
DA:70,0
DA:71,0
DA:73,0
DA:74,0
DA:75,0
DA:76,0
DA:80,0
DA:81,0
DA:82,0
DA:84,0
DA:87,0
DA:90,0
DA:91,0
DA:92,0
DA:93,0
DA:94,0
DA:95,0
DA:98,0
DA:99,0
DA:101,0
DA:102,0
DA:103,0
DA:109,0
DA:110,0
DA:113,0
DA:116,0
DA:117,0
DA:118,0
DA:119,0
DA:120,0
DA:121,0
DA:122,0
DA:123,0
DA:124,0
DA:126,0
DA:129,0
DA:131,0
DA:132,0
DA:133,0
DA:134,0
DA:135,0
DA:140,0
DA:141,0
DA:143,0
DA:149,0
DA:152,0
DA:153,0
DA:154,0
DA:157,0
DA:158,0
DA:159,0
DA:160,0
DA:162,0
DA:163,0
DA:164,0
DA:165,0
DA:167,0
DA:168,0
DA:170,0
DA:171,0
DA:172,0
DA:173,0
DA:174,0
DA:176,0
DA:178,0
DA:180,0
DA:181,0
DA:182,0
DA:183,0
DA:184,0
DA:186,0
DA:188,0
DA:190,0
DA:191,0
DA:192,0
DA:194,0
DA:195,0
DA:197,0
DA:198,0
DA:200,0
DA:204,0
DA:205,0
DA:207,0
DA:209,0
DA:211,0
DA:213,0
DA:214,0
DA:218,0
DA:219,0
DA:220,0
DA:222,0
DA:228,0
DA:231,0
DA:232,0
DA:233,0
DA:236,0
DA:237,0
DA:238,0
DA:239,0
DA:241,0
DA:242,0
DA:243,0
DA:244,0
DA:246,0
DA:247,0
DA:248,0
DA:249,0
DA:250,0
DA:252,0
DA:254,0
DA:256,0
DA:257,0
DA:258,0
DA:259,0
DA:260,0
DA:262,0
DA:264,0
DA:266,0
DA:267,0
DA:268,0
DA:269,0
DA:270,0
DA:271,0
DA:273,0
DA:275,0
DA:277,0
DA:278,0
DA:280,0
DA:284,0
DA:285,0
DA:287,0
DA:289,0
DA:291,0
DA:292,0
DA:294,0
DA:295,0
DA:297,0
DA:298,0
DA:302,0
DA:303,0
DA:304,0
DA:306,0
DA:312,0
DA:315,0
DA:316,0
DA:317,0
DA:320,0
DA:321,0
DA:322,0
DA:323,0
DA:324,0
DA:326,0
DA:327,0
DA:328,0
DA:330,0
DA:332,0
DA:333,0
DA:335,0
DA:336,0
DA:337,0
DA:338,0
DA:339,0
DA:342,0
DA:343,0
DA:346,0
DA:347,0
DA:348,0
DA:349,0
DA:350,0
DA:351,0
DA:353,0
DA:354,0
DA:357,0
DA:358,0
DA:359,0
DA:360,0
DA:361,0
DA:364,0
DA:365,0
DA:366,0
DA:369,0
DA:370,0
DA:372,0
DA:373,0
DA:375,0
DA:379,0
DA:380,0
DA:382,0
DA:384,0
DA:386,0
DA:387,0
DA:389,0
DA:390,0
DA:392,0
DA:393,0
DA:397,0
DA:398,0
DA:399,0
DA:401,0
DA:404,0
DA:407,0
DA:408,0
DA:409,0
DA:411,0
DA:412,0
DA:418,0
DA:422,0
DA:423,0
DA:424,0
DA:425,0
DA:428,1
DA:430,1
DA:432,1
DA:434,1
DA:435,1
DA:436,1
DA:437,1
DA:438,3
LF:247
LH:15
end_of_record
SF:/home/yuanqin/myproject/DataX/build/obj/HTTPBase/DateHelper.h
FN:47,_ZN11CDateHelper10IsLeapYearEi
FNDA:0,_ZN11CDateHelper10IsLeapYearEi
FNF:1
FNH:0
DA:47,0
DA:49,0
LF:2
LH:0
end_of_record
TN:testAll
SF:/home/yuanqin/myproject/DataX/src/Common/Singleton.h
FN:26,_ZN10CSingletonI13CTokenManagerE8InstanceEv
FN:33,_ZN10CSingletonI13CTokenManagerEC2Ev
FN:34,_ZN10CSingletonI13CTokenManagerED0Ev
FN:34,_ZN10CSingletonI13CTokenManagerED2Ev
FNDA:1,_ZN10CSingletonI13CTokenManagerE8InstanceEv
FNDA:1,_ZN10CSingletonI13CTokenManagerEC2Ev
FNDA:0,_ZN10CSingletonI13CTokenManagerED0Ev
FNDA:1,_ZN10CSingletonI13CTokenManagerED2Ev
FNF:4
FNH:3
DA:26,1
DA:28,1
DA:29,1
DA:33,1
DA:34,1
LF:5
LH:5
end_of_record
SF:/home/yuanqin/myproject/DataX/src/Memory/LazyBuffer.h
FN:14,_ZN11CLazyBufferC2Em
FNDA:0,_ZN11CLazyBufferC2Em
FNF:1
FNH:0
DA:14,0
DA:18,0
LF:2
LH:0
end_of_record
SF:/home/yuanqin/myproject/DataX/src/Memory/Memory.h
FN:13,_ZN7CMemoryC2Em
FNDA:0,_ZN7CMemoryC2Em
FNF:1
FNH:0
DA:13,0
LF:1
LH:0
end_of_record
SF:/home/yuanqin/myproject/DataX/src/Thread/Lock.h
FN:18,_ZN16CCriticalSectionD2Ev
FNDA:3,_ZN16CCriticalSectionD2Ev
FNF:1
FNH:1
DA:18,3
DA:19,3
DA:20,3
DA:21,3
DA:22,3
LF:5
LH:5
end_of_record
SF:/home/yuanqin/myproject/DataX/build/obj/HTTPBase/HeaderField.h
FN:106,_ZNK12CHeaderField11AnchorBeginEv
FN:107,_ZNK12CHeaderField5IsEndEm
FNDA:0,_ZNK12CHeaderField11AnchorBeginEv
FNDA:0,_ZNK12CHeaderField5IsEndEm
FNF:2
FNH:0
DA:106,0
DA:107,0
LF:2
LH:0
end_of_record
SF:/home/yuanqin/myproject/DataX/build/obj/HTTPBase/HeaderParser.h
FN:22,_ZN13CHeaderParser15GetConsumedSizeEv
FN:23,_ZN13CHeaderParser12GetErrorCodeEv
FN:32,_ZN13CHeaderParser15BuildStatusLineEv
FNDA:0,_ZN13CHeaderParser15GetConsumedSizeEv
FNDA:0,_ZN13CHeaderParser12GetErrorCodeEv
FNDA:0,_ZN13CHeaderParser15BuildStatusLineEv
FNF:3
FNH:0
DA:22,0
DA:23,0
DA:32,0
DA:35,0
LF:4
LH:0
end_of_record
SF:/home/yuanqin/myproject/DataX/build/obj/HTTPBase/Request.cpp
FN:15,_ZN12CRequestLineC2EiPKci
FN:29,_ZN12CRequestLineC2Eii
FN:39,_ZN12CRequestLineC2EiP4CUrijti
FN:56,_ZN12CRequestLineD2Ev
FN:60,_ZN12CRequestLine9SetTargetEP4CUrijt
FN:73,_ZN12CRequestLine9SetTargetEPKc
FN:82,_ZNK12CRequestLine9SerializeEPcmPm
FN:158,_ZN8CRequestC2EiiP12CHeaderFieldPKNS0_12GlobalConfigENS_15RequestPriorityE
FN:181,_ZN8CRequestC2EiPKciP12CHeaderFieldPKNS2_12GlobalConfigENS_15RequestPriorityE
FN:205,_ZN8CRequestC2EiP4CUrijtiP12CHeaderFieldPKNS2_12GlobalConfigENS_15RequestPriorityE
FN:231,_ZN8CRequestD0Ev
FN:231,_ZN8CRequestD2Ev
FN:237,_ZN8CRequest7PrepareEv
FN:249,_ZN8CRequest5ResetEv
FN:260,_ZN8CRequest9SerializeEPhmPm
FN:318,_ZN8CRequest14HandleResponseEPhmPm
FN:395,_Z41__static_initialization_and_destruction_0ii
FN:395,_GLOBAL__sub_I__ZN12CRequestLineC2EiPKci
FNDA:0,_ZN12CRequestLineC2EiPKci
FNDA:0,_ZN12CRequestLineC2Eii
FNDA:0,_ZN12CRequestLineC2EiP4CUrijti
FNDA:0,_ZN12CRequestLineD2Ev
FNDA:0,_ZN12CRequestLine9SetTargetEP4CUrijt
FNDA:0,_ZN12CRequestLine9SetTargetEPKc
FNDA:0,_ZNK12CRequestLine9SerializeEPcmPm
FNDA:0,_ZN8CRequestC2EiiP12CHeaderFieldPKNS0_12GlobalConfigENS_15RequestPriorityE
FNDA:0,_ZN8CRequestC2EiPKciP12CHeaderFieldPKNS2_12GlobalConfigENS_15RequestPriorityE
FNDA:0,_ZN8CRequestC2EiP4CUrijtiP12CHeaderFieldPKNS2_12GlobalConfigENS_15RequestPriorityE
FNDA:0,_ZN8CRequestD0Ev
FNDA:0,_ZN8CRequestD2Ev
FNDA:0,_ZN8CRequest7PrepareEv
FNDA:0,_ZN8CRequest5ResetEv
FNDA:0,_ZN8CRequest9SerializeEPhmPm
FNDA:0,_ZN8CRequest14HandleResponseEPhmPm
FNDA:1,_GLOBAL__sub_I__ZN12CRequestLineC2EiPKci
FNDA:1,_Z41__static_initialization_and_destruction_0ii
FNF:18
FNH:2
DA:15,0
DA:22,0
DA:24,0
DA:25,0
DA:26,0
DA:27,0
DA:29,0
DA:35,0
DA:37,0
DA:39,0
DA:48,0
DA:50,0
DA:51,0
DA:52,0
DA:53,0
DA:54,0
DA:56,0
DA:58,0
DA:60,0
DA:63,0
DA:64,0
DA:65,0
DA:67,0
DA:68,0
DA:69,0
DA:70,0
DA:71,0
DA:73,0
DA:75,0
DA:76,0
DA:78,0
DA:79,0
DA:80,0
DA:82,0
DA:84,0
DA:85,0
DA:87,0
DA:88,0
DA:89,0
DA:92,0
DA:93,0
DA:95,0
DA:98,0
DA:99,0
DA:100,0
DA:101,0
DA:104,0
DA:105,0
DA:106,0
DA:107,0
DA:111,0
DA:112,0
DA:113,0
DA:114,0
DA:115,0
DA:116,0
DA:117,0
DA:118,0
DA:119,0
DA:121,0
DA:122,0
DA:123,0
DA:124,0
DA:129,0
DA:130,0
DA:131,0
DA:132,0
DA:133,0
DA:134,0
DA:138,0
DA:139,0
DA:140,0
DA:141,0
DA:143,0
DA:144,0
DA:146,0
DA:155,1
DA:156,1
DA:158,0
DA:173,0
DA:175,0
DA:176,0
DA:177,0
DA:179,0
DA:181,0
DA:197,0
DA:199,0
DA:200,0
DA:201,0
DA:203,0
DA:205,0
DA:223,0
DA:225,0
DA:226,0
DA:227,0
DA:229,0
DA:231,0
DA:233,0
DA:234,0
DA:235,0
DA:237,0
DA:239,0
DA:240,0
DA:241,0
DA:242,0
DA:243,0
DA:246,0
DA:249,0
DA:251,0
DA:252,0
DA:253,0
DA:254,0
DA:255,0
DA:256,0
DA:258,0
DA:260,0
DA:262,0
DA:263,0
DA:265,0
DA:266,0
DA:267,0
DA:268,0
DA:270,0
DA:271,0
DA:273,0
DA:274,0
DA:275,0
DA:276,0
DA:277,0
DA:278,0
DA:279,0
DA:281,0
DA:284,0
DA:286,0
DA:289,0
DA:290,0
DA:291,0
DA:292,0
DA:293,0
DA:295,0
DA:296,0
DA:297,0
DA:298,0
DA:301,0
DA:302,0
DA:303,0
DA:304,0
DA:306,0
DA:308,0
DA:309,0
DA:312,0
DA:313,0
DA:315,0
DA:318,0
DA:321,0
DA:322,0
DA:323,0
DA:324,0
DA:326,0
DA:327,0
DA:328,0
DA:329,0
DA:330,0
DA:331,0
DA:333,0
DA:336,0
DA:337,0
DA:338,0
DA:339,0
DA:340,0
DA:341,0
DA:342,0
DA:344,0
DA:345,0
DA:346,0
DA:347,0
DA:353,0
DA:354,0
DA:355,0
DA:356,0
DA:357,0
DA:358,0
DA:360,0
DA:362,0
DA:363,0
DA:364,0
DA:365,0
DA:366,0
DA:367,0
DA:368,0
DA:369,0
DA:370,0
DA:371,0
DA:372,0
DA:373,0
DA:374,0
DA:375,0
DA:376,0
DA:382,0
DA:383,0
DA:384,0
DA:386,0
DA:387,0
DA:390,0
DA:391,0
DA:392,0
DA:394,0
DA:395,3
LF:208
LH:3
end_of_record
SF:/home/yuanqin/myproject/DataX/build/obj/HTTPBase/Request.h
FN:52,_ZN12CRequestLine8URIValueC2EP4CUrijt
FN:62,_ZN12CRequestLine11TargetValueC2Ev
FN:63,_ZN12CRequestLine11TargetValueC2EPKc
FN:64,_ZN12CRequestLine11TargetValueC2EP4CUrijt
FN:160,_ZN8CRequest13EventCategoryEv
FNDA:0,_ZN12CRequestLine8URIValueC2EP4CUrijt
FNDA:0,_ZN12CRequestLine11TargetValueC2Ev
FNDA:0,_ZN12CRequestLine11TargetValueC2EPKc
FNDA:0,_ZN12CRequestLine11TargetValueC2EP4CUrijt
FNDA:0,_ZN8CRequest13EventCategoryEv
FNF:5
FNH:0
DA:52,0
DA:55,0
DA:62,0
DA:63,0
DA:64,0
DA:65,0
DA:160,0
LF:7
LH:0
end_of_record
SF:/home/yuanqin/myproject/DataX/build/obj/HTTPBase/StatusLine.h
FN:19,_ZNK11CStatusLine12GetVersionIDEv
FN:20,_ZNK11CStatusLine13GetStatusCodeEv
FN:21,_ZNK11CStatusLine15GetStatusPhraseEv
FN:24,_ZN11CStatusLine15CreateInstance1EPKcmP11CLazyBuffer
FNDA:0,_ZNK11CStatusLine12GetVersionIDEv
FNDA:0,_ZNK11CStatusLine13GetStatusCodeEv
FNDA:0,_ZNK11CStatusLine15GetStatusPhraseEv
FNDA:0,_ZN11CStatusLine15CreateInstance1EPKcmP11CLazyBuffer
FNF:4
FNH:0
DA:19,0
DA:20,0
DA:21,0
DA:24,0
DA:26,0
LF:5
LH:0
end_of_record
SF:/home/yuanqin/myproject/DataX/build/obj/HTTPBase/Token.h
FN:38,_ZNK13CTokenManager14GetTokenStringEii
FN:49,_ZN13CTokenManagerC2Ev
FN:53,_ZN13CTokenManagerD0Ev
FN:53,_ZN13CTokenManagerD2Ev
FNDA:0,_ZNK13CTokenManager14GetTokenStringEii
FNDA:1,_ZN13CTokenManagerC2Ev
FNDA:0,_ZN13CTokenManagerD0Ev
FNDA:1,_ZN13CTokenManagerD2Ev
FNF:4
FNH:2
DA:38,0
DA:40,0
DA:49,1
DA:51,1
DA:53,1
LF:5
LH:3
end_of_record
TN:testAll
SF:/home/yuanqin/myproject/DataX/src/Common/ForwardList.h
FN:15,_ZN12CForwardList8IteratorC2EPN16CIntrusiveFwList10FwListNodeE
FN:16,_ZN12CForwardList8IteratorC2ERKS0_
FN:17,_ZN12CForwardList8IteratorD2Ev
FN:19,_ZN12CForwardList8IteratorppEv
FN:32,_ZN12CForwardList8IteratoreqERKS0_
FN:37,_ZN12CForwardList8IteratorneERKS0_
FN:48,_ZN12CForwardListC2EP7CMemory
FN:84,_ZNK12CForwardList5CountEv
FN:106,_ZN12CForwardList6DataAtENS_8IteratorE
FN:115,_ZN12CForwardList8PushBackEPv
FN:218,_ZN12CForwardList5BeginEv
FN:223,_ZNK12CForwardList3EndEv
FNDA:0,_ZN12CForwardList8IteratorC2EPN16CIntrusiveFwList10FwListNodeE
FNDA:0,_ZN12CForwardList8IteratorC2ERKS0_
FNDA:0,_ZN12CForwardList8IteratorD2Ev
FNDA:0,_ZN12CForwardList8IteratorppEv
FNDA:0,_ZN12CForwardList8IteratoreqERKS0_
FNDA:0,_ZN12CForwardList8IteratorneERKS0_
FNDA:0,_ZN12CForwardListC2EP7CMemory
FNDA:0,_ZNK12CForwardList5CountEv
FNDA:0,_ZN12CForwardList6DataAtENS_8IteratorE
FNDA:0,_ZN12CForwardList8PushBackEPv
FNDA:0,_ZN12CForwardList5BeginEv
FNDA:0,_ZNK12CForwardList3EndEv
FNF:12
FNH:0
DA:15,0
DA:16,0
DA:17,0
DA:19,0
DA:21,0
DA:22,0
DA:23,0
DA:32,0
DA:34,0
DA:37,0
DA:39,0
DA:48,0
DA:52,0
DA:54,0
DA:55,0
DA:56,0
DA:84,0
DA:106,0
DA:108,0
DA:109,0
DA:110,0
DA:112,0
DA:115,0
DA:117,0
DA:218,0
DA:220,0
DA:223,0
DA:225,0
LF:28
LH:0
end_of_record
SF:/home/yuanqin/myproject/DataX/src/Common/IntrusiveFwList.h
FN:28,_ZN16CIntrusiveFwList10FwListNode7GetNextEv
FN:30,_ZN16CIntrusiveFwList10FwListNode7GetDataEv
FN:33,_ZN16CIntrusiveFwListC2EPv
FN:43,_ZNK16CIntrusiveFwList5CountEv
FN:44,_ZN16CIntrusiveFwList5FirstEv
FN:45,_ZN16CIntrusiveFwList4LastEv
FNDA:0,_ZN16CIntrusiveFwList10FwListNode7GetNextEv
FNDA:0,_ZN16CIntrusiveFwList10FwListNode7GetDataEv
FNDA:0,_ZN16CIntrusiveFwListC2EPv
FNDA:0,_ZNK16CIntrusiveFwList5CountEv
FNDA:0,_ZN16CIntrusiveFwList5FirstEv
FNDA:0,_ZN16CIntrusiveFwList4LastEv
FNF:6
FNH:0
DA:28,0
DA:30,0
DA:33,0
DA:36,0
DA:43,0
DA:44,0
DA:45,0
LF:7
LH:0
end_of_record
SF:/home/yuanqin/myproject/DataX/src/Common/StringPicker.h
FN:21,_ZN13CStringPickerC2EcPKcS1_
FN:43,_ZN13CStringPickerD2Ev
FNDA:0,_ZN13CStringPickerC2EcPKcS1_
FNDA:0,_ZN13CStringPickerD2Ev
FNF:2
FNH:0
DA:21,0
DA:27,0
DA:29,0
DA:30,0
DA:43,0
LF:5
LH:0
end_of_record
SF:/home/yuanqin/myproject/DataX/src/Memory/LazyBuffer.h
FN:14,_ZN11CLazyBufferC2Em
FNDA:0,_ZN11CLazyBufferC2Em
FNF:1
FNH:0
DA:14,0
DA:18,0
LF:2
LH:0
end_of_record
SF:/home/yuanqin/myproject/DataX/src/Memory/Memory.h
FN:13,_ZN7CMemoryC2Em
FN:19,_ZNK7CMemory12MaxChunkSizeEv
FNDA:0,_ZN7CMemoryC2Em
FNDA:0,_ZNK7CMemory12MaxChunkSizeEv
FNF:2
FNH:0
DA:13,0
DA:19,0
LF:2
LH:0
end_of_record
SF:/usr/include/c++/5/bits/stl_function.h
FN:891,_ZNKSt10_Select1stISt4pairIKPKciEEclERKS4_
FNDA:456,_ZNKSt10_Select1stISt4pairIKPKciEEclERKS4_
FNF:1
FNH:1
DA:891,456
DA:892,456
LF:2
LH:2
end_of_record
SF:/usr/include/c++/5/bits/stl_map.h
FN:365,_ZNKSt3mapIPKciPFbS1_S1_ESaISt4pairIKS1_iEEE3endEv
FN:870,_ZNKSt3mapIPKciPFbS1_S1_ESaISt4pairIKS1_iEEE4findERS5_
FNDA:2,_ZNKSt3mapIPKciPFbS1_S1_ESaISt4pairIKS1_iEEE3endEv
FNDA:2,_ZNKSt3mapIPKciPFbS1_S1_ESaISt4pairIKS1_iEEE4findERS5_
FNF:2
FNH:2
DA:365,2
DA:366,2
DA:870,2
DA:871,2
LF:4
LH:4
end_of_record
SF:/usr/include/c++/5/bits/stl_tree.h
FN:156,_ZNKSt13_Rb_tree_nodeISt4pairIKPKciEE9_M_valptrEv
FN:263,_ZNSt23_Rb_tree_const_iteratorISt4pairIKPKciEEC2EPKSt18_Rb_tree_node_base
FN:278,_ZNKSt23_Rb_tree_const_iteratorISt4pairIKPKciEEptEv
FN:312,_ZNKSt23_Rb_tree_const_iteratorISt4pairIKPKciEEeqERKS5_
FN:316,_ZNKSt23_Rb_tree_const_iteratorISt4pairIKPKciEEneERKS5_
FN:655,_ZNKSt8_Rb_treeIPKcSt4pairIKS1_iESt10_Select1stIS4_EPFbS1_S1_ESaIS4_EE8_M_beginEv
FN:666,_ZNKSt8_Rb_treeIPKcSt4pairIKS1_iESt10_Select1stIS4_EPFbS1_S1_ESaIS4_EE6_M_endEv
FN:670,_ZNSt8_Rb_treeIPKcSt4pairIKS1_iESt10_Select1stIS4_EPFbS1_S1_ESaIS4_EE8_S_valueEPKSt13_Rb_tree_nodeIS4_E
FN:674,_ZNSt8_Rb_treeIPKcSt4pairIKS1_iESt10_Select1stIS4_EPFbS1_S1_ESaIS4_EE6_S_keyEPKSt13_Rb_tree_nodeIS4_E
FN:682,_ZNSt8_Rb_treeIPKcSt4pairIKS1_iESt10_Select1stIS4_EPFbS1_S1_ESaIS4_EE7_S_leftEPKSt18_Rb_tree_node_base
FN:690,_ZNSt8_Rb_treeIPKcSt4pairIKS1_iESt10_Select1stIS4_EPFbS1_S1_ESaIS4_EE8_S_rightEPKSt18_Rb_tree_node_base
FN:694,_ZNSt8_Rb_treeIPKcSt4pairIKS1_iESt10_Select1stIS4_EPFbS1_S1_ESaIS4_EE8_S_valueEPKSt18_Rb_tree_node_base
FN:698,_ZNSt8_Rb_treeIPKcSt4pairIKS1_iESt10_Select1stIS4_EPFbS1_S1_ESaIS4_EE6_S_keyEPKSt18_Rb_tree_node_base
FN:881,_ZNKSt8_Rb_treeIPKcSt4pairIKS1_iESt10_Select1stIS4_EPFbS1_S1_ESaIS4_EE3endEv
FN:1639,_ZNKSt8_Rb_treeIPKcSt4pairIKS1_iESt10_Select1stIS4_EPFbS1_S1_ESaIS4_EE14_M_lower_boundEPKSt13_Rb_tree_nodeIS4_ESE_RS3_
FN:2305,_ZNKSt8_Rb_treeIPKcSt4pairIKS1_iESt10_Select1stIS4_EPFbS1_S1_ESaIS4_EE4findERS3_
FNDA:330,_ZNKSt13_Rb_tree_nodeISt4pairIKPKciEE9_M_valptrEv
FNDA:6,_ZNSt23_Rb_tree_const_iteratorISt4pairIKPKciEEC2EPKSt18_Rb_tree_node_base
FNDA:2,_ZNKSt23_Rb_tree_const_iteratorISt4pairIKPKciEEptEv
FNDA:2,_ZNKSt23_Rb_tree_const_iteratorISt4pairIKPKciEEeqERKS5_
FNDA:2,_ZNKSt23_Rb_tree_const_iteratorISt4pairIKPKciEEneERKS5_
FNDA:2,_ZNKSt8_Rb_treeIPKcSt4pairIKS1_iESt10_Select1stIS4_EPFbS1_S1_ESaIS4_EE8_M_beginEv
FNDA:2,_ZNKSt8_Rb_treeIPKcSt4pairIKS1_iESt10_Select1stIS4_EPFbS1_S1_ESaIS4_EE6_M_endEv
FNDA:171,_ZNSt8_Rb_treeIPKcSt4pairIKS1_iESt10_Select1stIS4_EPFbS1_S1_ESaIS4_EE8_S_valueEPKSt13_Rb_tree_nodeIS4_E
FNDA:171,_ZNSt8_Rb_treeIPKcSt4pairIKS1_iESt10_Select1stIS4_EPFbS1_S1_ESaIS4_EE6_S_keyEPKSt13_Rb_tree_nodeIS4_E
FNDA:2,_ZNSt8_Rb_treeIPKcSt4pairIKS1_iESt10_Select1stIS4_EPFbS1_S1_ESaIS4_EE7_S_leftEPKSt18_Rb_tree_node_base
FNDA:10,_ZNSt8_Rb_treeIPKcSt4pairIKS1_iESt10_Select1stIS4_EPFbS1_S1_ESaIS4_EE8_S_rightEPKSt18_Rb_tree_node_base
FNDA:157,_ZNSt8_Rb_treeIPKcSt4pairIKS1_iESt10_Select1stIS4_EPFbS1_S1_ESaIS4_EE8_S_valueEPKSt18_Rb_tree_node_base
FNDA:157,_ZNSt8_Rb_treeIPKcSt4pairIKS1_iESt10_Select1stIS4_EPFbS1_S1_ESaIS4_EE6_S_keyEPKSt18_Rb_tree_node_base
FNDA:4,_ZNKSt8_Rb_treeIPKcSt4pairIKS1_iESt10_Select1stIS4_EPFbS1_S1_ESaIS4_EE3endEv
FNDA:2,_ZNKSt8_Rb_treeIPKcSt4pairIKS1_iESt10_Select1stIS4_EPFbS1_S1_ESaIS4_EE14_M_lower_boundEPKSt13_Rb_tree_nodeIS4_ESE_RS3_
FNDA:2,_ZNKSt8_Rb_treeIPKcSt4pairIKS1_iESt10_Select1stIS4_EPFbS1_S1_ESaIS4_EE4findERS3_
FNF:16
FNH:16
DA:156,330
DA:157,330
DA:263,6
DA:264,6
DA:278,2
DA:279,2
DA:312,2
DA:313,2
DA:316,2
DA:317,2
DA:655,2
DA:658,2
DA:666,2
DA:667,2
DA:670,171
DA:671,171
DA:674,171
DA:675,171
DA:682,2
DA:683,2
DA:690,10
DA:691,10
DA:694,157
DA:695,157
DA:698,157
DA:699,157
DA:881,4
DA:882,4
DA:1639,14
DA:1643,26
DA:1644,12
DA:1645,2
DA:1647,10
DA:1648,2
DA:2305,2
DA:2308,2
DA:2309,8
DA:2310,4
DA:2311,12
LF:39
LH:39
end_of_record
SF:/usr/include/c++/5/ext/aligned_buffer.h
FN:66,_ZNK9__gnu_cxx16__aligned_membufISt4pairIKPKciEE7_M_addrEv
FN:74,_ZNK9__gnu_cxx16__aligned_membufISt4pairIKPKciEE6_M_ptrEv
FNDA:330,_ZNK9__gnu_cxx16__aligned_membufISt4pairIKPKciEE7_M_addrEv
FNDA:330,_ZNK9__gnu_cxx16__aligned_membufISt4pairIKPKciEE6_M_ptrEv
FNF:2
FNH:2
DA:66,330
DA:67,330
DA:74,330
DA:75,330
LF:4
LH:4
end_of_record
SF:/usr/include/c++/5/new
FN:129,_ZnwmPv
FNDA:0,_ZnwmPv
FNF:1
FNH:0
DA:129,0
DA:130,0
LF:2
LH:0
end_of_record
SF:/home/yuanqin/myproject/DataX/build/obj/HTTPBase/HeaderField.cpp
FN:22,_ZNK12CHeaderField12GlobalConfig10GetFieldIDEPKc
FN:33,_ZN12CHeaderField16FieldInitedValueC2ER7CMemorym
FN:41,_ZN12CHeaderField16FieldInitedValue6AppendEmP11IFieldValue
FN:57,_ZN12CHeaderField16FieldInitedValue5ClearEm
FN:68,_ZN12CHeaderFieldC2EPKNS_12GlobalConfigE
FN:80,_ZN12CHeaderFieldD2Ev
FN:88,_ZN12CHeaderField14CreateInstanceEPKNS_12GlobalConfigEPNS_16FieldInitedValueE
FN:117,_ZN12CHeaderField19GetFieldValueByNameEPKc
FN:128,_ZNK12CHeaderField5CountEv
FN:139,_ZN12CHeaderField16SetExtFieldValueEPKcS1_
FN:154,_ZN12CHeaderField13SetFieldValueEPKcS1_
FN:195,_ZN12CHeaderField13SetFieldValueEiPKc
FN:226,_ZN12CHeaderField17SetFieldValueByIDEiP12CForwardList
FN:244,_ZN12CHeaderField16AppendFieldValueEiP11IFieldValue
FN:263,_ZN12CHeaderField9SerializeEPcmPKcS2_mPm
FN:358,_ZN12CHeaderField20CreateFieldValueListEPKccPFP11IFieldValueS1_mR11CLazyBufferES5_
FN:396,_ZN12CHeaderField4DumpEv
FNDA:2,_ZNK12CHeaderField12GlobalConfig10GetFieldIDEPKc
FNDA:0,_ZN12CHeaderField16FieldInitedValueC2ER7CMemorym
FNDA:0,_ZN12CHeaderField16FieldInitedValue6AppendEmP11IFieldValue
FNDA:0,_ZN12CHeaderField16FieldInitedValue5ClearEm
FNDA:1,_ZN12CHeaderFieldC2EPKNS_12GlobalConfigE
FNDA:1,_ZN12CHeaderFieldD2Ev
FNDA:1,_ZN12CHeaderField14CreateInstanceEPKNS_12GlobalConfigEPNS_16FieldInitedValueE
FNDA:1,_ZN12CHeaderField19GetFieldValueByNameEPKc
FNDA:0,_ZNK12CHeaderField5CountEv
FNDA:0,_ZN12CHeaderField16SetExtFieldValueEPKcS1_
FNDA:1,_ZN12CHeaderField13SetFieldValueEPKcS1_
FNDA:0,_ZN12CHeaderField13SetFieldValueEiPKc
FNDA:0,_ZN12CHeaderField17SetFieldValueByIDEiP12CForwardList
FNDA:0,_ZN12CHeaderField16AppendFieldValueEiP11IFieldValue
FNDA:0,_ZN12CHeaderField9SerializeEPcmPKcS2_mPm
FNDA:1,_ZN12CHeaderField20CreateFieldValueListEPKccPFP11IFieldValueS1_mR11CLazyBufferES5_
FNDA:0,_ZN12CHeaderField4DumpEv
FNF:17
FNH:7
DA:22,2
DA:24,2
DA:26,2
DA:27,2
DA:28,2
DA:30,0
DA:33,0
DA:34,0
DA:36,0
DA:37,0
DA:39,0
DA:41,0
DA:43,0
DA:45,0
DA:46,0
DA:47,0
DA:48,0
DA:49,0
DA:52,0
DA:53,0
DA:54,0
DA:55,0
DA:57,0
DA:59,0
DA:60,0
DA:61,0
DA:62,0
DA:68,1
DA:72,1
DA:74,1
DA:75,1
DA:76,1
DA:77,1
DA:78,1
DA:80,2
DA:82,1
DA:83,1
DA:84,1
DA:86,1
DA:88,1
DA:91,1
DA:92,1
DA:93,0
DA:96,1
DA:97,1
DA:98,1
DA:99,1
DA:100,1
DA:101,0
DA:102,0
DA:103,0
DA:105,0
DA:106,0
DA:107,0
DA:111,0
DA:112,0
DA:114,1
DA:117,1
DA:119,1
DA:121,1
DA:122,1
DA:123,1
DA:125,0
DA:128,0
DA:130,0
DA:131,0
DA:132,0
DA:133,0
DA:136,0
DA:139,0
DA:141,0
DA:142,0
DA:144,0
DA:145,0
DA:147,0
DA:148,0
DA:149,0
DA:151,0
DA:154,1
DA:156,1
DA:157,1
DA:159,1
DA:160,1
DA:161,0
DA:162,0
DA:163,0
DA:165,0
DA:168,1
DA:169,0
DA:170,0
DA:173,1
DA:174,1
DA:175,0
DA:176,0
DA:179,2
DA:181,1
DA:183,1
DA:184,1
DA:185,0
DA:187,1
DA:188,0
DA:190,1
DA:192,1
DA:195,0
DA:197,0
DA:198,0
DA:200,0
DA:201,0
DA:202,0
DA:204,0
DA:205,0
DA:206,0
DA:207,0
DA:210,0
DA:212,0
DA:214,0
DA:215,0
DA:216,0
DA:218,0
DA:219,0
DA:221,0
DA:223,0
DA:226,0
DA:228,0
DA:229,0
DA:230,0
DA:232,0
DA:233,0
DA:234,0
DA:235,0
DA:237,0
DA:239,0
DA:241,0
DA:244,0
DA:246,0
DA:247,0
DA:248,0
DA:250,0
DA:251,0
DA:252,0
DA:253,0
DA:254,0
DA:257,0
DA:258,0
DA:260,0
DA:263,0
DA:271,0
DA:272,0
DA:273,0
DA:274,0
DA:275,0
DA:276,0
DA:278,0
DA:279,0
DA:280,0
DA:281,0
DA:282,0
DA:284,0
DA:286,0
DA:287,0
DA:288,0
DA:289,0
DA:291,0
DA:293,0
DA:294,0
DA:295,0
DA:297,0
DA:298,0
DA:299,0
DA:300,0
DA:301,0
DA:302,0
DA:304,0
DA:307,0
DA:308,0
DA:309,0
DA:310,0
DA:311,0
DA:313,0
DA:315,0
DA:316,0
DA:317,0
DA:318,0
DA:319,0
DA:320,0
DA:321,0
DA:323,0
DA:324,0
DA:327,0
DA:331,0
DA:332,0
DA:333,0
DA:335,0
DA:339,0
DA:340,0
DA:341,0
DA:342,0
DA:343,0
DA:344,0
DA:347,0
DA:349,0
DA:350,0
DA:351,0
DA:352,0
DA:353,0
DA:355,0
DA:358,1
DA:364,1
DA:365,1
DA:367,1
DA:368,1
DA:369,0
DA:370,0
DA:372,1
DA:373,2
DA:374,1
DA:375,1
DA:376,1
DA:377,3
DA:378,1
DA:379,1
DA:380,1
DA:382,0
DA:384,0
DA:386,1
DA:387,0
DA:389,1
DA:390,1
DA:393,1
DA:396,0
DA:399,0
DA:400,0
DA:402,0
DA:403,0
DA:404,0
DA:409,0
DA:410,0
DA:411,0
DA:413,0
DA:414,0
LF:240
LH:64
end_of_record
SF:/home/yuanqin/myproject/DataX/build/obj/HTTPBase/HeaderField.h
FN:43,_ZNK12CHeaderField10ItemConfig17SupportMultiItemsEv
FN:106,_ZNK12CHeaderField11AnchorBeginEv
FN:107,_ZNK12CHeaderField5IsEndEm
FNDA:1,_ZNK12CHeaderField10ItemConfig17SupportMultiItemsEv
FNDA:0,_ZNK12CHeaderField11AnchorBeginEv
FNDA:0,_ZNK12CHeaderField5IsEndEm
FNF:3
FNH:1
DA:43,1
DA:106,0
DA:107,0
LF:3
LH:1
end_of_record
