TN:testAll
SF:/home/yuanqin/myproject/DataX/src/Common/ByteData.h
FN:12,_ZN9CByteDataC2EPvmPFvS0_E
FN:31,_ZN9CByteDataD2Ev
FNDA:73,_ZN9CByteDataC2EPvmPFvS0_E
FNDA:73,_ZN9CByteDataD2Ev
FNF:2
FNH:2
DA:12,73
DA:18,73
DA:20,73
DA:21,73
DA:31,73
DA:32,73
DA:33,73
DA:34,2
DA:36,73
LF:9
LH:9
end_of_record
SF:/home/yuanqin/myproject/DataX/src/HTTP/HttpCookieData.h
FN:34,_ZN15CHttpCookieData9AttributeC2EPKcS2_S2_lbb
FNDA:3,_ZN15CHttpCookieData9AttributeC2EPKcS2_S2_lbb
FNF:1
FNH:1
DA:34,3
DA:46,3
LF:2
LH:2
end_of_record
SF:/home/yuanqin/myproject/DataX/src/Common/ByteData.h
DA:12,73
DA:18,73
DA:20,73
DA:21,73
DA:31,73
DA:32,73
DA:33,73
DA:34,2
DA:36,73
DA:45,143
DA:46,108
LF:11
LH:11
end_of_record
SF:/home/yuanqin/myproject/DataX/src/HTTP/HttpCookieData.h
DA:34,3
DA:46,3
LF:2
LH:2
end_of_record
SF:/home/yuanqin/myproject/DataX/unit-test/build/TestHttpCookieData.cpp
FN:7,_ZN38TEST_GROUP_CppUTestGroupHttpCookieDataD0Ev
FN:7,_ZN38TEST_GROUP_CppUTestGroupHttpCookieDataD2Ev
FN:7,_ZN38TEST_GROUP_CppUTestGroupHttpCookieDataC2Ev
FN:10,_ZN38TEST_GROUP_CppUTestGroupHttpCookieData5setupEv
FN:14,_ZN38TEST_GROUP_CppUTestGroupHttpCookieData8teardownEv
FN:21,_ZN48TEST_HttpCookieData_SerializeAndUnSerialize_Test8testBodyEv
FN:21,_ZN48TEST_HttpCookieData_SerializeAndUnSerialize_TestD0Ev
FN:21,_ZN53TEST_HttpCookieData_SerializeAndUnSerialize_TestShellD0Ev
FN:21,_ZN53TEST_HttpCookieData_SerializeAndUnSerialize_TestShellD2Ev
FN:21,_ZN48TEST_HttpCookieData_SerializeAndUnSerialize_TestC2Ev
FN:21,_ZN53TEST_HttpCookieData_SerializeAndUnSerialize_TestShell10createTestEv
FN:21,_ZN53TEST_HttpCookieData_SerializeAndUnSerialize_TestShellC2Ev
FN:21,_ZN48TEST_HttpCookieData_SerializeAndUnSerialize_TestD2Ev
FN:40,_Z41__static_initialization_and_destruction_0ii
FN:40,_GLOBAL__sub_I_externTestGroupHttpCookieData
FNDA:0,_ZN38TEST_GROUP_CppUTestGroupHttpCookieDataD0Ev
FNDA:1,_ZN38TEST_GROUP_CppUTestGroupHttpCookieDataD2Ev
FNDA:1,_ZN38TEST_GROUP_CppUTestGroupHttpCookieDataC2Ev
FNDA:1,_ZN38TEST_GROUP_CppUTestGroupHttpCookieData5setupEv
FNDA:1,_ZN38TEST_GROUP_CppUTestGroupHttpCookieData8teardownEv
FNDA:0,_ZN53TEST_HttpCookieData_SerializeAndUnSerialize_TestShellD0Ev
FNDA:1,_ZN53TEST_HttpCookieData_SerializeAndUnSerialize_TestShellD2Ev
FNDA:1,_ZN48TEST_HttpCookieData_SerializeAndUnSerialize_TestD0Ev
FNDA:1,_ZN48TEST_HttpCookieData_SerializeAndUnSerialize_TestD2Ev
FNDA:1,_ZN48TEST_HttpCookieData_SerializeAndUnSerialize_Test8testBodyEv
FNDA:1,_ZN53TEST_HttpCookieData_SerializeAndUnSerialize_TestShellC2Ev
FNDA:1,_ZN53TEST_HttpCookieData_SerializeAndUnSerialize_TestShell10createTestEv
FNDA:1,_ZN48TEST_HttpCookieData_SerializeAndUnSerialize_TestC2Ev
FNDA:1,_GLOBAL__sub_I_externTestGroupHttpCookieData
FNDA:1,_Z41__static_initialization_and_destruction_0ii
FNF:15
FNH:13
DA:7,2
DA:10,1
DA:12,1
DA:14,1
DA:16,1
DA:21,8
DA:23,1
DA:24,1
DA:25,2
DA:27,1
DA:28,1
DA:30,1
DA:31,1
DA:32,1
DA:34,1
DA:35,1
DA:36,1
DA:37,1
DA:38,1
DA:39,1
DA:40,4
LF:21
LH:21
end_of_record
SF:/home/yuanqin/myproject/DataX/unit-test/include/CppUTest/Utest.h
DA:62,4241
DA:69,4241
LF:2
LH:2
end_of_record
SF:/home/yuanqin/myproject/DataX/unit-test/include/CppUTest/Utest.h
FN:62,_ZN14TestTerminatorC2Ev
FN:69,_ZN20NormalTestTerminatorC2Ev
FNDA:0,_ZN14TestTerminatorC2Ev
FNDA:0,_ZN20NormalTestTerminatorC2Ev
FNF:2
FNH:0
DA:62,0
DA:69,0
LF:2
LH:0
end_of_record
TN:testAll
SF:/home/yuanqin/myproject/DataX/src/URI/URI.h
FN:75,_ZNK10CAuthority8UserNameEv
FN:76,_ZNK10CAuthority8HostNameEv
FN:77,_ZNK10CAuthority7GetPortEt
FNDA:7,_ZNK10CAuthority8UserNameEv
FNDA:20,_ZNK10CAuthority8HostNameEv
FNDA:10,_ZNK10CAuthority7GetPortEt
FNF:3
FNH:3
DA:75,7
DA:76,20
DA:77,10
DA:79,10
LF:4
LH:4
end_of_record
SF:/home/yuanqin/myproject/DataX/unit-test/build/TestURI.cpp
FN:12,_ZN27TEST_GROUP_CppUTestGroupURID2Ev
FN:12,_ZN27TEST_GROUP_CppUTestGroupURID0Ev
FN:12,_ZN27TEST_GROUP_CppUTestGroupURIC2Ev
FN:30,_ZN27TEST_GROUP_CppUTestGroupURI5setupEv
FN:34,_ZN27TEST_GROUP_CppUTestGroupURI8teardownEv
FN:41,_ZN29TEST_URI_TestAuthorityOK_TestD2Ev
FN:41,_ZN29TEST_URI_TestAuthorityOK_TestD0Ev
FN:41,_ZN34TEST_URI_TestAuthorityOK_TestShellD0Ev
FN:41,_ZN29TEST_URI_TestAuthorityOK_TestC2Ev
FN:41,_ZN34TEST_URI_TestAuthorityOK_TestShell10createTestEv
FN:41,_ZN29TEST_URI_TestAuthorityOK_Test8testBodyEv
FN:41,_ZN34TEST_URI_TestAuthorityOK_TestShellD2Ev
FN:41,_ZN34TEST_URI_TestAuthorityOK_TestShellC2Ev
FN:77,_Z41__static_initialization_and_destruction_0ii
FN:77,_GLOBAL__sub_I_externTestGroupURI
FNDA:0,_ZN27TEST_GROUP_CppUTestGroupURID0Ev
FNDA:1,_ZN27TEST_GROUP_CppUTestGroupURID2Ev
FNDA:1,_ZN27TEST_GROUP_CppUTestGroupURIC2Ev
FNDA:1,_ZN27TEST_GROUP_CppUTestGroupURI5setupEv
FNDA:1,_ZN27TEST_GROUP_CppUTestGroupURI8teardownEv
FNDA:0,_ZN34TEST_URI_TestAuthorityOK_TestShellD0Ev
FNDA:1,_ZN34TEST_URI_TestAuthorityOK_TestShellD2Ev
FNDA:1,_ZN29TEST_URI_TestAuthorityOK_TestD0Ev
FNDA:1,_ZN29TEST_URI_TestAuthorityOK_TestD2Ev
FNDA:1,_ZN29TEST_URI_TestAuthorityOK_Test8testBodyEv
FNDA:1,_ZN34TEST_URI_TestAuthorityOK_TestShellC2Ev
FNDA:1,_ZN34TEST_URI_TestAuthorityOK_TestShell10createTestEv
FNDA:1,_ZN29TEST_URI_TestAuthorityOK_TestC2Ev
FNDA:1,_GLOBAL__sub_I_externTestGroupURI
FNDA:1,_Z41__static_initialization_and_destruction_0ii
FNF:15
FNH:13
DA:12,2
DA:30,1
DA:32,1
DA:34,1
DA:36,1
DA:41,8
DA:45,6
DA:46,5
DA:47,10
DA:48,5
DA:49,5
DA:50,5
DA:51,5
DA:52,5
DA:53,5
DA:54,5
DA:56,5
DA:58,5
DA:59,2
DA:60,2
DA:61,2
DA:63,3
DA:66,5
DA:67,5
DA:69,5
DA:70,5
DA:71,5
DA:72,5
DA:73,5
DA:75,5
DA:77,4
LF:31
LH:31
end_of_record
SF:/home/yuanqin/myproject/DataX/unit-test/include/CppUTest/Utest.h
FN:62,_ZN14TestTerminatorC2Ev
FN:69,_ZN20NormalTestTerminatorC2Ev
FNDA:0,_ZN14TestTerminatorC2Ev
FNDA:0,_ZN20NormalTestTerminatorC2Ev
FNF:2
FNH:0
DA:62,0
DA:69,0
LF:2
LH:0
end_of_record
TN:testAll
SF:/home/yuanqin/myproject/DataX/src/Network/Domain.h
FN:41,_ZN16NSInternetDomain10DomainDescC2Ev
FN:51,_ZN16NSInternetDomain20CDomainSectionAccessD2Ev
FN:53,_ZN16NSInternetDomain20CDomainSectionAccess4NextEv
FN:61,_ZN16NSInternetDomain20CDomainSectionAccess5BeginEv
FN:71,_ZN16NSInternetDomain20CDomainSectionAccess16RegisteredDomainEv
FN:83,_ZNK16NSInternetDomain20CDomainSectionAccess13CurrentLengthEv
FNDA:4,_ZN16NSInternetDomain10DomainDescC2Ev
FNDA:1,_ZN16NSInternetDomain20CDomainSectionAccessD2Ev
FNDA:4,_ZN16NSInternetDomain20CDomainSectionAccess4NextEv
FNDA:1,_ZN16NSInternetDomain20CDomainSectionAccess5BeginEv
FNDA:1,_ZN16NSInternetDomain20CDomainSectionAccess16RegisteredDomainEv
FNDA:4,_ZNK16NSInternetDomain20CDomainSectionAccess13CurrentLengthEv
FNF:6
FNH:6
DA:41,4
DA:51,1
DA:53,4
DA:55,4
DA:56,4
DA:58,0
DA:61,1
DA:63,1
DA:71,1
DA:73,1
DA:74,1
DA:83,4
DA:85,4
LF:13
LH:12
end_of_record
SF:/home/yuanqin/myproject/DataX/unit-test/build/TestNetworkDomain.cpp
FN:9,_ZN37TEST_GROUP_CppUTestGroupNetworkDomainD0Ev
FN:9,_ZN37TEST_GROUP_CppUTestGroupNetworkDomainD2Ev
FN:9,_ZN37TEST_GROUP_CppUTestGroupNetworkDomainC2Ev
FN:12,_ZN37TEST_GROUP_CppUTestGroupNetworkDomain5setupEv
FN:18,_ZN37TEST_GROUP_CppUTestGroupNetworkDomain8teardownEv
FN:25,_ZN42TEST_NetworkDomain_ParseStringOK_TestShellD2Ev
FN:25,_ZN42TEST_NetworkDomain_ParseStringOK_TestShell10createTestEv
FN:25,_ZN42TEST_NetworkDomain_ParseStringOK_TestShellC2Ev
FN:25,_ZN37TEST_NetworkDomain_ParseStringOK_TestC2Ev
FN:25,_ZN37TEST_NetworkDomain_ParseStringOK_TestD2Ev
FN:25,_ZN42TEST_NetworkDomain_ParseStringOK_TestShellD0Ev
FN:25,_ZN37TEST_NetworkDomain_ParseStringOK_Test8testBodyEv
FN:25,_ZN37TEST_NetworkDomain_ParseStringOK_TestD0Ev
FN:43,_ZN46TEST_NetworkDomain_ParseStringFailed_TestShellC2Ev
FN:43,_ZN46TEST_NetworkDomain_ParseStringFailed_TestShell10createTestEv
FN:43,_ZN46TEST_NetworkDomain_ParseStringFailed_TestShellD0Ev
FN:43,_ZN41TEST_NetworkDomain_ParseStringFailed_Test8testBodyEv
FN:43,_ZN46TEST_NetworkDomain_ParseStringFailed_TestShellD2Ev
FN:43,_ZN41TEST_NetworkDomain_ParseStringFailed_TestC2Ev
FN:43,_ZN41TEST_NetworkDomain_ParseStringFailed_TestD2Ev
FN:43,_ZN41TEST_NetworkDomain_ParseStringFailed_TestD0Ev
FN:57,_ZN31TEST_NetworkDomain_MatchOK_TestD0Ev
FN:57,_ZN36TEST_NetworkDomain_MatchOK_TestShellD0Ev
FN:57,_ZN31TEST_NetworkDomain_MatchOK_Test8testBodyEv
FN:57,_ZN31TEST_NetworkDomain_MatchOK_TestC2Ev
FN:57,_ZN36TEST_NetworkDomain_MatchOK_TestShellD2Ev
FN:57,_ZN36TEST_NetworkDomain_MatchOK_TestShell10createTestEv
FN:57,_ZN31TEST_NetworkDomain_MatchOK_TestD2Ev
FN:57,_ZN36TEST_NetworkDomain_MatchOK_TestShellC2Ev
FN:80,_ZN35TEST_NetworkDomain_MatchFailed_Test8testBodyEv
FN:80,_ZN40TEST_NetworkDomain_MatchFailed_TestShellD2Ev
FN:80,_ZN35TEST_NetworkDomain_MatchFailed_TestC2Ev
FN:80,_ZN40TEST_NetworkDomain_MatchFailed_TestShellC2Ev
FN:80,_ZN35TEST_NetworkDomain_MatchFailed_TestD0Ev
FN:80,_ZN35TEST_NetworkDomain_MatchFailed_TestD2Ev
FN:80,_ZN40TEST_NetworkDomain_MatchFailed_TestShellD0Ev
FN:80,_ZN40TEST_NetworkDomain_MatchFailed_TestShell10createTestEv
FN:102,_ZN43TEST_NetworkDomain_DomainSectionAccess_TestD0Ev
FN:102,_ZN43TEST_NetworkDomain_DomainSectionAccess_Test8testBodyEv
FN:102,_ZN48TEST_NetworkDomain_DomainSectionAccess_TestShellC2Ev
FN:102,_ZN48TEST_NetworkDomain_DomainSectionAccess_TestShell10createTestEv
FN:102,_ZN48TEST_NetworkDomain_DomainSectionAccess_TestShellD2Ev
FN:102,_ZN48TEST_NetworkDomain_DomainSectionAccess_TestShellD0Ev
FN:102,_ZN43TEST_NetworkDomain_DomainSectionAccess_TestD2Ev
FN:102,_ZN43TEST_NetworkDomain_DomainSectionAccess_TestC2Ev
FN:131,_Z41__static_initialization_and_destruction_0ii
FN:131,_GLOBAL__sub_I_externTestGroupNetworkDomain
FNDA:0,_ZN37TEST_GROUP_CppUTestGroupNetworkDomainD0Ev
FNDA:5,_ZN37TEST_GROUP_CppUTestGroupNetworkDomainD2Ev
FNDA:5,_ZN37TEST_GROUP_CppUTestGroupNetworkDomainC2Ev
FNDA:5,_ZN37TEST_GROUP_CppUTestGroupNetworkDomain5setupEv
FNDA:5,_ZN37TEST_GROUP_CppUTestGroupNetworkDomain8teardownEv
FNDA:0,_ZN42TEST_NetworkDomain_ParseStringOK_TestShellD0Ev
FNDA:1,_ZN42TEST_NetworkDomain_ParseStringOK_TestShellD2Ev
FNDA:1,_ZN37TEST_NetworkDomain_ParseStringOK_TestD0Ev
FNDA:1,_ZN37TEST_NetworkDomain_ParseStringOK_TestD2Ev
FNDA:1,_ZN37TEST_NetworkDomain_ParseStringOK_Test8testBodyEv
FNDA:1,_ZN42TEST_NetworkDomain_ParseStringOK_TestShellC2Ev
FNDA:1,_ZN42TEST_NetworkDomain_ParseStringOK_TestShell10createTestEv
FNDA:1,_ZN37TEST_NetworkDomain_ParseStringOK_TestC2Ev
FNDA:0,_ZN46TEST_NetworkDomain_ParseStringFailed_TestShellD0Ev
FNDA:1,_ZN46TEST_NetworkDomain_ParseStringFailed_TestShellD2Ev
FNDA:1,_ZN41TEST_NetworkDomain_ParseStringFailed_TestD0Ev
FNDA:1,_ZN41TEST_NetworkDomain_ParseStringFailed_TestD2Ev
FNDA:1,_ZN41TEST_NetworkDomain_ParseStringFailed_Test8testBodyEv
FNDA:1,_ZN46TEST_NetworkDomain_ParseStringFailed_TestShellC2Ev
FNDA:1,_ZN46TEST_NetworkDomain_ParseStringFailed_TestShell10createTestEv
FNDA:1,_ZN41TEST_NetworkDomain_ParseStringFailed_TestC2Ev
FNDA:0,_ZN36TEST_NetworkDomain_MatchOK_TestShellD0Ev
FNDA:1,_ZN36TEST_NetworkDomain_MatchOK_TestShellD2Ev
FNDA:1,_ZN31TEST_NetworkDomain_MatchOK_TestD0Ev
FNDA:1,_ZN31TEST_NetworkDomain_MatchOK_TestD2Ev
FNDA:1,_ZN31TEST_NetworkDomain_MatchOK_Test8testBodyEv
FNDA:1,_ZN36TEST_NetworkDomain_MatchOK_TestShellC2Ev
FNDA:1,_ZN36TEST_NetworkDomain_MatchOK_TestShell10createTestEv
FNDA:1,_ZN31TEST_NetworkDomain_MatchOK_TestC2Ev
FNDA:0,_ZN40TEST_NetworkDomain_MatchFailed_TestShellD0Ev
FNDA:1,_ZN40TEST_NetworkDomain_MatchFailed_TestShellD2Ev
FNDA:1,_ZN35TEST_NetworkDomain_MatchFailed_TestD0Ev
FNDA:1,_ZN35TEST_NetworkDomain_MatchFailed_TestD2Ev
FNDA:1,_ZN35TEST_NetworkDomain_MatchFailed_Test8testBodyEv
FNDA:1,_ZN40TEST_NetworkDomain_MatchFailed_TestShellC2Ev
FNDA:1,_ZN40TEST_NetworkDomain_MatchFailed_TestShell10createTestEv
FNDA:1,_ZN35TEST_NetworkDomain_MatchFailed_TestC2Ev
FNDA:0,_ZN48TEST_NetworkDomain_DomainSectionAccess_TestShellD0Ev
FNDA:1,_ZN48TEST_NetworkDomain_DomainSectionAccess_TestShellD2Ev
FNDA:1,_ZN43TEST_NetworkDomain_DomainSectionAccess_TestD0Ev
FNDA:1,_ZN43TEST_NetworkDomain_DomainSectionAccess_TestD2Ev
FNDA:1,_ZN43TEST_NetworkDomain_DomainSectionAccess_Test8testBodyEv
FNDA:1,_ZN48TEST_NetworkDomain_DomainSectionAccess_TestShellC2Ev
FNDA:1,_ZN48TEST_NetworkDomain_DomainSectionAccess_TestShell10createTestEv
FNDA:1,_ZN43TEST_NetworkDomain_DomainSectionAccess_TestC2Ev
FNDA:1,_GLOBAL__sub_I_externTestGroupNetworkDomain
FNDA:1,_Z41__static_initialization_and_destruction_0ii
FNF:47
FNH:41
DA:9,10
DA:12,5
DA:15,5
DA:16,5
DA:18,5
DA:20,5
DA:21,5
DA:25,8
DA:28,1
DA:30,1
DA:31,1
DA:33,1
DA:34,1
DA:36,1
DA:37,1
DA:39,1
DA:40,1
DA:41,1
DA:43,8
DA:46,1
DA:47,1
DA:48,1
DA:49,1
DA:50,1
DA:51,1
DA:52,1
DA:53,1
DA:54,1
DA:55,1
DA:57,8
DA:60,1
DA:61,1
DA:62,1
DA:63,1
DA:64,1
DA:66,1
DA:67,1
DA:68,1
DA:70,1
DA:71,1
DA:72,1
DA:74,1
DA:75,1
DA:76,1
DA:77,1
DA:80,8
DA:83,1
DA:84,1
DA:85,1
DA:86,1
DA:88,1
DA:89,1
DA:90,1
DA:92,1
DA:93,1
DA:94,1
DA:96,1
DA:97,1
DA:98,1
DA:99,1
DA:100,1
DA:102,8
DA:105,2
DA:106,1
DA:108,1
DA:117,1
DA:118,5
DA:119,4
DA:120,4
DA:121,4
DA:122,2
DA:123,2
DA:124,1
DA:126,1
DA:128,4
DA:130,1
DA:131,4
LF:77
LH:77
end_of_record
SF:/home/yuanqin/myproject/DataX/unit-test/include/CppUTest/Utest.h
FN:62,_ZN14TestTerminatorC2Ev
FN:69,_ZN20NormalTestTerminatorC2Ev
FNDA:0,_ZN14TestTerminatorC2Ev
FNDA:0,_ZN20NormalTestTerminatorC2Ev
FNF:2
FNH:0
DA:62,0
DA:69,0
LF:2
LH:0
end_of_record
TN:testAll
SF:/home/yuanqin/myproject/DataX/src/Common/Table.h
FN:16,_ZN6CTableC2Emm
FN:24,_ZN6CTableD2Ev
FN:31,_ZNK6CTable12IsAggregatedEv
FNDA:3,_ZN6CTableC2Emm
FNDA:3,_ZN6CTableD2Ev
FNDA:3,_ZNK6CTable12IsAggregatedEv
FNF:3
FNH:3
DA:16,3
DA:22,3
DA:24,3
DA:25,3
DA:26,3
DA:27,3
DA:29,3
DA:31,3
LF:8
LH:8
end_of_record
SF:/home/yuanqin/myproject/DataX/unit-test/build/TestTable.cpp
FN:11,_ZN29TEST_GROUP_CppUTestGroupTableC2Ev
FN:11,_ZN29TEST_GROUP_CppUTestGroupTableD0Ev
FN:11,_ZN29TEST_GROUP_CppUTestGroupTableD2Ev
FN:34,_ZN29TEST_GROUP_CppUTestGroupTable5setupEv
FN:38,_ZN29TEST_GROUP_CppUTestGroupTable8teardownEv
FN:44,_ZN40TEST_Table_TestAggregatedData1_TestShell10createTestEv
FN:44,_ZN35TEST_Table_TestAggregatedData1_TestC2Ev
FN:44,_ZN40TEST_Table_TestAggregatedData1_TestShellD2Ev
FN:44,_ZN35TEST_Table_TestAggregatedData1_TestD0Ev
FN:44,_ZN35TEST_Table_TestAggregatedData1_Test8testBodyEv
FN:44,_ZN40TEST_Table_TestAggregatedData1_TestShellD0Ev
FN:44,_ZN40TEST_Table_TestAggregatedData1_TestShellC2Ev
FN:44,_ZN35TEST_Table_TestAggregatedData1_TestD2Ev
FN:77,_ZN35TEST_Table_TestAggregatedData2_TestD2Ev
FN:77,_ZN40TEST_Table_TestAggregatedData2_TestShell10createTestEv
FN:77,_ZN35TEST_Table_TestAggregatedData2_Test8testBodyEv
FN:77,_ZN35TEST_Table_TestAggregatedData2_TestD0Ev
FN:77,_ZN40TEST_Table_TestAggregatedData2_TestShellD0Ev
FN:77,_ZN35TEST_Table_TestAggregatedData2_TestC2Ev
FN:77,_ZN40TEST_Table_TestAggregatedData2_TestShellC2Ev
FN:77,_ZN40TEST_Table_TestAggregatedData2_TestShellD2Ev
FN:114,_ZN31TEST_Table_TestPointerData_TestC2Ev
FN:114,_ZN31TEST_Table_TestPointerData_Test8testBodyEv
FN:114,_ZN36TEST_Table_TestPointerData_TestShell10createTestEv
FN:114,_ZN36TEST_Table_TestPointerData_TestShellD0Ev
FN:114,_ZN36TEST_Table_TestPointerData_TestShellD2Ev
FN:114,_ZN36TEST_Table_TestPointerData_TestShellC2Ev
FN:114,_ZN31TEST_Table_TestPointerData_TestD0Ev
FN:114,_ZN31TEST_Table_TestPointerData_TestD2Ev
FN:145,_GLOBAL__sub_I_externTestGroupTable
FN:145,_Z41__static_initialization_and_destruction_0ii
FNDA:0,_ZN29TEST_GROUP_CppUTestGroupTableD0Ev
FNDA:3,_ZN29TEST_GROUP_CppUTestGroupTableD2Ev
FNDA:3,_ZN29TEST_GROUP_CppUTestGroupTableC2Ev
FNDA:3,_ZN29TEST_GROUP_CppUTestGroupTable5setupEv
FNDA:3,_ZN29TEST_GROUP_CppUTestGroupTable8teardownEv
FNDA:0,_ZN40TEST_Table_TestAggregatedData1_TestShellD0Ev
FNDA:1,_ZN40TEST_Table_TestAggregatedData1_TestShellD2Ev
FNDA:1,_ZN35TEST_Table_TestAggregatedData1_TestD0Ev
FNDA:1,_ZN35TEST_Table_TestAggregatedData1_TestD2Ev
FNDA:1,_ZN35TEST_Table_TestAggregatedData1_Test8testBodyEv
FNDA:1,_ZN40TEST_Table_TestAggregatedData1_TestShellC2Ev
FNDA:1,_ZN40TEST_Table_TestAggregatedData1_TestShell10createTestEv
FNDA:1,_ZN35TEST_Table_TestAggregatedData1_TestC2Ev
FNDA:0,_ZN40TEST_Table_TestAggregatedData2_TestShellD0Ev
FNDA:1,_ZN40TEST_Table_TestAggregatedData2_TestShellD2Ev
FNDA:1,_ZN35TEST_Table_TestAggregatedData2_TestD0Ev
FNDA:1,_ZN35TEST_Table_TestAggregatedData2_TestD2Ev
FNDA:1,_ZN35TEST_Table_TestAggregatedData2_Test8testBodyEv
FNDA:1,_ZN40TEST_Table_TestAggregatedData2_TestShellC2Ev
FNDA:1,_ZN40TEST_Table_TestAggregatedData2_TestShell10createTestEv
FNDA:1,_ZN35TEST_Table_TestAggregatedData2_TestC2Ev
FNDA:0,_ZN36TEST_Table_TestPointerData_TestShellD0Ev
FNDA:1,_ZN36TEST_Table_TestPointerData_TestShellD2Ev
FNDA:1,_ZN31TEST_Table_TestPointerData_TestD0Ev
FNDA:1,_ZN31TEST_Table_TestPointerData_TestD2Ev
FNDA:1,_ZN31TEST_Table_TestPointerData_Test8testBodyEv
FNDA:1,_ZN36TEST_Table_TestPointerData_TestShellC2Ev
FNDA:1,_ZN36TEST_Table_TestPointerData_TestShell10createTestEv
FNDA:1,_ZN31TEST_Table_TestPointerData_TestC2Ev
FNDA:1,_GLOBAL__sub_I_externTestGroupTable
FNDA:1,_Z41__static_initialization_and_destruction_0ii
FNF:31
FNH:27
DA:11,6
DA:34,3
DA:36,3
DA:38,3
DA:40,3
DA:44,8
DA:46,2
DA:47,1
DA:49,1
DA:50,1
DA:52,11
DA:53,10
DA:54,10
DA:55,10
DA:56,10
DA:57,10
DA:60,11
DA:61,10
DA:62,10
DA:63,10
DA:66,1
DA:67,1
DA:68,1
DA:70,1
DA:71,1
DA:72,1
DA:73,1
DA:74,1
DA:75,1
DA:77,8
DA:79,2
DA:80,1
DA:82,1
DA:83,1
DA:85,11
DA:86,10
DA:87,10
DA:88,10
DA:89,10
DA:90,10
DA:91,10
DA:92,10
DA:95,11
DA:96,10
DA:97,10
DA:98,10
DA:99,10
DA:102,1
DA:103,1
DA:104,1
DA:106,1
DA:107,1
DA:108,1
DA:109,1
DA:110,1
DA:111,1
DA:112,1
DA:114,8
DA:116,2
DA:117,1
DA:119,1
DA:120,1
DA:122,11
DA:123,10
DA:124,10
DA:125,10
DA:126,10
DA:127,10
DA:130,11
DA:131,10
DA:132,10
DA:133,10
DA:136,1
DA:137,1
DA:138,1
DA:140,1
DA:141,1
DA:142,1
DA:143,1
DA:144,1
DA:145,4
LF:81
LH:81
end_of_record
SF:/home/yuanqin/myproject/DataX/unit-test/include/CppUTest/Utest.h
FN:62,_ZN14TestTerminatorC2Ev
FN:69,_ZN20NormalTestTerminatorC2Ev
FNDA:0,_ZN14TestTerminatorC2Ev
FNDA:0,_ZN20NormalTestTerminatorC2Ev
FNF:2
FNH:0
DA:62,0
DA:69,0
LF:2
LH:0
end_of_record
TN:testAll
SF:/home/yuanqin/myproject/DataX/unit-test/build/AllTests.cpp
FN:6,main
FNDA:1,main
FNF:1
FNH:1
DA:6,1
DA:8,1
LF:2
LH:2
end_of_record
TN:testAll
SF:/home/yuanqin/myproject/DataX/unit-test/build/TestCharHelper.cpp
FN:14,_ZN34TEST_GROUP_CppUTestGroupCharHelperD0Ev
FN:14,_ZN34TEST_GROUP_CppUTestGroupCharHelperD2Ev
FN:14,_ZN34TEST_GROUP_CppUTestGroupCharHelperC2Ev
FN:18,_ZN34TEST_GROUP_CppUTestGroupCharHelper5setupEv
FN:22,_ZN34TEST_GROUP_CppUTestGroupCharHelper8teardownEv
FN:29,_ZN38TEST_CharHelper_TestFindSubString_TestD2Ev
FN:29,_ZN43TEST_CharHelper_TestFindSubString_TestShell10createTestEv
FN:29,_ZN38TEST_CharHelper_TestFindSubString_TestD0Ev
FN:29,_ZN38TEST_CharHelper_TestFindSubString_TestC2Ev
FN:29,_ZN38TEST_CharHelper_TestFindSubString_Test8testBodyEv
FN:29,_ZN43TEST_CharHelper_TestFindSubString_TestShellC2Ev
FN:29,_ZN43TEST_CharHelper_TestFindSubString_TestShellD0Ev
FN:29,_ZN43TEST_CharHelper_TestFindSubString_TestShellD2Ev
FN:62,_GLOBAL__sub_I_externTestGroupCharHelper
FN:62,_Z41__static_initialization_and_destruction_0ii
FNDA:0,_ZN34TEST_GROUP_CppUTestGroupCharHelperD0Ev
FNDA:1,_ZN34TEST_GROUP_CppUTestGroupCharHelperD2Ev
FNDA:1,_ZN34TEST_GROUP_CppUTestGroupCharHelperC2Ev
FNDA:1,_ZN34TEST_GROUP_CppUTestGroupCharHelper5setupEv
FNDA:1,_ZN34TEST_GROUP_CppUTestGroupCharHelper8teardownEv
FNDA:0,_ZN43TEST_CharHelper_TestFindSubString_TestShellD0Ev
FNDA:1,_ZN43TEST_CharHelper_TestFindSubString_TestShellD2Ev
FNDA:1,_ZN38TEST_CharHelper_TestFindSubString_TestD0Ev
FNDA:1,_ZN38TEST_CharHelper_TestFindSubString_TestD2Ev
FNDA:1,_ZN38TEST_CharHelper_TestFindSubString_Test8testBodyEv
FNDA:1,_ZN43TEST_CharHelper_TestFindSubString_TestShellC2Ev
FNDA:1,_ZN43TEST_CharHelper_TestFindSubString_TestShell10createTestEv
FNDA:1,_ZN38TEST_CharHelper_TestFindSubString_TestC2Ev
FNDA:1,_GLOBAL__sub_I_externTestGroupCharHelper
FNDA:1,_Z41__static_initialization_and_destruction_0ii
FNF:15
FNH:13
DA:14,2
DA:18,1
DA:20,1
DA:22,1
DA:24,1
DA:29,8
DA:39,1
DA:40,1
DA:43,1055
DA:44,527
DA:45,3162
DA:46,2635
DA:47,2635
DA:48,2635
DA:49,2635
DA:50,561
DA:51,3196
DA:52,3196
DA:53,3196
DA:54,3196
DA:55,2635
DA:57,561
DA:58,561
DA:61,1
DA:62,4
LF:25
LH:25
end_of_record
SF:/home/yuanqin/myproject/DataX/unit-test/include/CppUTest/Utest.h
FN:62,_ZN14TestTerminatorC2Ev
FN:69,_ZN20NormalTestTerminatorC2Ev
FNDA:4241,_ZN14TestTerminatorC2Ev
FNDA:4241,_ZN20NormalTestTerminatorC2Ev
FNF:2
FNH:2
DA:62,4241
DA:69,4241
LF:2
LH:2
end_of_record
TN:testAll
SF:/home/yuanqin/myproject/DataX/unit-test/build/TestMacros.cpp
FN:6,_ZN36TEST_GROUP_CppUTestGroupCommonMacrosD2Ev
FN:6,_ZN36TEST_GROUP_CppUTestGroupCommonMacrosC2Ev
FN:6,_ZN36TEST_GROUP_CppUTestGroupCommonMacrosD0Ev
FN:9,_ZN36TEST_GROUP_CppUTestGroupCommonMacros5setupEv
FN:13,_ZN36TEST_GROUP_CppUTestGroupCommonMacros8teardownEv
FN:19,_ZN36TEST_CommonMacros_ByteOrderSwap_TestD2Ev
FN:19,_ZN36TEST_CommonMacros_ByteOrderSwap_Test8testBodyEv
FN:19,_ZN41TEST_CommonMacros_ByteOrderSwap_TestShellC2Ev
FN:19,_ZN41TEST_CommonMacros_ByteOrderSwap_TestShell10createTestEv
FN:19,_ZN36TEST_CommonMacros_ByteOrderSwap_TestC2Ev
FN:19,_ZN41TEST_CommonMacros_ByteOrderSwap_TestShellD2Ev
FN:19,_ZN41TEST_CommonMacros_ByteOrderSwap_TestShellD0Ev
FN:19,_ZN36TEST_CommonMacros_ByteOrderSwap_TestD0Ev
FN:61,_Z41__static_initialization_and_destruction_0ii
FN:61,_GLOBAL__sub_I_externTestGroupCommonMacros
FNDA:0,_ZN36TEST_GROUP_CppUTestGroupCommonMacrosD0Ev
FNDA:1,_ZN36TEST_GROUP_CppUTestGroupCommonMacrosD2Ev
FNDA:1,_ZN36TEST_GROUP_CppUTestGroupCommonMacrosC2Ev
FNDA:1,_ZN36TEST_GROUP_CppUTestGroupCommonMacros5setupEv
FNDA:1,_ZN36TEST_GROUP_CppUTestGroupCommonMacros8teardownEv
FNDA:0,_ZN41TEST_CommonMacros_ByteOrderSwap_TestShellD0Ev
FNDA:1,_ZN41TEST_CommonMacros_ByteOrderSwap_TestShellD2Ev
FNDA:1,_ZN36TEST_CommonMacros_ByteOrderSwap_TestD0Ev
FNDA:1,_ZN36TEST_CommonMacros_ByteOrderSwap_TestD2Ev
FNDA:1,_ZN36TEST_CommonMacros_ByteOrderSwap_Test8testBodyEv
FNDA:1,_ZN41TEST_CommonMacros_ByteOrderSwap_TestShellC2Ev
FNDA:1,_ZN41TEST_CommonMacros_ByteOrderSwap_TestShell10createTestEv
FNDA:1,_ZN36TEST_CommonMacros_ByteOrderSwap_TestC2Ev
FNDA:1,_GLOBAL__sub_I_externTestGroupCommonMacros
FNDA:1,_Z41__static_initialization_and_destruction_0ii
FNF:15
FNH:13
DA:6,2
DA:9,1
DA:11,1
DA:13,1
DA:15,1
DA:19,8
DA:21,1
DA:22,1
DA:23,1
DA:24,1
DA:25,1
DA:26,1
DA:28,1
DA:29,1
DA:30,1
DA:32,1
DA:33,1
DA:34,1
DA:49,1
DA:50,1
DA:51,1
DA:53,1
DA:54,1
DA:55,1
DA:57,1
DA:58,1
DA:59,1
DA:61,4
LF:28
LH:28
end_of_record
SF:/home/yuanqin/myproject/DataX/unit-test/include/CppUTest/Utest.h
FN:62,_ZN14TestTerminatorC2Ev
FN:69,_ZN20NormalTestTerminatorC2Ev
FNDA:0,_ZN14TestTerminatorC2Ev
FNDA:0,_ZN20NormalTestTerminatorC2Ev
FNF:2
FNH:0
DA:62,0
DA:69,0
LF:2
LH:0
end_of_record
TN:testAll
SF:/home/yuanqin/myproject/DataX/src/Common/Vector.h
FN:25,_ZNK7CVector12IsAggregatedEv
FN:26,_ZNK7CVector8CapacityEv
FN:27,_ZNK7CVector5CountEv
FN:29,_ZN7CVector5ClearEv
FN:35,_ZN7CVector8PushBackEPv
FN:36,_ZN7CVector9PushFrontEPv
FN:37,_ZN7CVector7PopBackEv
FN:38,_ZN7CVector8PopFrontEv
FN:40,_ZN7CVector2AtEm
FN:47,_ZN7CVector3SetEmPv
FN:57,_ZN7CVector10PositionAtEm
FN:62,_ZN7CVector8OverrideEPvS0_
FNDA:122,_ZNK7CVector12IsAggregatedEv
FNDA:4,_ZNK7CVector8CapacityEv
FNDA:36,_ZNK7CVector5CountEv
FNDA:2,_ZN7CVector5ClearEv
FNDA:20,_ZN7CVector8PushBackEPv
FNDA:2,_ZN7CVector9PushFrontEPv
FNDA:2,_ZN7CVector7PopBackEv
FNDA:2,_ZN7CVector8PopFrontEv
FNDA:120,_ZN7CVector2AtEm
FNDA:4,_ZN7CVector3SetEmPv
FNDA:148,_ZN7CVector10PositionAtEm
FNDA:4,_ZN7CVector8OverrideEPvS0_
FNF:12
FNH:12
DA:25,122
DA:26,4
DA:27,36
DA:29,2
DA:31,2
DA:32,2
DA:33,2
DA:35,20
DA:36,2
DA:37,2
DA:38,2
DA:40,120
DA:42,120
DA:43,120
DA:44,120
DA:47,4
DA:49,4
DA:50,4
DA:51,4
DA:57,148
DA:59,148
DA:62,4
DA:64,4
DA:65,4
LF:24
LH:24
end_of_record
SF:/home/yuanqin/myproject/DataX/src/Tracker/Debug.h
FN:74,_ZN20__CFunctionTracker__C2EPKc
FN:80,_ZN20__CFunctionTracker__D2Ev
FNDA:0,_ZN20__CFunctionTracker__C2EPKc
FNDA:0,_ZN20__CFunctionTracker__D2Ev
FNF:2
FNH:0
DA:74,0
DA:77,0
DA:78,0
DA:79,0
DA:80,0
DA:81,0
DA:83,0
DA:84,0
DA:85,0
LF:9
LH:0
end_of_record
SF:/home/yuanqin/myproject/DataX/unit-test/build/TestVector.cpp
FN:8,_ZN30TEST_GROUP_CppUTestGroupVectorD0Ev
FN:8,_ZN30TEST_GROUP_CppUTestGroupVectorD2Ev
FN:8,_ZN30TEST_GROUP_CppUTestGroupVectorC2Ev
FN:26,_ZN30TEST_GROUP_CppUTestGroupVector11CheckResultEPKcPNS_8TestDataEmb
FN:38,_ZN30TEST_GROUP_CppUTestGroupVector6DoTestER7CVector
FN:117,_ZN30TEST_GROUP_CppUTestGroupVector5setupEv
FN:121,_ZN30TEST_GROUP_CppUTestGroupVector8teardownEv
FN:127,_ZN35TEST_Vector_TestAggregatedData_Test8testBodyEv
FN:127,_ZN40TEST_Vector_TestAggregatedData_TestShellC2Ev
FN:127,_ZN35TEST_Vector_TestAggregatedData_TestC2Ev
FN:127,_ZN40TEST_Vector_TestAggregatedData_TestShellD0Ev
FN:127,_ZN35TEST_Vector_TestAggregatedData_TestD2Ev
FN:127,_ZN35TEST_Vector_TestAggregatedData_TestD0Ev
FN:127,_ZN40TEST_Vector_TestAggregatedData_TestShell10createTestEv
FN:127,_ZN40TEST_Vector_TestAggregatedData_TestShellD2Ev
FN:136,_ZN37TEST_Vector_TestPointerData_TestShellD2Ev
FN:136,_ZN37TEST_Vector_TestPointerData_TestShellD0Ev
FN:136,_ZN32TEST_Vector_TestPointerData_TestD0Ev
FN:136,_ZN37TEST_Vector_TestPointerData_TestShellC2Ev
FN:136,_ZN32TEST_Vector_TestPointerData_TestD2Ev
FN:136,_ZN32TEST_Vector_TestPointerData_TestC2Ev
FN:136,_ZN37TEST_Vector_TestPointerData_TestShell10createTestEv
FN:136,_ZN32TEST_Vector_TestPointerData_Test8testBodyEv
FN:143,_Z41__static_initialization_and_destruction_0ii
FN:143,_GLOBAL__sub_I_externTestGroupVector
FNDA:0,_ZN30TEST_GROUP_CppUTestGroupVectorD0Ev
FNDA:2,_ZN30TEST_GROUP_CppUTestGroupVectorD2Ev
FNDA:2,_ZN30TEST_GROUP_CppUTestGroupVectorC2Ev
FNDA:120,_ZN30TEST_GROUP_CppUTestGroupVector11CheckResultEPKcPNS_8TestDataEmb
FNDA:2,_ZN30TEST_GROUP_CppUTestGroupVector6DoTestER7CVector
FNDA:2,_ZN30TEST_GROUP_CppUTestGroupVector5setupEv
FNDA:2,_ZN30TEST_GROUP_CppUTestGroupVector8teardownEv
FNDA:0,_ZN40TEST_Vector_TestAggregatedData_TestShellD0Ev
FNDA:1,_ZN40TEST_Vector_TestAggregatedData_TestShellD2Ev
FNDA:1,_ZN35TEST_Vector_TestAggregatedData_TestD0Ev
FNDA:1,_ZN35TEST_Vector_TestAggregatedData_TestD2Ev
FNDA:1,_ZN35TEST_Vector_TestAggregatedData_Test8testBodyEv
FNDA:1,_ZN40TEST_Vector_TestAggregatedData_TestShellC2Ev
FNDA:1,_ZN40TEST_Vector_TestAggregatedData_TestShell10createTestEv
FNDA:1,_ZN35TEST_Vector_TestAggregatedData_TestC2Ev
FNDA:0,_ZN37TEST_Vector_TestPointerData_TestShellD0Ev
FNDA:1,_ZN37TEST_Vector_TestPointerData_TestShellD2Ev
FNDA:1,_ZN32TEST_Vector_TestPointerData_TestD0Ev
FNDA:1,_ZN32TEST_Vector_TestPointerData_TestD2Ev
FNDA:1,_ZN32TEST_Vector_TestPointerData_Test8testBodyEv
FNDA:1,_ZN37TEST_Vector_TestPointerData_TestShellC2Ev
FNDA:1,_ZN37TEST_Vector_TestPointerData_TestShell10createTestEv
FNDA:1,_ZN32TEST_Vector_TestPointerData_TestC2Ev
FNDA:1,_GLOBAL__sub_I_externTestGroupVector
FNDA:1,_Z41__static_initialization_and_destruction_0ii
FNF:25
FNH:22
DA:8,4
DA:26,120
DA:28,120
DA:29,120
DA:30,60
DA:31,60
DA:32,60
DA:34,60
DA:36,120
DA:38,2
DA:40,2
DA:41,2
DA:42,2
DA:43,2
DA:44,22
DA:45,20
DA:46,20
DA:47,20
DA:49,2
DA:51,22
DA:52,20
DA:53,20
DA:56,2
DA:57,2
DA:58,2
DA:59,2
DA:60,8
DA:61,6
DA:62,6
DA:64,14
DA:65,12
DA:66,12
DA:69,2
DA:70,2
DA:71,2
DA:72,22
DA:73,20
DA:74,20
DA:77,2
DA:78,2
DA:79,2
DA:80,2
DA:81,2
DA:83,20
DA:84,18
DA:85,18
DA:88,2
DA:89,2
DA:90,2
DA:91,22
DA:92,20
DA:93,20
DA:96,2
DA:97,2
DA:98,2
DA:99,20
DA:100,18
DA:101,18
DA:104,2
DA:105,2
DA:106,2
DA:108,2
DA:109,2
DA:110,2
DA:111,2
DA:113,2
DA:114,2
DA:115,2
DA:117,2
DA:119,2
DA:121,2
DA:123,2
DA:127,8
DA:129,2
DA:131,2
DA:132,1
DA:133,1
DA:134,1
DA:136,8
DA:138,2
DA:140,2
DA:141,1
DA:142,1
DA:143,4
LF:84
LH:84
end_of_record
SF:/home/yuanqin/myproject/DataX/unit-test/include/CppUTest/Utest.h
FN:62,_ZN14TestTerminatorC2Ev
FN:69,_ZN20NormalTestTerminatorC2Ev
FNDA:0,_ZN14TestTerminatorC2Ev
FNDA:0,_ZN20NormalTestTerminatorC2Ev
FNF:2
FNH:0
DA:62,0
DA:69,0
LF:2
LH:0
end_of_record
TN:testAll
SF:/home/yuanqin/myproject/DataX/src/Common/DuplexList.h
FN:15,_ZN11CDuplexList8IteratorC2EPN16CIntrusiveDuList10DuListNodeE
FN:16,_ZN11CDuplexList8IteratorC2ERKS0_
FN:17,_ZN11CDuplexList8IteratorD2Ev
FN:20,_ZN11CDuplexList8IteratorppEv
FN:27,_ZN11CDuplexList8IteratormmEv
FN:34,_ZN11CDuplexList8IteratoraSERKS0_
FN:40,_ZN11CDuplexList8IteratoreqERKS0_
FN:45,_ZN11CDuplexList8IteratorneERKS0_
FN:56,_ZN11CDuplexListC2EP7CMemory
FN:66,_ZN11CDuplexListC2EmP7CMemory
FN:89,_ZN11CDuplexListD2Ev
FN:91,_ZNK11CDuplexList5CountEv
FN:96,_ZN11CDuplexList5FirstEv
FN:106,_ZN11CDuplexList4LastEv
FN:116,_ZN11CDuplexList6DataAtENS_8IteratorE
FN:125,_ZN11CDuplexList8PushBackEPKv
FN:130,_ZN11CDuplexList8PopFrontEv
FN:135,_ZN11CDuplexList5PopAtENS_8IteratorE
FN:209,_ZNK11CDuplexList12IsAggregatedEv
FN:211,_ZN11CDuplexList10PositionAtEm
FN:216,_ZN11CDuplexList5BeginEv
FN:221,_ZNK11CDuplexList3EndEv
FN:232,_ZN11CDuplexList3PopEPN16CIntrusiveDuList10DuListNodeE
FNDA:136,_ZN11CDuplexList8IteratorC2EPN16CIntrusiveDuList10DuListNodeE
FNDA:250,_ZN11CDuplexList8IteratorC2ERKS0_
FNDA:386,_ZN11CDuplexList8IteratorD2Ev
FNDA:212,_ZN11CDuplexList8IteratorppEv
FNDA:2,_ZN11CDuplexList8IteratormmEv
FNDA:28,_ZN11CDuplexList8IteratoraSERKS0_
FNDA:12,_ZN11CDuplexList8IteratoreqERKS0_
FNDA:238,_ZN11CDuplexList8IteratorneERKS0_
FNDA:3,_ZN11CDuplexListC2EP7CMemory
FNDA:3,_ZN11CDuplexListC2EmP7CMemory
FNDA:6,_ZN11CDuplexListD2Ev
FNDA:32,_ZNK11CDuplexList5CountEv
FNDA:8,_ZN11CDuplexList5FirstEv
FNDA:6,_ZN11CDuplexList4LastEv
FNDA:232,_ZN11CDuplexList6DataAtENS_8IteratorE
FNDA:20,_ZN11CDuplexList8PushBackEPKv
FNDA:2,_ZN11CDuplexList8PopFrontEv
FNDA:6,_ZN11CDuplexList5PopAtENS_8IteratorE
FNDA:98,_ZNK11CDuplexList12IsAggregatedEv
FNDA:10,_ZN11CDuplexList10PositionAtEm
FNDA:36,_ZN11CDuplexList5BeginEv
FNDA:90,_ZNK11CDuplexList3EndEv
FNDA:8,_ZN11CDuplexList3PopEPN16CIntrusiveDuList10DuListNodeE
FNF:23
FNH:23
DA:15,136
DA:16,250
DA:17,386
DA:20,212
DA:22,212
DA:23,212
DA:24,212
DA:27,2
DA:29,2
DA:30,2
DA:31,2
DA:34,28
DA:36,28
DA:37,28
DA:40,12
DA:42,12
DA:45,238
DA:47,238
DA:56,3
DA:60,3
DA:62,3
DA:63,3
DA:64,3
DA:66,3
DA:70,3
DA:72,3
DA:73,3
DA:74,3
DA:75,3
DA:89,6
DA:91,32
DA:93,32
DA:96,8
DA:98,8
DA:99,8
DA:100,6
DA:101,6
DA:103,2
DA:106,6
DA:108,6
DA:109,6
DA:110,4
DA:111,4
DA:113,2
DA:116,232
DA:118,232
DA:119,339
DA:120,339
DA:122,0
DA:125,20
DA:127,20
DA:130,2
DA:132,2
DA:133,2
DA:135,6
DA:137,6
DA:138,6
DA:209,98
DA:211,10
DA:213,10
DA:216,36
DA:218,36
DA:221,90
DA:223,90
DA:232,8
DA:234,8
DA:235,8
DA:236,8
DA:238,8
LF:69
LH:68
end_of_record
SF:/home/yuanqin/myproject/DataX/src/Common/IntrusiveDuList.h
FN:31,_ZN16CIntrusiveDuList10DuListNode7GetNextEv
FN:32,_ZN16CIntrusiveDuList10DuListNode7GetPrevEv
FN:35,_ZN16CIntrusiveDuList10DuListNode7GetDataEv
FN:39,_ZN16CIntrusiveDuListC2EPNS_10DuListNodeE
FN:47,_ZN16CIntrusiveDuListD2Ev
FN:49,_ZNK16CIntrusiveDuList5CountEv
FN:50,_ZN16CIntrusiveDuList5FirstEv
FN:51,_ZN16CIntrusiveDuList4LastEv
FNDA:364,_ZN16CIntrusiveDuList10DuListNode7GetNextEv
FNDA:76,_ZN16CIntrusiveDuList10DuListNode7GetPrevEv
FNDA:484,_ZN16CIntrusiveDuList10DuListNode7GetDataEv
FNDA:6,_ZN16CIntrusiveDuListC2EPNS_10DuListNodeE
FNDA:6,_ZN16CIntrusiveDuListD2Ev
FNDA:32,_ZNK16CIntrusiveDuList5CountEv
FNDA:56,_ZN16CIntrusiveDuList5FirstEv
FNDA:6,_ZN16CIntrusiveDuList4LastEv
FNF:8
FNH:8
DA:31,364
DA:32,76
DA:35,484
DA:39,6
DA:42,6
DA:47,6
DA:49,32
DA:50,56
DA:51,6
LF:9
LH:9
end_of_record
SF:/home/yuanqin/myproject/DataX/src/Memory/Memory.h
FN:19,_ZNK7CMemory12MaxChunkSizeEv
FNDA:13,_ZNK7CMemory12MaxChunkSizeEv
FNF:1
FNH:1
DA:19,13
LF:1
LH:1
end_of_record
SF:/home/yuanqin/myproject/DataX/unit-test/build/TestDuplexList.cpp
FN:30,_ZL4FindR11CDuplexListP11CTestObject
FN:43,_ZL4FindR11CDuplexListPKc
FN:56,_ZL16ReleaseResourcesR11CDuplexList
FN:69,_ZN34TEST_GROUP_CppUTestGroupDuplexListC2Ev
FN:69,_ZN34TEST_GROUP_CppUTestGroupDuplexListD2Ev
FN:69,_ZN34TEST_GROUP_CppUTestGroupDuplexListD0Ev
FN:84,_ZN34TEST_GROUP_CppUTestGroupDuplexList5setupEv
FN:88,_ZN34TEST_GROUP_CppUTestGroupDuplexList8teardownEv
FN:94,_ZN51TEST_DuplexList_TestPointerInsertAtTheEnd_TestShellD2Ev
FN:94,_ZN46TEST_DuplexList_TestPointerInsertAtTheEnd_TestD2Ev
FN:94,_ZN51TEST_DuplexList_TestPointerInsertAtTheEnd_TestShellC2Ev
FN:94,_ZN51TEST_DuplexList_TestPointerInsertAtTheEnd_TestShell10createTestEv
FN:94,_ZN46TEST_DuplexList_TestPointerInsertAtTheEnd_TestD0Ev
FN:94,_ZN46TEST_DuplexList_TestPointerInsertAtTheEnd_TestC2Ev
FN:94,_ZN46TEST_DuplexList_TestPointerInsertAtTheEnd_Test8testBodyEv
FN:94,_ZN51TEST_DuplexList_TestPointerInsertAtTheEnd_TestShellD0Ev
FN:134,_ZN38TEST_DuplexList_TestPointerInsert_TestD2Ev
FN:134,_ZN43TEST_DuplexList_TestPointerInsert_TestShellC2Ev
FN:134,_ZN38TEST_DuplexList_TestPointerInsert_TestD0Ev
FN:134,_ZN43TEST_DuplexList_TestPointerInsert_TestShellD0Ev
FN:134,_ZN38TEST_DuplexList_TestPointerInsert_TestC2Ev
FN:134,_ZN43TEST_DuplexList_TestPointerInsert_TestShellD2Ev
FN:134,_ZN38TEST_DuplexList_TestPointerInsert_Test8testBodyEv
FN:134,_ZN43TEST_DuplexList_TestPointerInsert_TestShell10createTestEv
FN:192,_ZN43TEST_DuplexList_TestPointerPopAndClear_TestC2Ev
FN:192,_ZN48TEST_DuplexList_TestPointerPopAndClear_TestShellC2Ev
FN:192,_ZN43TEST_DuplexList_TestPointerPopAndClear_Test8testBodyEv
FN:192,_ZN43TEST_DuplexList_TestPointerPopAndClear_TestD2Ev
FN:192,_ZN48TEST_DuplexList_TestPointerPopAndClear_TestShellD2Ev
FN:192,_ZN43TEST_DuplexList_TestPointerPopAndClear_TestD0Ev
FN:192,_ZN48TEST_DuplexList_TestPointerPopAndClear_TestShellD0Ev
FN:192,_ZN48TEST_DuplexList_TestPointerPopAndClear_TestShell10createTestEv
FN:269,_ZN49TEST_DuplexList_TestAggregatedInsertAtTheEnd_Test8testBodyEv
FN:269,_ZN54TEST_DuplexList_TestAggregatedInsertAtTheEnd_TestShellD2Ev
FN:269,_ZN49TEST_DuplexList_TestAggregatedInsertAtTheEnd_TestC2Ev
FN:269,_ZN54TEST_DuplexList_TestAggregatedInsertAtTheEnd_TestShellD0Ev
FN:269,_ZN49TEST_DuplexList_TestAggregatedInsertAtTheEnd_TestD2Ev
FN:269,_ZN54TEST_DuplexList_TestAggregatedInsertAtTheEnd_TestShell10createTestEv
FN:269,_ZN54TEST_DuplexList_TestAggregatedInsertAtTheEnd_TestShellC2Ev
FN:269,_ZN49TEST_DuplexList_TestAggregatedInsertAtTheEnd_TestD0Ev
FN:306,_ZN46TEST_DuplexList_TestAggregatedInsert_TestShell10createTestEv
FN:306,_ZN41TEST_DuplexList_TestAggregatedInsert_Test8testBodyEv
FN:306,_ZN46TEST_DuplexList_TestAggregatedInsert_TestShellC2Ev
FN:306,_ZN46TEST_DuplexList_TestAggregatedInsert_TestShellD2Ev
FN:306,_ZN41TEST_DuplexList_TestAggregatedInsert_TestD2Ev
FN:306,_ZN41TEST_DuplexList_TestAggregatedInsert_TestD0Ev
FN:306,_ZN41TEST_DuplexList_TestAggregatedInsert_TestC2Ev
FN:306,_ZN46TEST_DuplexList_TestAggregatedInsert_TestShellD0Ev
FN:362,_ZN46TEST_DuplexList_TestAggregatedPopAndClear_TestC2Ev
FN:362,_ZN46TEST_DuplexList_TestAggregatedPopAndClear_TestD0Ev
FN:362,_ZN46TEST_DuplexList_TestAggregatedPopAndClear_Test8testBodyEv
FN:362,_ZN51TEST_DuplexList_TestAggregatedPopAndClear_TestShellC2Ev
FN:362,_ZN51TEST_DuplexList_TestAggregatedPopAndClear_TestShellD2Ev
FN:362,_ZN51TEST_DuplexList_TestAggregatedPopAndClear_TestShell10createTestEv
FN:362,_ZN51TEST_DuplexList_TestAggregatedPopAndClear_TestShellD0Ev
FN:362,_ZN46TEST_DuplexList_TestAggregatedPopAndClear_TestD2Ev
FN:431,_GLOBAL__sub_I_externTestGroupDuplexList
FN:431,_Z41__static_initialization_and_destruction_0ii
FNDA:8,_ZL4FindR11CDuplexListP11CTestObject
FNDA:8,_ZL4FindR11CDuplexListPKc
FNDA:2,_ZL16ReleaseResourcesR11CDuplexList
FNDA:0,_ZN34TEST_GROUP_CppUTestGroupDuplexListD0Ev
FNDA:6,_ZN34TEST_GROUP_CppUTestGroupDuplexListD2Ev
FNDA:6,_ZN34TEST_GROUP_CppUTestGroupDuplexListC2Ev
FNDA:6,_ZN34TEST_GROUP_CppUTestGroupDuplexList5setupEv
FNDA:6,_ZN34TEST_GROUP_CppUTestGroupDuplexList8teardownEv
FNDA:0,_ZN51TEST_DuplexList_TestPointerInsertAtTheEnd_TestShellD0Ev
FNDA:1,_ZN51TEST_DuplexList_TestPointerInsertAtTheEnd_TestShellD2Ev
FNDA:1,_ZN46TEST_DuplexList_TestPointerInsertAtTheEnd_TestD0Ev
FNDA:1,_ZN46TEST_DuplexList_TestPointerInsertAtTheEnd_TestD2Ev
FNDA:1,_ZN46TEST_DuplexList_TestPointerInsertAtTheEnd_Test8testBodyEv
FNDA:1,_ZN51TEST_DuplexList_TestPointerInsertAtTheEnd_TestShellC2Ev
FNDA:1,_ZN51TEST_DuplexList_TestPointerInsertAtTheEnd_TestShell10createTestEv
FNDA:1,_ZN46TEST_DuplexList_TestPointerInsertAtTheEnd_TestC2Ev
FNDA:0,_ZN43TEST_DuplexList_TestPointerInsert_TestShellD0Ev
FNDA:1,_ZN43TEST_DuplexList_TestPointerInsert_TestShellD2Ev
FNDA:1,_ZN38TEST_DuplexList_TestPointerInsert_TestD0Ev
FNDA:1,_ZN38TEST_DuplexList_TestPointerInsert_TestD2Ev
FNDA:1,_ZN38TEST_DuplexList_TestPointerInsert_Test8testBodyEv
FNDA:1,_ZN43TEST_DuplexList_TestPointerInsert_TestShellC2Ev
FNDA:1,_ZN43TEST_DuplexList_TestPointerInsert_TestShell10createTestEv
FNDA:1,_ZN38TEST_DuplexList_TestPointerInsert_TestC2Ev
FNDA:0,_ZN48TEST_DuplexList_TestPointerPopAndClear_TestShellD0Ev
FNDA:1,_ZN48TEST_DuplexList_TestPointerPopAndClear_TestShellD2Ev
FNDA:1,_ZN43TEST_DuplexList_TestPointerPopAndClear_TestD0Ev
FNDA:1,_ZN43TEST_DuplexList_TestPointerPopAndClear_TestD2Ev
FNDA:1,_ZN43TEST_DuplexList_TestPointerPopAndClear_Test8testBodyEv
FNDA:1,_ZN48TEST_DuplexList_TestPointerPopAndClear_TestShellC2Ev
FNDA:1,_ZN48TEST_DuplexList_TestPointerPopAndClear_TestShell10createTestEv
FNDA:1,_ZN43TEST_DuplexList_TestPointerPopAndClear_TestC2Ev
FNDA:0,_ZN54TEST_DuplexList_TestAggregatedInsertAtTheEnd_TestShellD0Ev
FNDA:1,_ZN54TEST_DuplexList_TestAggregatedInsertAtTheEnd_TestShellD2Ev
FNDA:1,_ZN49TEST_DuplexList_TestAggregatedInsertAtTheEnd_TestD0Ev
FNDA:1,_ZN49TEST_DuplexList_TestAggregatedInsertAtTheEnd_TestD2Ev
FNDA:1,_ZN49TEST_DuplexList_TestAggregatedInsertAtTheEnd_Test8testBodyEv
FNDA:1,_ZN54TEST_DuplexList_TestAggregatedInsertAtTheEnd_TestShellC2Ev
FNDA:1,_ZN54TEST_DuplexList_TestAggregatedInsertAtTheEnd_TestShell10createTestEv
FNDA:1,_ZN49TEST_DuplexList_TestAggregatedInsertAtTheEnd_TestC2Ev
FNDA:0,_ZN46TEST_DuplexList_TestAggregatedInsert_TestShellD0Ev
FNDA:1,_ZN46TEST_DuplexList_TestAggregatedInsert_TestShellD2Ev
FNDA:1,_ZN41TEST_DuplexList_TestAggregatedInsert_TestD0Ev
FNDA:1,_ZN41TEST_DuplexList_TestAggregatedInsert_TestD2Ev
FNDA:1,_ZN41TEST_DuplexList_TestAggregatedInsert_Test8testBodyEv
FNDA:1,_ZN46TEST_DuplexList_TestAggregatedInsert_TestShellC2Ev
FNDA:1,_ZN46TEST_DuplexList_TestAggregatedInsert_TestShell10createTestEv
FNDA:1,_ZN41TEST_DuplexList_TestAggregatedInsert_TestC2Ev
FNDA:0,_ZN51TEST_DuplexList_TestAggregatedPopAndClear_TestShellD0Ev
FNDA:1,_ZN51TEST_DuplexList_TestAggregatedPopAndClear_TestShellD2Ev
FNDA:1,_ZN46TEST_DuplexList_TestAggregatedPopAndClear_TestD0Ev
FNDA:1,_ZN46TEST_DuplexList_TestAggregatedPopAndClear_TestD2Ev
FNDA:1,_ZN46TEST_DuplexList_TestAggregatedPopAndClear_Test8testBodyEv
FNDA:1,_ZN51TEST_DuplexList_TestAggregatedPopAndClear_TestShellC2Ev
FNDA:1,_ZN51TEST_DuplexList_TestAggregatedPopAndClear_TestShell10createTestEv
FNDA:1,_ZN46TEST_DuplexList_TestAggregatedPopAndClear_TestC2Ev
FNDA:1,_GLOBAL__sub_I_externTestGroupDuplexList
FNDA:1,_Z41__static_initialization_and_destruction_0ii
FNF:58
FNH:51
DA:30,8
DA:32,8
DA:33,16
DA:34,90
DA:35,46
DA:36,5
DA:38,41
DA:40,16
DA:43,8
DA:45,8
DA:46,16
DA:47,90
DA:48,46
DA:49,5
DA:51,41
DA:53,16
DA:56,2
DA:58,4
DA:59,4
DA:61,38
DA:62,18
DA:63,18
DA:64,18
DA:66,2
DA:67,2
DA:69,12
DA:84,6
DA:86,6
DA:88,6
DA:90,6
DA:94,8
DA:96,2
DA:98,1
DA:100,1
DA:101,1
DA:102,1
DA:103,1
DA:105,11
DA:106,10
DA:107,10
DA:109,1
DA:110,2
DA:111,2
DA:112,1
DA:114,1
DA:115,1
DA:116,1
DA:117,1
DA:118,1
DA:119,1
DA:121,1
DA:122,1
DA:123,1
DA:124,1
DA:125,1
DA:126,1
DA:127,1
DA:128,1
DA:129,1
DA:131,1
DA:132,1
DA:134,8
DA:136,2
DA:139,5
DA:140,4
DA:142,1
DA:143,2
DA:144,2
DA:145,1
DA:149,1
DA:150,1
DA:151,1
DA:152,1
DA:153,1
DA:154,1
DA:159,1
DA:160,1
DA:161,1
DA:162,1
DA:163,1
DA:166,2
DA:167,2
DA:168,2
DA:169,1
DA:170,1
DA:171,1
DA:172,1
DA:173,1
DA:174,1
DA:176,1
DA:177,1
DA:178,1
DA:179,1
DA:180,1
DA:181,1
DA:182,1
DA:183,1
DA:185,1
DA:186,1
DA:189,1
DA:190,1
DA:192,8
DA:195,2
DA:197,11
DA:198,10
DA:199,10
DA:203,2
DA:204,1
DA:205,1
DA:209,2
DA:210,1
DA:211,1
DA:212,1
DA:213,1
DA:215,1
DA:216,2
DA:217,1
DA:220,2
DA:221,1
DA:222,1
DA:224,1
DA:225,1
DA:226,1
DA:227,1
DA:228,1
DA:229,1
DA:230,1
DA:233,1
DA:234,2
DA:235,1
DA:236,2
DA:237,1
DA:238,2
DA:239,1
DA:240,2
DA:241,1
DA:242,1
DA:243,1
DA:244,1
DA:245,1
DA:246,1
DA:247,1
DA:248,1
DA:250,1
DA:252,1
DA:253,1
DA:254,1
DA:256,1
DA:257,1
DA:258,1
DA:259,1
DA:261,1
DA:262,1
DA:264,11
DA:265,10
DA:267,1
DA:269,8
DA:271,2
DA:273,1
DA:275,1
DA:276,1
DA:277,1
DA:278,1
DA:280,11
DA:281,10
DA:282,10
DA:284,1
DA:285,2
DA:286,2
DA:287,1
DA:289,1
DA:290,1
DA:291,1
DA:292,1
DA:293,1
DA:294,1
DA:296,1
DA:297,1
DA:298,1
DA:299,1
DA:300,1
DA:301,1
DA:302,1
DA:303,1
DA:304,1
DA:306,8
DA:308,2
DA:311,5
DA:312,4
DA:314,1
DA:315,2
DA:316,2
DA:317,1
DA:321,1
DA:322,1
DA:323,1
DA:324,1
DA:325,1
DA:326,1
DA:331,1
DA:332,1
DA:333,1
DA:334,1
DA:335,1
DA:338,2
DA:339,2
DA:340,2
DA:341,1
DA:342,1
DA:343,1
DA:344,1
DA:345,1
DA:346,1
DA:348,1
DA:349,1
DA:350,1
DA:351,1
DA:352,1
DA:353,1
DA:354,1
DA:355,1
DA:357,1
DA:358,1
DA:360,1
DA:362,8
DA:364,2
DA:366,11
DA:367,10
DA:371,2
DA:372,1
DA:373,1
DA:377,2
DA:378,1
DA:379,1
DA:380,1
DA:381,1
DA:383,1
DA:384,2
DA:385,1
DA:388,2
DA:389,1
DA:390,1
DA:392,1
DA:393,1
DA:394,1
DA:395,1
DA:396,1
DA:397,1
DA:398,1
DA:401,1
DA:402,2
DA:403,1
DA:404,2
DA:405,1
DA:406,2
DA:407,1
DA:408,2
DA:409,1
DA:410,1
DA:411,1
DA:412,1
DA:413,1
DA:414,1
DA:415,1
DA:416,1
DA:418,1
DA:420,1
DA:421,1
DA:422,1
DA:424,1
DA:425,1
DA:426,1
DA:427,1
DA:429,1
DA:430,1
DA:431,4
LF:276
LH:276
end_of_record
SF:/home/yuanqin/myproject/DataX/unit-test/build/TestObject.h
FN:9,_ZN11CTestObjectC2EPKc
FN:10,_ZN11CTestObjectD0Ev
FN:10,_ZN11CTestObjectD2Ev
FN:12,_ZNK11CTestObject4NameEv
FNDA:39,_ZN11CTestObjectC2EPKc
FNDA:39,_ZN11CTestObjectD0Ev
FNDA:39,_ZN11CTestObjectD2Ev
FNDA:82,_ZNK11CTestObject4NameEv
FNF:4
FNH:4
DA:9,39
DA:10,78
DA:12,82
LF:3
LH:3
end_of_record
SF:/home/yuanqin/myproject/DataX/unit-test/include/CppUTest/Utest.h
FN:62,_ZN14TestTerminatorC2Ev
FN:69,_ZN20NormalTestTerminatorC2Ev
FNDA:0,_ZN14TestTerminatorC2Ev
FNDA:0,_ZN20NormalTestTerminatorC2Ev
FNF:2
FNH:0
DA:62,0
DA:69,0
LF:2
LH:0
end_of_record
TN:testAll
SF:/home/yuanqin/myproject/DataX/src/Common/ByteData.h
FN:12,_ZN9CByteDataC2EPvmPFvS0_E
FN:31,_ZN9CByteDataD2Ev
FN:45,_ZNK9CByteData7GetDataEv
FN:46,_ZNK9CByteData9GetLengthEv
FNDA:0,_ZN9CByteDataC2EPvmPFvS0_E
FNDA:0,_ZN9CByteDataD2Ev
FNDA:143,_ZNK9CByteData7GetDataEv
FNDA:108,_ZNK9CByteData9GetLengthEv
FNF:4
FNH:2
DA:12,0
DA:18,0
DA:20,0
DA:21,0
DA:31,0
DA:32,0
DA:33,0
DA:34,0
DA:36,0
DA:45,143
DA:46,108
LF:11
LH:2
end_of_record
SF:/home/yuanqin/myproject/DataX/src/DataBase/KeyValueDB.h
FN:71,_ZN11CKeyValueDB8Iterator3KeyEv
FN:72,_ZN11CKeyValueDB8Iterator5ValueEv
FN:73,_ZNK11CKeyValueDB8Iterator5IsEndEv
FN:74,_ZN11CKeyValueDB8Iterator11EraseRecordEv
FNDA:40,_ZN11CKeyValueDB8Iterator3KeyEv
FNDA:28,_ZN11CKeyValueDB8Iterator5ValueEv
FNDA:33,_ZNK11CKeyValueDB8Iterator5IsEndEv
FNDA:1,_ZN11CKeyValueDB8Iterator11EraseRecordEv
FNF:4
FNH:4
DA:71,40
DA:72,28
DA:73,33
DA:74,1
LF:4
LH:4
end_of_record
SF:/home/yuanqin/myproject/DataX/unit-test/build/TestKeyValueDB.cpp
FN:13,_ZL12IndexComparePKcS0_
FN:29,_ZL14GetCompareFuncv
FN:34,_ZN34TEST_GROUP_CppUTestGroupKeyValueDBD2Ev
FN:34,_ZN34TEST_GROUP_CppUTestGroupKeyValueDBD0Ev
FN:34,_ZN34TEST_GROUP_CppUTestGroupKeyValueDBC2Ev
FN:69,_ZN34TEST_GROUP_CppUTestGroupKeyValueDB5setupEv
FN:75,_ZN34TEST_GROUP_CppUTestGroupKeyValueDB8teardownEv
FN:81,_ZN34TEST_GROUP_CppUTestGroupKeyValueDB14SetMultiValuesEPNS_12KeyValueDataE
FN:94,_ZN34TEST_GROUP_CppUTestGroupKeyValueDB10IsBelongToEPKcPNS_12KeyValueDataE
FN:107,_ZN34TEST_GROUP_CppUTestGroupKeyValueDB13InsertAllDataEv
FN:119,_ZN34TEST_GROUP_CppUTestGroupKeyValueDB13DeleteAllDataEv
FN:129,_ZN34TEST_GROUP_CppUTestGroupKeyValueDB12HandleRecordEPN11CKeyValueDB8IteratorEPv
FN:141,_ZN35TEST_KeyValueDB_CreateInstance_TestC2Ev
FN:141,_ZN40TEST_KeyValueDB_CreateInstance_TestShell10createTestEv
FN:141,_ZN35TEST_KeyValueDB_CreateInstance_TestD0Ev
FN:141,_ZN40TEST_KeyValueDB_CreateInstance_TestShellC2Ev
FN:141,_ZN35TEST_KeyValueDB_CreateInstance_Test8testBodyEv
FN:141,_ZN35TEST_KeyValueDB_CreateInstance_TestD2Ev
FN:141,_ZN40TEST_KeyValueDB_CreateInstance_TestShellD0Ev
FN:141,_ZN40TEST_KeyValueDB_CreateInstance_TestShellD2Ev
FN:146,_ZN38TEST_KeyValueDB_SetGetSingleValue_TestD0Ev
FN:146,_ZN43TEST_KeyValueDB_SetGetSingleValue_TestShellD2Ev
FN:146,_ZN43TEST_KeyValueDB_SetGetSingleValue_TestShellC2Ev
FN:146,_ZN38TEST_KeyValueDB_SetGetSingleValue_TestD2Ev
FN:146,_ZN38TEST_KeyValueDB_SetGetSingleValue_TestC2Ev
FN:146,_ZN43TEST_KeyValueDB_SetGetSingleValue_TestShell10createTestEv
FN:146,_ZN38TEST_KeyValueDB_SetGetSingleValue_Test8testBodyEv
FN:146,_ZN43TEST_KeyValueDB_SetGetSingleValue_TestShellD0Ev
FN:167,_ZN43TEST_KeyValueDB_SetGetMultiValues_TestShellD2Ev
FN:167,_ZN43TEST_KeyValueDB_SetGetMultiValues_TestShellD0Ev
FN:167,_ZN38TEST_KeyValueDB_SetGetMultiValues_Test8testBodyEv
FN:167,_ZN43TEST_KeyValueDB_SetGetMultiValues_TestShellC2Ev
FN:167,_ZN38TEST_KeyValueDB_SetGetMultiValues_TestD2Ev
FN:167,_ZN43TEST_KeyValueDB_SetGetMultiValues_TestShell10createTestEv
FN:167,_ZN38TEST_KeyValueDB_SetGetMultiValues_TestC2Ev
FN:167,_ZN38TEST_KeyValueDB_SetGetMultiValues_TestD0Ev
FN:181,_ZN32TEST_KeyValueDB_CursorQuery_TestC2Ev
FN:181,_ZN37TEST_KeyValueDB_CursorQuery_TestShellC2Ev
FN:181,_ZN37TEST_KeyValueDB_CursorQuery_TestShellD2Ev
FN:181,_ZN32TEST_KeyValueDB_CursorQuery_TestD2Ev
FN:181,_ZN32TEST_KeyValueDB_CursorQuery_TestD0Ev
FN:181,_ZN32TEST_KeyValueDB_CursorQuery_Test8testBodyEv
FN:181,_ZN37TEST_KeyValueDB_CursorQuery_TestShell10createTestEv
FN:181,_ZN37TEST_KeyValueDB_CursorQuery_TestShellD0Ev
FN:234,_ZN32TEST_KeyValueDB_CursorErase_TestD0Ev
FN:234,_ZN32TEST_KeyValueDB_CursorErase_TestC2Ev
FN:234,_ZN37TEST_KeyValueDB_CursorErase_TestShellC2Ev
FN:234,_ZN32TEST_KeyValueDB_CursorErase_Test8testBodyEv
FN:234,_ZN32TEST_KeyValueDB_CursorErase_TestD2Ev
FN:234,_ZN37TEST_KeyValueDB_CursorErase_TestShellD0Ev
FN:234,_ZN37TEST_KeyValueDB_CursorErase_TestShellD2Ev
FN:234,_ZN37TEST_KeyValueDB_CursorErase_TestShell10createTestEv
FN:270,_ZN38TEST_KeyValueDB_CursorUpdate_TestShell10createTestEv
FN:270,_ZN38TEST_KeyValueDB_CursorUpdate_TestShellC2Ev
FN:270,_ZN38TEST_KeyValueDB_CursorUpdate_TestShellD0Ev
FN:270,_ZN33TEST_KeyValueDB_CursorUpdate_TestC2Ev
FN:270,_ZN33TEST_KeyValueDB_CursorUpdate_TestD2Ev
FN:270,_ZN33TEST_KeyValueDB_CursorUpdate_Test8testBodyEv
FN:270,_ZN38TEST_KeyValueDB_CursorUpdate_TestShellD2Ev
FN:270,_ZN33TEST_KeyValueDB_CursorUpdate_TestD0Ev
FN:307,_GLOBAL__sub_I_externTestGroupKeyValueDB
FN:307,_Z41__static_initialization_and_destruction_0ii
FNDA:36,_ZL12IndexComparePKcS0_
FNDA:6,_ZL14GetCompareFuncv
FNDA:0,_ZN34TEST_GROUP_CppUTestGroupKeyValueDBD0Ev
FNDA:6,_ZN34TEST_GROUP_CppUTestGroupKeyValueDBD2Ev
FNDA:6,_ZN34TEST_GROUP_CppUTestGroupKeyValueDBC2Ev
FNDA:6,_ZN34TEST_GROUP_CppUTestGroupKeyValueDB5setupEv
FNDA:6,_ZN34TEST_GROUP_CppUTestGroupKeyValueDB8teardownEv
FNDA:10,_ZN34TEST_GROUP_CppUTestGroupKeyValueDB14SetMultiValuesEPNS_12KeyValueDataE
FNDA:22,_ZN34TEST_GROUP_CppUTestGroupKeyValueDB10IsBelongToEPKcPNS_12KeyValueDataE
FNDA:3,_ZN34TEST_GROUP_CppUTestGroupKeyValueDB13InsertAllDataEv
FNDA:3,_ZN34TEST_GROUP_CppUTestGroupKeyValueDB13DeleteAllDataEv
FNDA:3,_ZN34TEST_GROUP_CppUTestGroupKeyValueDB12HandleRecordEPN11CKeyValueDB8IteratorEPv
FNDA:0,_ZN40TEST_KeyValueDB_CreateInstance_TestShellD0Ev
FNDA:1,_ZN40TEST_KeyValueDB_CreateInstance_TestShellD2Ev
FNDA:1,_ZN35TEST_KeyValueDB_CreateInstance_TestD0Ev
FNDA:1,_ZN35TEST_KeyValueDB_CreateInstance_TestD2Ev
FNDA:1,_ZN35TEST_KeyValueDB_CreateInstance_Test8testBodyEv
FNDA:1,_ZN40TEST_KeyValueDB_CreateInstance_TestShellC2Ev
FNDA:1,_ZN40TEST_KeyValueDB_CreateInstance_TestShell10createTestEv
FNDA:1,_ZN35TEST_KeyValueDB_CreateInstance_TestC2Ev
FNDA:0,_ZN43TEST_KeyValueDB_SetGetSingleValue_TestShellD0Ev
FNDA:1,_ZN43TEST_KeyValueDB_SetGetSingleValue_TestShellD2Ev
FNDA:1,_ZN38TEST_KeyValueDB_SetGetSingleValue_TestD0Ev
FNDA:1,_ZN38TEST_KeyValueDB_SetGetSingleValue_TestD2Ev
FNDA:1,_ZN38TEST_KeyValueDB_SetGetSingleValue_Test8testBodyEv
FNDA:1,_ZN43TEST_KeyValueDB_SetGetSingleValue_TestShellC2Ev
FNDA:1,_ZN43TEST_KeyValueDB_SetGetSingleValue_TestShell10createTestEv
FNDA:1,_ZN38TEST_KeyValueDB_SetGetSingleValue_TestC2Ev
FNDA:0,_ZN43TEST_KeyValueDB_SetGetMultiValues_TestShellD0Ev
FNDA:1,_ZN43TEST_KeyValueDB_SetGetMultiValues_TestShellD2Ev
FNDA:1,_ZN38TEST_KeyValueDB_SetGetMultiValues_TestD0Ev
FNDA:1,_ZN38TEST_KeyValueDB_SetGetMultiValues_TestD2Ev
FNDA:1,_ZN38TEST_KeyValueDB_SetGetMultiValues_Test8testBodyEv
FNDA:1,_ZN43TEST_KeyValueDB_SetGetMultiValues_TestShellC2Ev
FNDA:1,_ZN43TEST_KeyValueDB_SetGetMultiValues_TestShell10createTestEv
FNDA:1,_ZN38TEST_KeyValueDB_SetGetMultiValues_TestC2Ev
FNDA:0,_ZN37TEST_KeyValueDB_CursorQuery_TestShellD0Ev
FNDA:1,_ZN37TEST_KeyValueDB_CursorQuery_TestShellD2Ev
FNDA:1,_ZN32TEST_KeyValueDB_CursorQuery_TestD0Ev
FNDA:1,_ZN32TEST_KeyValueDB_CursorQuery_TestD2Ev
FNDA:1,_ZN32TEST_KeyValueDB_CursorQuery_Test8testBodyEv
FNDA:1,_ZN37TEST_KeyValueDB_CursorQuery_TestShellC2Ev
FNDA:1,_ZN37TEST_KeyValueDB_CursorQuery_TestShell10createTestEv
FNDA:1,_ZN32TEST_KeyValueDB_CursorQuery_TestC2Ev
FNDA:0,_ZN37TEST_KeyValueDB_CursorErase_TestShellD0Ev
FNDA:1,_ZN37TEST_KeyValueDB_CursorErase_TestShellD2Ev
FNDA:1,_ZN32TEST_KeyValueDB_CursorErase_TestD0Ev
FNDA:1,_ZN32TEST_KeyValueDB_CursorErase_TestD2Ev
FNDA:1,_ZN32TEST_KeyValueDB_CursorErase_Test8testBodyEv
FNDA:1,_ZN37TEST_KeyValueDB_CursorErase_TestShellC2Ev
FNDA:1,_ZN37TEST_KeyValueDB_CursorErase_TestShell10createTestEv
FNDA:1,_ZN32TEST_KeyValueDB_CursorErase_TestC2Ev
FNDA:0,_ZN38TEST_KeyValueDB_CursorUpdate_TestShellD0Ev
FNDA:1,_ZN38TEST_KeyValueDB_CursorUpdate_TestShellD2Ev
FNDA:1,_ZN33TEST_KeyValueDB_CursorUpdate_TestD0Ev
FNDA:1,_ZN33TEST_KeyValueDB_CursorUpdate_TestD2Ev
FNDA:1,_ZN33TEST_KeyValueDB_CursorUpdate_Test8testBodyEv
FNDA:1,_ZN38TEST_KeyValueDB_CursorUpdate_TestShellC2Ev
FNDA:1,_ZN38TEST_KeyValueDB_CursorUpdate_TestShell10createTestEv
FNDA:1,_ZN33TEST_KeyValueDB_CursorUpdate_TestC2Ev
FNDA:1,_GLOBAL__sub_I_externTestGroupKeyValueDB
FNDA:1,_Z41__static_initialization_and_destruction_0ii
FNF:62
FNH:55
DA:13,36
DA:15,36
DA:16,36
DA:17,36
DA:18,36
DA:20,0
DA:21,0
DA:23,0
DA:24,0
DA:26,0
DA:29,6
DA:31,6
DA:34,30
DA:62,6
DA:63,6
DA:64,6
DA:69,6
DA:72,6
DA:73,6
DA:75,6
DA:77,6
DA:78,6
DA:79,6
DA:81,10
DA:83,20
DA:84,40
DA:86,60
DA:87,30
DA:88,0
DA:91,10
DA:94,22
DA:96,22
DA:97,22
DA:98,50
DA:99,49
DA:100,21
DA:101,21
DA:104,22
DA:107,3
DA:109,3
DA:110,12
DA:111,9
DA:112,9
DA:113,0
DA:116,3
DA:119,3
DA:121,12
DA:123,9
DA:124,27
DA:125,9
DA:127,3
DA:129,3
DA:132,3
DA:134,3
DA:135,3
DA:136,3
DA:141,8
DA:143,1
DA:144,1
DA:146,8
DA:148,1
DA:149,1
DA:150,1
DA:151,3
DA:152,1
DA:153,3
DA:154,1
DA:155,1
DA:157,2
DA:158,1
DA:159,1
DA:161,1
DA:163,1
DA:164,1
DA:165,1
DA:167,8
DA:169,1
DA:170,1
DA:171,1
DA:173,2
DA:174,1
DA:175,1
DA:177,1
DA:178,1
DA:179,1
DA:181,8
DA:183,1
DA:184,1
DA:188,1
DA:189,1
DA:190,19
DA:191,9
DA:192,17
DA:193,17
DA:194,34
DA:195,17
DA:197,9
DA:198,9
DA:201,9
DA:202,9
DA:203,9
DA:204,9
DA:206,1
DA:207,1
DA:211,2
DA:212,1
DA:213,1
DA:214,1
DA:215,1
DA:217,1
DA:218,1
DA:219,1
DA:220,7
DA:221,3
DA:222,3
DA:223,3
DA:224,3
DA:225,3
DA:227,1
DA:228,1
DA:229,1
DA:231,1
DA:232,1
DA:234,8
DA:236,1
DA:237,1
DA:239,1
DA:240,2
DA:241,1
DA:242,1
DA:244,1
DA:245,1
DA:246,1
DA:247,1
DA:248,1
DA:249,5
DA:250,2
DA:251,2
DA:252,2
DA:254,1
DA:256,1
DA:257,1
DA:258,1
DA:259,5
DA:260,2
DA:261,2
DA:262,2
DA:264,1
DA:266,1
DA:267,1
DA:268,1
DA:270,8
DA:272,1
DA:273,1
DA:275,1
DA:277,2
DA:279,2
DA:281,1
DA:282,1
DA:283,1
DA:284,1
DA:285,2
DA:286,1
DA:287,1
DA:288,1
DA:290,1
DA:291,1
DA:292,1
DA:293,1
DA:294,7
DA:295,3
DA:296,3
DA:297,3
DA:298,1
DA:299,1
DA:301,3
DA:303,1
DA:304,1
DA:306,1
DA:307,4
LF:180
LH:173
end_of_record
SF:/home/yuanqin/myproject/DataX/unit-test/include/CppUTest/Utest.h
FN:62,_ZN14TestTerminatorC2Ev
FN:69,_ZN20NormalTestTerminatorC2Ev
FNDA:0,_ZN14TestTerminatorC2Ev
FNDA:0,_ZN20NormalTestTerminatorC2Ev
FNF:2
FNH:0
DA:62,0
DA:69,0
LF:2
LH:0
end_of_record
TN:testAll
SF:/home/yuanqin/myproject/DataX/src/Common/ForwardList.h
FN:15,_ZN12CForwardList8IteratorC2EPN16CIntrusiveFwList10FwListNodeE
FN:16,_ZN12CForwardList8IteratorC2ERKS0_
FN:17,_ZN12CForwardList8IteratorD2Ev
FN:19,_ZN12CForwardList8IteratorppEv
FN:37,_ZN12CForwardList8IteratorneERKS0_
FN:84,_ZNK12CForwardList5CountEv
FN:106,_ZN12CForwardList6DataAtENS_8IteratorE
FN:218,_ZN12CForwardList5BeginEv
FN:223,_ZNK12CForwardList3EndEv
FNDA:0,_ZN12CForwardList8IteratorC2EPN16CIntrusiveFwList10FwListNodeE
FNDA:0,_ZN12CForwardList8IteratorC2ERKS0_
FNDA:0,_ZN12CForwardList8IteratorD2Ev
FNDA:0,_ZN12CForwardList8IteratorppEv
FNDA:0,_ZN12CForwardList8IteratorneERKS0_
FNDA:0,_ZNK12CForwardList5CountEv
FNDA:0,_ZN12CForwardList6DataAtENS_8IteratorE
FNDA:0,_ZN12CForwardList5BeginEv
FNDA:0,_ZNK12CForwardList3EndEv
FNF:9
FNH:0
DA:15,0
DA:16,0
DA:17,0
DA:19,0
DA:21,0
DA:22,0
DA:23,0
DA:37,0
DA:39,0
DA:84,0
DA:106,0
DA:108,0
DA:109,0
DA:110,0
DA:112,0
DA:218,0
DA:220,0
DA:223,0
DA:225,0
LF:19
LH:0
end_of_record
SF:/home/yuanqin/myproject/DataX/src/Common/IntrusiveFwList.h
FN:28,_ZN16CIntrusiveFwList10FwListNode7GetNextEv
FN:30,_ZN16CIntrusiveFwList10FwListNode7GetDataEv
FN:43,_ZNK16CIntrusiveFwList5CountEv
FN:44,_ZN16CIntrusiveFwList5FirstEv
FNDA:0,_ZN16CIntrusiveFwList10FwListNode7GetNextEv
FNDA:0,_ZN16CIntrusiveFwList10FwListNode7GetDataEv
FNDA:0,_ZNK16CIntrusiveFwList5CountEv
FNDA:0,_ZN16CIntrusiveFwList5FirstEv
FNF:4
FNH:0
DA:28,0
DA:30,0
DA:43,0
DA:44,0
LF:4
LH:0
end_of_record
SF:/home/yuanqin/myproject/DataX/unit-test/build/TestHeaderField.cpp
FN:15,_ZN35TEST_GROUP_CppUTestGroupHeaderFieldD2Ev
FN:15,_ZN35TEST_GROUP_CppUTestGroupHeaderFieldD0Ev
FN:15,_ZN35TEST_GROUP_CppUTestGroupHeaderFieldC2Ev
FN:19,_ZN35TEST_GROUP_CppUTestGroupHeaderField5setupEv
FN:25,_ZN35TEST_GROUP_CppUTestGroupHeaderField8teardownEv
FN:32,_ZN33TEST_HeaderField_InsertValue_TestD0Ev
FN:32,_ZN33TEST_HeaderField_InsertValue_TestD2Ev
FN:32,_ZN38TEST_HeaderField_InsertValue_TestShellD2Ev
FN:32,_ZN38TEST_HeaderField_InsertValue_TestShellD0Ev
FN:32,_ZN38TEST_HeaderField_InsertValue_TestShell10createTestEv
FN:32,_ZN33TEST_HeaderField_InsertValue_Test8testBodyEv
FN:32,_ZN38TEST_HeaderField_InsertValue_TestShellC2Ev
FN:32,_ZN33TEST_HeaderField_InsertValue_TestC2Ev
FN:50,_GLOBAL__sub_I_externTestGroupHeaderField
FN:50,_Z41__static_initialization_and_destruction_0ii
FNDA:0,_ZN35TEST_GROUP_CppUTestGroupHeaderFieldD0Ev
FNDA:1,_ZN35TEST_GROUP_CppUTestGroupHeaderFieldD2Ev
FNDA:1,_ZN35TEST_GROUP_CppUTestGroupHeaderFieldC2Ev
FNDA:1,_ZN35TEST_GROUP_CppUTestGroupHeaderField5setupEv
FNDA:1,_ZN35TEST_GROUP_CppUTestGroupHeaderField8teardownEv
FNDA:0,_ZN38TEST_HeaderField_InsertValue_TestShellD0Ev
FNDA:1,_ZN38TEST_HeaderField_InsertValue_TestShellD2Ev
FNDA:1,_ZN33TEST_HeaderField_InsertValue_TestD0Ev
FNDA:1,_ZN33TEST_HeaderField_InsertValue_TestD2Ev
FNDA:1,_ZN33TEST_HeaderField_InsertValue_Test8testBodyEv
FNDA:1,_ZN38TEST_HeaderField_InsertValue_TestShellC2Ev
FNDA:1,_ZN38TEST_HeaderField_InsertValue_TestShell10createTestEv
FNDA:1,_ZN33TEST_HeaderField_InsertValue_TestC2Ev
FNDA:1,_GLOBAL__sub_I_externTestGroupHeaderField
FNDA:1,_Z41__static_initialization_and_destruction_0ii
FNF:15
FNH:13
DA:15,2
DA:19,1
DA:21,1
DA:22,1
DA:23,1
DA:25,1
DA:27,1
DA:28,1
DA:32,8
DA:34,1
DA:36,1
DA:37,1
DA:38,1
DA:39,1
DA:40,1
DA:41,1
DA:42,1
DA:43,2
DA:44,2
DA:45,3
DA:46,1
DA:47,1
DA:48,1
DA:50,4
LF:24
LH:24
end_of_record
SF:/home/yuanqin/myproject/DataX/unit-test/include/CppUTest/Utest.h
FN:62,_ZN14TestTerminatorC2Ev
FN:69,_ZN20NormalTestTerminatorC2Ev
FNDA:0,_ZN14TestTerminatorC2Ev
FNDA:0,_ZN20NormalTestTerminatorC2Ev
FNF:2
FNH:0
DA:62,0
DA:69,0
LF:2
LH:0
end_of_record
TN:testAll
SF:/home/yuanqin/myproject/DataX/src/Common/ForwardList.h
FN:15,_ZN12CForwardList8IteratorC2EPN16CIntrusiveFwList10FwListNodeE
FN:16,_ZN12CForwardList8IteratorC2ERKS0_
FN:17,_ZN12CForwardList8IteratorD2Ev
FN:19,_ZN12CForwardList8IteratorppEv
FN:26,_ZN12CForwardList8IteratoraSERKS0_
FN:37,_ZN12CForwardList8IteratorneERKS0_
FN:48,_ZN12CForwardListC2EP7CMemory
FN:58,_ZN12CForwardListC2EmP7CMemory
FN:82,_ZN12CForwardListD2Ev
FN:84,_ZNK12CForwardList5CountEv
FN:106,_ZN12CForwardList6DataAtENS_8IteratorE
FN:115,_ZN12CForwardList8PushBackEPv
FN:211,_ZNK12CForwardList12IsAggregatedEv
FN:218,_ZN12CForwardList5BeginEv
FN:223,_ZNK12CForwardList3EndEv
FNDA:33,_ZN12CForwardList8IteratorC2EPN16CIntrusiveFwList10FwListNodeE
FNDA:43,_ZN12CForwardList8IteratorC2ERKS0_
FNDA:76,_ZN12CForwardList8IteratorD2Ev
FNDA:43,_ZN12CForwardList8IteratorppEv
FNDA:4,_ZN12CForwardList8IteratoraSERKS0_
FNDA:49,_ZN12CForwardList8IteratorneERKS0_
FNDA:5,_ZN12CForwardListC2EP7CMemory
FNDA:2,_ZN12CForwardListC2EmP7CMemory
FNDA:6,_ZN12CForwardListD2Ev
FNDA:16,_ZNK12CForwardList5CountEv
FNDA:43,_ZN12CForwardList6DataAtENS_8IteratorE
FNDA:21,_ZN12CForwardList8PushBackEPv
FNDA:4,_ZNK12CForwardList12IsAggregatedEv
FNDA:6,_ZN12CForwardList5BeginEv
FNDA:6,_ZNK12CForwardList3EndEv
FNF:15
FNH:15
DA:15,33
DA:16,43
DA:17,76
DA:19,43
DA:21,43
DA:22,43
DA:23,43
DA:26,4
DA:28,4
DA:29,4
DA:37,49
DA:39,49
DA:48,5
DA:52,5
DA:54,5
DA:55,5
DA:56,5
DA:58,2
DA:63,2
DA:65,2
DA:66,2
DA:67,2
DA:68,2
DA:82,6
DA:84,16
DA:106,43
DA:108,43
DA:109,59
DA:110,59
DA:112,0
DA:115,21
DA:117,21
DA:211,4
DA:218,6
DA:220,6
DA:223,6
DA:225,6
LF:37
LH:36
end_of_record
SF:/home/yuanqin/myproject/DataX/src/Common/IntrusiveFwList.h
FN:28,_ZN16CIntrusiveFwList10FwListNode7GetNextEv
FN:30,_ZN16CIntrusiveFwList10FwListNode7GetDataEv
FN:33,_ZN16CIntrusiveFwListC2EPv
FN:41,_ZN16CIntrusiveFwListD2Ev
FN:43,_ZNK16CIntrusiveFwList5CountEv
FN:44,_ZN16CIntrusiveFwList5FirstEv
FN:45,_ZN16CIntrusiveFwList4LastEv
FNDA:104,_ZN16CIntrusiveFwList10FwListNode7GetNextEv
FNDA:86,_ZN16CIntrusiveFwList10FwListNode7GetDataEv
FNDA:7,_ZN16CIntrusiveFwListC2EPv
FNDA:6,_ZN16CIntrusiveFwListD2Ev
FNDA:18,_ZNK16CIntrusiveFwList5CountEv
FNDA:14,_ZN16CIntrusiveFwList5FirstEv
FNDA:23,_ZN16CIntrusiveFwList4LastEv
FNF:7
FNH:7
DA:28,104
DA:30,86
DA:33,7
DA:36,7
DA:41,6
DA:43,18
DA:44,14
DA:45,23
LF:8
LH:8
end_of_record
SF:/home/yuanqin/myproject/DataX/src/Memory/Memory.h
FN:19,_ZNK7CMemory12MaxChunkSizeEv
FNDA:0,_ZNK7CMemory12MaxChunkSizeEv
FNF:1
FNH:0
DA:19,0
LF:1
LH:0
end_of_record
SF:/home/yuanqin/myproject/DataX/src/Tracker/Debug.h
FN:74,_ZN20__CFunctionTracker__C2EPKc
FN:80,_ZN20__CFunctionTracker__D2Ev
FNDA:3,_ZN20__CFunctionTracker__C2EPKc
FNDA:3,_ZN20__CFunctionTracker__D2Ev
FNF:2
FNH:2
DA:74,3
DA:77,3
DA:78,3
DA:79,3
DA:80,3
DA:81,3
DA:83,3
DA:84,3
DA:85,3
LF:9
LH:9
end_of_record
SF:/home/yuanqin/myproject/DataX/unit-test/build/TestForwardList.cpp
FN:8,_ZN35TEST_GROUP_CppUTestGroupForwardListC2Ev
FN:8,_ZN35TEST_GROUP_CppUTestGroupForwardListD2Ev
FN:8,_ZN35TEST_GROUP_CppUTestGroupForwardListD0Ev
FN:23,_ZN35TEST_GROUP_CppUTestGroupForwardList5setupEv
FN:27,_ZN35TEST_GROUP_CppUTestGroupForwardList8teardownEv
FN:31,_ZN35TEST_GROUP_CppUTestGroupForwardList16ReleaseListItemsER12CForwardList
FN:45,_ZN45TEST_ForwardList_TestAggregatedData_TestShellD2Ev
FN:45,_ZN45TEST_ForwardList_TestAggregatedData_TestShellD0Ev
FN:45,_ZN45TEST_ForwardList_TestAggregatedData_TestShellC2Ev
FN:45,_ZN40TEST_ForwardList_TestAggregatedData_TestD2Ev
FN:45,_ZN45TEST_ForwardList_TestAggregatedData_TestShell10createTestEv
FN:45,_ZN40TEST_ForwardList_TestAggregatedData_TestC2Ev
FN:45,_ZN40TEST_ForwardList_TestAggregatedData_TestD0Ev
FN:45,_ZN40TEST_ForwardList_TestAggregatedData_Test8testBodyEv
FN:102,_ZN42TEST_ForwardList_TestPointerData_TestShell10createTestEv
FN:102,_ZN42TEST_ForwardList_TestPointerData_TestShellC2Ev
FN:102,_ZN42TEST_ForwardList_TestPointerData_TestShellD0Ev
FN:102,_ZN37TEST_ForwardList_TestPointerData_TestD0Ev
FN:102,_ZN42TEST_ForwardList_TestPointerData_TestShellD2Ev
FN:102,_ZN37TEST_ForwardList_TestPointerData_TestC2Ev
FN:102,_ZN37TEST_ForwardList_TestPointerData_TestD2Ev
FN:102,_ZN37TEST_ForwardList_TestPointerData_Test8testBodyEv
FN:159,_Z41__static_initialization_and_destruction_0ii
FN:159,_GLOBAL__sub_I_externTestGroupForwardList
FNDA:0,_ZN35TEST_GROUP_CppUTestGroupForwardListD0Ev
FNDA:2,_ZN35TEST_GROUP_CppUTestGroupForwardListD2Ev
FNDA:2,_ZN35TEST_GROUP_CppUTestGroupForwardListC2Ev
FNDA:2,_ZN35TEST_GROUP_CppUTestGroupForwardList5setupEv
FNDA:2,_ZN35TEST_GROUP_CppUTestGroupForwardList8teardownEv
FNDA:1,_ZN35TEST_GROUP_CppUTestGroupForwardList16ReleaseListItemsER12CForwardList
FNDA:0,_ZN45TEST_ForwardList_TestAggregatedData_TestShellD0Ev
FNDA:1,_ZN45TEST_ForwardList_TestAggregatedData_TestShellD2Ev
FNDA:1,_ZN40TEST_ForwardList_TestAggregatedData_TestD0Ev
FNDA:1,_ZN40TEST_ForwardList_TestAggregatedData_TestD2Ev
FNDA:1,_ZN40TEST_ForwardList_TestAggregatedData_Test8testBodyEv
FNDA:1,_ZN45TEST_ForwardList_TestAggregatedData_TestShellC2Ev
FNDA:1,_ZN45TEST_ForwardList_TestAggregatedData_TestShell10createTestEv
FNDA:1,_ZN40TEST_ForwardList_TestAggregatedData_TestC2Ev
FNDA:0,_ZN42TEST_ForwardList_TestPointerData_TestShellD0Ev
FNDA:1,_ZN42TEST_ForwardList_TestPointerData_TestShellD2Ev
FNDA:1,_ZN37TEST_ForwardList_TestPointerData_TestD0Ev
FNDA:1,_ZN37TEST_ForwardList_TestPointerData_TestD2Ev
FNDA:1,_ZN37TEST_ForwardList_TestPointerData_Test8testBodyEv
FNDA:1,_ZN42TEST_ForwardList_TestPointerData_TestShellC2Ev
FNDA:1,_ZN42TEST_ForwardList_TestPointerData_TestShell10createTestEv
FNDA:1,_ZN37TEST_ForwardList_TestPointerData_TestC2Ev
FNDA:1,_GLOBAL__sub_I_externTestGroupForwardList
FNDA:1,_Z41__static_initialization_and_destruction_0ii
FNF:24
FNH:21
DA:8,4
DA:23,2
DA:25,2
DA:27,2
DA:29,2
DA:31,1
DA:33,2
DA:34,2
DA:35,21
DA:36,10
DA:37,10
DA:38,10
DA:39,10
DA:41,1
DA:45,8
DA:47,2
DA:49,2
DA:50,2
DA:52,1
DA:53,1
DA:55,1
DA:56,1
DA:58,1
DA:59,7
DA:60,7
DA:61,1
DA:62,1
DA:64,6
DA:66,1
DA:68,2
DA:69,2
DA:70,1
DA:71,13
DA:72,6
DA:73,6
DA:74,6
DA:75,6
DA:77,1
DA:80,9
DA:81,4
DA:82,4
DA:84,1
DA:86,1
DA:87,1
DA:88,1
DA:90,1
DA:91,1
DA:92,1
DA:93,21
DA:94,10
DA:95,10
DA:96,10
DA:97,10
DA:99,1
DA:100,1
DA:102,8
DA:104,2
DA:105,2
DA:107,1
DA:108,1
DA:110,1
DA:111,1
DA:113,1
DA:114,7
DA:115,7
DA:116,1
DA:117,1
DA:119,6
DA:121,1
DA:123,2
DA:124,2
DA:125,1
DA:126,13
DA:127,6
DA:128,6
DA:129,6
DA:130,6
DA:132,1
DA:135,9
DA:136,4
DA:137,4
DA:139,1
DA:141,1
DA:142,1
DA:143,1
DA:145,1
DA:146,1
DA:147,1
DA:148,21
DA:149,10
DA:150,10
DA:151,10
DA:152,10
DA:153,10
DA:154,10
DA:156,1
DA:158,1
DA:159,4
LF:98
LH:98
end_of_record
SF:/home/yuanqin/myproject/DataX/unit-test/build/TestObject.h
FN:9,_ZN11CTestObjectC2EPKc
FN:10,_ZN11CTestObjectD2Ev
FN:10,_ZN11CTestObjectD0Ev
FN:12,_ZNK11CTestObject4NameEv
FNDA:0,_ZN11CTestObjectC2EPKc
FNDA:0,_ZN11CTestObjectD0Ev
FNDA:0,_ZN11CTestObjectD2Ev
FNDA:0,_ZNK11CTestObject4NameEv
FNF:4
FNH:0
DA:9,0
DA:10,0
DA:12,0
LF:3
LH:0
end_of_record
SF:/home/yuanqin/myproject/DataX/unit-test/include/CppUTest/Utest.h
FN:62,_ZN14TestTerminatorC2Ev
FN:69,_ZN20NormalTestTerminatorC2Ev
FNDA:0,_ZN14TestTerminatorC2Ev
FNDA:0,_ZN20NormalTestTerminatorC2Ev
FNF:2
FNH:0
DA:62,0
DA:69,0
LF:2
LH:0
end_of_record
